TN:
SF:src/interviewUtils.ts
FN:24,__name
FN:43,assertState
FN:63,generateId
FN:68,findLast
FN:75,calcAvgScore
FN:82,buildTranscript
FN:88,buildSummary
FN:103,buildReport
FN:229,summarizeGap
FN:235,dedupeWeakEvaluations
FN:247,buildEndInterviewRecommendations
FN:329,mapScoreToDifficulty
FN:336,topicToTags
FN:348,buildFlashcardBack
FN:369,generateFlashcards
FN:409,mergeConceptsIntoGraph
FNF:16
FNH:13
FNDA:135,__name
FNDA:115,assertState
FNDA:0,generateId
FNDA:0,findLast
FNDA:19,calcAvgScore
FNDA:4,buildTranscript
FNDA:5,buildSummary
FNDA:0,buildReport
FNDA:7,summarizeGap
FNDA:14,dedupeWeakEvaluations
FNDA:14,buildEndInterviewRecommendations
FNDA:13,mapScoreToDifficulty
FNDA:13,topicToTags
FNDA:13,buildFlashcardBack
FNDA:14,generateFlashcards
FNDA:15,mergeConceptsIntoGraph
DA:1,1
DA:2,1
DA:3,1
DA:4,1
DA:5,1
DA:6,1
DA:7,1
DA:8,1
DA:9,1
DA:10,1
DA:11,1
DA:12,1
DA:13,1
DA:14,1
DA:15,1
DA:16,1
DA:17,1
DA:18,1
DA:19,1
DA:20,1
DA:21,1
DA:22,1
DA:23,1
DA:24,135
DA:25,1
DA:26,1
DA:27,1
DA:28,1
DA:29,1
DA:30,1
DA:31,1
DA:32,1
DA:33,1
DA:34,1
DA:35,1
DA:36,1
DA:37,1
DA:38,1
DA:39,1
DA:40,1
DA:41,1
DA:42,1
DA:43,1
DA:44,115
DA:45,115
DA:46,115
DA:47,115
DA:48,115
DA:49,6
DA:50,6
DA:51,6
DA:52,6
DA:53,6
DA:54,6
DA:55,6
DA:56,115
DA:57,115
DA:58,1
DA:59,1
DA:60,1
DA:61,1
DA:62,1
DA:63,1
DA:64,0
DA:65,0
DA:66,1
DA:67,1
DA:68,1
DA:69,0
DA:70,0
DA:71,0
DA:72,0
DA:73,0
DA:74,1
DA:75,1
DA:76,19
DA:77,19
DA:78,16
DA:79,16
DA:80,19
DA:81,1
DA:82,1
DA:83,4
DA:84,4
DA:85,4
DA:86,4
DA:87,1
DA:88,1
DA:89,5
DA:90,5
DA:91,5
DA:92,5
DA:93,5
DA:94,5
DA:95,5
DA:96,5
DA:97,5
DA:98,5
DA:99,5
DA:100,5
DA:101,5
DA:102,1
DA:103,1
DA:104,0
DA:105,0
DA:106,0
DA:107,0
DA:108,0
DA:109,0
DA:110,0
DA:111,0
DA:112,0
DA:113,0
DA:114,0
DA:115,0
DA:116,0
DA:117,0
DA:118,0
DA:119,0
DA:120,0
DA:121,0
DA:122,0
DA:123,0
DA:124,0
DA:125,0
DA:126,0
DA:127,0
DA:128,0
DA:129,0
DA:130,0
DA:131,0
DA:132,0
DA:133,0
DA:134,0
DA:135,0
DA:136,0
DA:137,0
DA:138,0
DA:139,0
DA:140,0
DA:141,0
DA:142,0
DA:143,0
DA:144,0
DA:145,0
DA:146,0
DA:147,0
DA:148,0
DA:149,0
DA:150,0
DA:151,0
DA:152,0
DA:153,0
DA:154,0
DA:155,0
DA:156,0
DA:157,0
DA:158,0
DA:159,0
DA:160,0
DA:161,0
DA:162,0
DA:163,0
DA:164,0
DA:165,0
DA:166,0
DA:167,0
DA:168,0
DA:169,0
DA:170,0
DA:171,0
DA:172,0
DA:173,0
DA:174,0
DA:175,0
DA:176,0
DA:177,0
DA:178,0
DA:179,0
DA:180,0
DA:181,0
DA:182,0
DA:183,0
DA:184,0
DA:185,0
DA:186,0
DA:187,0
DA:188,0
DA:189,0
DA:190,0
DA:191,0
DA:192,0
DA:193,0
DA:194,1
DA:195,1
DA:196,1
DA:197,1
DA:198,1
DA:199,1
DA:200,1
DA:201,1
DA:202,1
DA:203,1
DA:204,1
DA:205,1
DA:206,1
DA:207,1
DA:208,1
DA:209,1
DA:210,1
DA:211,1
DA:212,1
DA:213,1
DA:214,1
DA:215,1
DA:216,1
DA:217,1
DA:218,1
DA:219,1
DA:220,1
DA:221,1
DA:222,1
DA:223,1
DA:224,1
DA:225,1
DA:226,1
DA:227,1
DA:228,1
DA:229,7
DA:230,7
DA:231,7
DA:232,7
DA:233,7
DA:234,1
DA:235,14
DA:236,14
DA:237,14
DA:238,25
DA:239,25
DA:240,25
DA:241,7
DA:242,7
DA:243,25
DA:244,14
DA:245,14
DA:246,1
DA:247,1
DA:248,14
DA:249,14
DA:250,14
DA:251,14
DA:252,14
DA:253,7
DA:254,7
DA:255,7
DA:256,7
DA:257,14
DA:258,14
DA:259,1
DA:260,1
DA:261,1
DA:262,14
DA:263,14
DA:264,14
DA:265,14
DA:266,14
DA:267,14
DA:268,14
DA:269,14
DA:270,14
DA:271,14
DA:272,14
DA:273,14
DA:274,5
DA:275,5
DA:276,7
DA:277,7
DA:278,7
DA:279,5
DA:280,5
DA:281,5
DA:282,14
DA:283,14
DA:284,1
DA:285,1
DA:286,1
DA:287,1
DA:288,1
DA:289,1
DA:290,14
DA:291,14
DA:292,14
DA:293,14
DA:294,14
DA:295,5
DA:296,5
DA:297,5
DA:298,5
DA:299,5
DA:300,5
DA:301,5
DA:302,5
DA:303,5
DA:304,5
DA:305,3
DA:306,2
DA:307,5
DA:308,9
DA:309,14
DA:310,5
DA:311,5
DA:312,5
DA:313,5
DA:314,5
DA:315,5
DA:316,5
DA:317,5
DA:318,5
DA:319,9
DA:320,14
DA:321,14
DA:322,1
DA:323,1
DA:324,1
DA:325,1
DA:326,1
DA:327,1
DA:328,1
DA:329,13
DA:330,13
DA:331,13
DA:332,13
DA:333,13
DA:334,1
DA:335,1
DA:336,13
DA:337,13
DA:338,13
DA:339,13
DA:340,13
DA:341,13
DA:342,13
DA:343,1
DA:344,1
DA:345,1
DA:346,1
DA:347,1
DA:348,13
DA:349,13
DA:350,13
DA:351,13
DA:352,13
DA:353,13
DA:354,13
DA:355,1
DA:356,1
DA:357,13
DA:358,13
DA:359,13
DA:360,1
DA:361,1
DA:362,1
DA:363,1
DA:364,1
DA:365,1
DA:366,1
DA:367,1
DA:368,1
DA:369,1
DA:370,14
DA:371,14
DA:372,14
DA:373,17
DA:374,17
DA:375,17
DA:376,14
DA:377,14
DA:378,17
DA:379,14
DA:380,14
DA:381,14
DA:382,14
DA:383,12
DA:384,12
DA:385,13
DA:386,13
DA:387,13
DA:388,13
DA:389,13
DA:390,13
DA:391,13
DA:392,13
DA:393,13
DA:394,13
DA:395,13
DA:396,13
DA:397,13
DA:398,13
DA:399,13
DA:400,13
DA:401,13
DA:402,12
DA:403,14
DA:404,1
DA:405,1
DA:406,1
DA:407,1
DA:408,1
DA:409,1
DA:410,15
DA:411,15
DA:412,15
DA:413,15
DA:414,15
DA:415,24
DA:416,24
DA:417,24
DA:418,24
DA:419,24
DA:420,24
DA:421,24
DA:422,24
DA:423,85
DA:424,22
DA:425,7
DA:426,2
DA:427,24
DA:428,24
DA:429,23
DA:430,24
DA:431,15
DA:432,15
DA:433,15
DA:434,15
DA:435,15
DA:436,29
DA:437,29
DA:438,29
DA:439,29
DA:440,7
DA:441,3
DA:442,3
DA:443,7
DA:444,29
DA:445,22
DA:446,22
DA:447,29
DA:448,15
DA:449,15
DA:450,15
DA:451,29
DA:452,23
DA:453,23
DA:454,29
DA:455,29
DA:456,15
DA:457,15
DA:458,23
DA:459,29
DA:460,6
DA:461,6
DA:462,29
DA:463,23
DA:464,15
DA:465,15
DA:466,15
DA:467,29
DA:468,29
DA:469,29
DA:470,29
DA:471,29
DA:472,15
DA:473,15
DA:474,15
DA:475,27
DA:476,19
DA:477,19
DA:478,19
DA:479,19
DA:480,19
DA:481,19
DA:482,19
DA:483,19
DA:484,19
DA:485,19
DA:486,19
DA:487,13
DA:488,13
DA:489,19
DA:490,19
DA:491,27
DA:492,15
DA:493,5
DA:494,5
DA:495,5
DA:496,5
DA:497,5
DA:498,5
DA:499,5
DA:500,15
DA:501,15
DA:502,15
DA:503,15
LF:503
LH:406
BRDA:24,0,0,135
BRDA:43,1,0,115
BRDA:48,2,0,6
BRDA:56,3,0,109
BRDA:75,4,0,19
BRDA:76,5,0,3
BRDA:77,6,0,16
BRDA:78,7,0,26
BRDA:82,8,0,4
BRDA:84,9,0,7
BRDA:88,10,0,5
BRDA:99,11,0,2
BRDA:92,12,0,7
BRDA:229,13,0,7
BRDA:231,14,0,0
BRDA:232,15,0,0
BRDA:235,16,0,14
BRDA:237,17,0,25
BRDA:238,18,0,18
BRDA:239,19,0,17
BRDA:239,20,0,7
BRDA:240,21,0,0
BRDA:240,22,0,7
BRDA:244,23,0,2
BRDA:247,24,0,14
BRDA:265,25,0,5
BRDA:266,26,0,9
BRDA:266,27,0,5
BRDA:273,28,0,5
BRDA:283,29,0,1
BRDA:292,30,0,9
BRDA:294,31,0,5
BRDA:304,32,0,3
BRDA:305,33,0,2
BRDA:307,34,0,9
BRDA:309,35,0,13
BRDA:309,36,0,9
BRDA:309,37,0,5
BRDA:318,38,0,9
BRDA:252,39,0,7
BRDA:258,40,0,1
BRDA:275,41,0,7
BRDA:277,42,0,6
BRDA:277,43,0,1
BRDA:285,44,0,1
BRDA:329,45,0,13
BRDA:330,46,0,8
BRDA:331,47,0,5
BRDA:332,48,0,0
BRDA:336,49,0,13
BRDA:348,50,0,13
BRDA:354,51,0,1
BRDA:354,52,0,1
BRDA:369,53,0,14
BRDA:372,54,0,17
BRDA:373,55,0,3
BRDA:374,56,0,14
BRDA:375,57,0,1
BRDA:375,58,0,14
BRDA:380,59,0,2
BRDA:382,60,0,12
BRDA:384,61,0,13
BRDA:409,62,0,15
BRDA:435,63,0,29
BRDA:439,64,0,7
BRDA:440,65,0,3
BRDA:444,66,0,22
BRDA:450,67,0,29
BRDA:451,68,0,23
BRDA:457,69,0,23
BRDA:458,70,0,29
BRDA:459,71,0,6
BRDA:466,72,0,29
BRDA:468,73,0,27
BRDA:474,74,0,27
BRDA:475,75,0,19
BRDA:486,76,0,13
BRDA:492,77,0,5
BRDA:501,78,0,14
BRDA:414,79,0,24
BRDA:428,80,0,1
BRDA:428,81,0,23
BRDA:422,82,0,85
BRDA:423,83,0,22
BRDA:424,84,0,7
BRDA:425,85,0,2
BRDA:438,86,0,28
BRDA:480,87,0,19
BRF:88
BRH:84
end_of_record
TN:
SF:src/progress.ts
FN:10,__name
FN:10,getSessionKind
FN:19,getSessionWeight
FN:27,getEndedAt
FN:31,numericAvg
FN:36,formatRate
FN:41,formatDelta
FN:46,formatAvg
FN:51,buildProgressOverview
FNF:9
FNH:9
FNDA:8,__name
FNDA:10,getSessionKind
FNDA:7,getSessionWeight
FNDA:29,getEndedAt
FNDA:30,numericAvg
FNDA:10,formatRate
FNDA:6,formatDelta
FNDA:21,formatAvg
FNDA:3,buildProgressOverview
DA:1,1
DA:2,1
DA:3,1
DA:4,1
DA:5,1
DA:6,1
DA:7,1
DA:8,1
DA:9,1
DA:10,10
DA:11,10
DA:12,10
DA:13,1
DA:14,1
DA:15,1
DA:16,1
DA:17,1
DA:18,1
DA:19,7
DA:20,7
DA:21,7
DA:22,7
DA:23,7
DA:24,0
DA:25,7
DA:26,1
DA:27,29
DA:28,29
DA:29,29
DA:30,1
DA:31,30
DA:32,30
DA:33,30
DA:34,30
DA:35,1
DA:36,10
DA:37,10
DA:38,10
DA:39,10
DA:40,1
DA:41,6
DA:42,6
DA:43,6
DA:44,6
DA:45,1
DA:46,21
DA:47,21
DA:48,21
DA:49,21
DA:50,1
DA:51,1
DA:52,3
DA:53,3
DA:54,3
DA:55,3
DA:56,3
DA:57,3
DA:58,3
DA:59,3
DA:60,3
DA:61,3
DA:62,3
DA:63,3
DA:64,3
DA:65,3
DA:66,3
DA:67,3
DA:68,3
DA:69,3
DA:70,3
DA:71,3
DA:72,3
DA:73,7
DA:74,7
DA:75,7
DA:76,7
DA:77,7
DA:78,7
DA:79,3
DA:80,3
DA:81,3
DA:82,3
DA:83,7
DA:84,7
DA:85,3
DA:86,3
DA:87,3
DA:88,7
DA:89,7
DA:90,7
DA:91,7
DA:92,7
DA:93,3
DA:94,3
DA:95,3
DA:96,4
DA:97,4
DA:98,4
DA:99,4
DA:100,4
DA:101,4
DA:102,4
DA:103,4
DA:104,4
DA:105,4
DA:106,4
DA:107,0
DA:108,4
DA:109,4
DA:110,4
DA:111,4
DA:112,4
DA:113,4
DA:114,4
DA:115,4
DA:116,3
DA:117,3
DA:118,2
DA:119,2
DA:120,2
DA:121,3
DA:122,3
DA:123,3
DA:124,3
DA:125,3
DA:126,3
DA:127,2
DA:128,2
DA:129,2
DA:130,2
DA:131,2
DA:132,2
DA:133,2
DA:134,2
DA:135,2
DA:136,2
DA:137,2
DA:138,2
DA:139,2
DA:140,2
DA:141,3
DA:142,3
DA:143,3
DA:144,3
DA:145,3
DA:146,3
DA:147,3
DA:148,3
DA:149,3
DA:150,3
DA:151,3
DA:152,3
DA:153,3
DA:154,3
DA:155,3
DA:156,3
DA:157,3
DA:158,3
DA:159,3
DA:160,3
DA:161,3
DA:162,3
DA:163,3
DA:164,3
DA:165,3
DA:166,6
DA:167,6
DA:168,6
DA:169,6
DA:170,6
DA:171,6
DA:172,6
DA:173,6
DA:174,6
DA:175,3
DA:176,3
DA:177,7
DA:178,7
DA:179,7
DA:180,7
DA:181,3
DA:182,3
DA:183,3
DA:184,3
DA:185,3
LF:185
LH:183
BRDA:10,0,0,8
BRDA:10,1,0,10
BRDA:11,2,0,0
BRDA:19,3,0,7
BRDA:20,4,0,6
BRDA:21,5,0,1
BRDA:21,6,0,0
BRDA:22,7,0,1
BRDA:23,8,0,0
BRDA:27,9,0,29
BRDA:28,10,0,4
BRDA:31,11,0,30
BRDA:32,12,0,2
BRDA:33,13,0,28
BRDA:33,14,0,30
BRDA:36,15,0,10
BRDA:37,16,0,2
BRDA:38,17,0,8
BRDA:41,18,0,6
BRDA:43,19,0,2
BRDA:43,20,0,4
BRDA:46,21,0,21
BRDA:47,22,0,3
BRDA:48,23,0,18
BRDA:51,24,0,3
BRDA:72,25,0,7
BRDA:79,26,0,1
BRDA:79,27,0,2
BRDA:82,28,0,7
BRDA:87,29,0,7
BRDA:89,30,0,4
BRDA:161,31,0,2
BRDA:161,32,0,1
BRDA:162,33,0,2
BRDA:162,34,0,1
BRDA:56,35,0,9
BRDA:57,36,0,8
BRDA:57,37,0,4
BRDA:61,38,0,5
BRDA:64,39,0,7
BRDA:65,40,0,7
BRDA:66,41,0,7
BRDA:95,42,0,4
BRDA:106,43,0,0
BRDA:96,44,0,7
BRDA:101,45,0,7
BRDA:108,46,0,7
BRDA:117,47,0,2
BRDA:120,48,0,0
BRDA:125,49,0,4
BRDA:126,50,0,2
BRDA:165,51,0,6
BRDA:173,52,0,6
BRDA:174,53,0,6
BRDA:176,54,0,7
BRF:55
BRH:50
end_of_record
TN:
SF:src/srsUtils.ts
FN:19,__name
FN:23,toQuality
FN:36,applySM2
FN:74,isDue
FN:81,ratingLabel
FNF:5
FNH:5
FNDA:12,__name
FNDA:5,toQuality
FNDA:5,applySM2
FNDA:7,isDue
FNDA:5,ratingLabel
DA:1,1
DA:2,1
DA:3,1
DA:4,1
DA:5,1
DA:6,1
DA:7,1
DA:8,1
DA:9,1
DA:10,1
DA:11,1
DA:12,1
DA:13,1
DA:14,1
DA:15,1
DA:16,1
DA:17,1
DA:18,1
DA:19,1
DA:20,1
DA:21,1
DA:22,1
DA:23,5
DA:24,5
DA:25,5
DA:26,1
DA:27,5
DA:28,5
DA:29,5
DA:30,5
DA:31,1
DA:32,1
DA:33,1
DA:34,1
DA:35,1
DA:36,1
DA:37,5
DA:38,5
DA:39,5
DA:40,5
DA:41,5
DA:42,5
DA:43,5
DA:44,5
DA:45,2
DA:46,2
DA:47,2
DA:48,2
DA:49,5
DA:50,3
DA:51,3
DA:52,3
DA:53,3
DA:54,2
DA:55,1
DA:56,3
DA:57,3
DA:58,3
DA:59,3
DA:60,3
DA:61,5
DA:62,5
DA:63,5
DA:64,5
DA:65,5
DA:66,5
DA:67,5
DA:68,5
DA:69,5
DA:70,1
DA:71,1
DA:72,1
DA:73,1
DA:74,1
DA:75,7
DA:76,7
DA:77,1
DA:78,1
DA:79,1
DA:80,1
DA:81,1
DA:82,5
DA:83,5
DA:84,1
DA:85,5
DA:86,5
DA:87,5
DA:88,5
LF:88
LH:88
BRDA:19,0,0,12
BRDA:23,1,0,5
BRDA:25,2,0,1
BRDA:27,3,0,2
BRDA:28,4,0,1
BRDA:36,5,0,5
BRDA:44,6,0,2
BRDA:49,7,0,3
BRDA:53,8,0,1
BRDA:53,9,0,2
BRDA:54,10,0,1
BRDA:74,11,0,7
BRDA:81,12,0,5
BRDA:83,13,0,1
BRDA:85,14,0,2
BRDA:86,15,0,1
BRF:16
BRH:16
end_of_record
TN:
SF:src/content/analyzer.ts
FN:9,__name
FN:37,detectGaps
FN:47,detectContentType
FN:64,discoverScopeFiles
FNF:4
FNH:4
FNDA:9,__name
FNDA:4,detectGaps
FNDA:2,detectContentType
FNDA:2,discoverScopeFiles
DA:1,1
DA:2,1
DA:3,1
DA:4,1
DA:5,1
DA:6,1
DA:7,1
DA:8,1
DA:9,1
DA:10,1
DA:11,1
DA:12,1
DA:13,1
DA:14,1
DA:15,1
DA:16,1
DA:17,1
DA:18,1
DA:19,1
DA:20,1
DA:21,1
DA:22,1
DA:23,1
DA:24,1
DA:25,1
DA:26,1
DA:27,1
DA:28,1
DA:29,1
DA:30,1
DA:31,1
DA:32,1
DA:33,1
DA:34,1
DA:35,1
DA:36,1
DA:37,1
DA:38,4
DA:39,4
DA:40,4
DA:41,4
DA:42,1
DA:43,1
DA:44,1
DA:45,1
DA:46,1
DA:47,1
DA:48,2
DA:49,2
DA:50,2
DA:51,2
DA:52,2
DA:53,2
DA:54,2
DA:55,2
DA:56,2
DA:57,2
DA:58,2
DA:59,2
DA:60,2
DA:61,2
DA:62,2
DA:63,1
DA:64,1
DA:65,2
DA:66,2
DA:67,2
DA:68,2
DA:69,2
DA:70,2
DA:71,2
DA:72,2
DA:73,2
DA:74,2
DA:75,2
DA:76,2
DA:77,4
DA:78,4
DA:79,4
DA:80,4
DA:81,4
DA:82,4
DA:83,4
DA:84,4
DA:85,4
DA:86,4
DA:87,4
DA:88,4
DA:89,4
DA:90,4
DA:91,4
DA:92,4
DA:93,4
DA:94,4
DA:95,4
DA:96,2
DA:97,2
DA:98,2
DA:99,2
DA:100,2
DA:101,2
DA:102,2
DA:103,2
LF:103
LH:103
BRDA:9,0,0,9
BRDA:37,1,0,4
BRDA:39,2,0,44
BRDA:40,3,0,44
BRDA:47,4,0,2
BRDA:61,5,0,1
BRDA:60,6,0,20
BRDA:64,7,0,2
BRDA:65,8,0,0
BRDA:102,9,0,0
BRDA:71,10,0,4
BRDA:74,11,0,4
BRDA:74,12,0,4
BRDA:76,13,0,4
BRDA:79,14,0,0
BRDA:78,15,0,8
BRDA:85,16,0,35
BRDA:86,17,0,35
BRDA:99,18,0,4
BRF:19
BRH:16
end_of_record
TN:
SF:src/content/parser.ts
FN:26,__name
FN:26,capitalise
FN:31,extractEndpoints
FN:51,extractModels
FN:57,modelNameFrom
FN:105,extractRules
FN:119,extractNotes
FN:131,extractSpec
FNF:8
FNH:8
FNDA:23,__name
FNDA:10,capitalise
FNDA:5,extractEndpoints
FNDA:5,extractModels
FNDA:5,modelNameFrom
FNDA:5,extractRules
FNDA:5,extractNotes
FNDA:5,extractSpec
DA:1,1
DA:2,1
DA:3,1
DA:4,1
DA:5,1
DA:6,1
DA:7,1
DA:8,1
DA:9,1
DA:10,1
DA:11,1
DA:12,1
DA:13,1
DA:14,1
DA:15,1
DA:16,1
DA:17,1
DA:18,1
DA:19,1
DA:20,1
DA:21,1
DA:22,1
DA:23,1
DA:24,1
DA:25,1
DA:26,10
DA:27,10
DA:28,10
DA:29,1
DA:30,1
DA:31,1
DA:32,5
DA:33,5
DA:34,5
DA:35,5
DA:36,10
DA:37,10
DA:38,10
DA:39,10
DA:40,10
DA:41,10
DA:42,5
DA:43,5
DA:44,1
DA:45,1
DA:46,1
DA:47,1
DA:48,1
DA:49,1
DA:50,1
DA:51,1
DA:52,5
DA:53,5
DA:54,5
DA:55,5
DA:56,5
DA:57,5
DA:58,5
DA:59,5
DA:60,5
DA:61,5
DA:62,5
DA:63,5
DA:64,5
DA:65,5
DA:66,5
DA:67,5
DA:68,49
DA:69,49
DA:70,49
DA:71,5
DA:72,5
DA:73,49
DA:74,10
DA:75,10
DA:76,10
DA:77,10
DA:78,15
DA:79,15
DA:80,15
DA:81,15
DA:82,10
DA:83,10
DA:84,49
DA:85,49
DA:86,49
DA:87,49
DA:88,5
DA:89,0
DA:90,0
DA:91,0
DA:92,0
DA:93,0
DA:94,0
DA:95,0
DA:96,0
DA:97,5
DA:98,5
DA:99,5
DA:100,1
DA:101,1
DA:102,1
DA:103,1
DA:104,1
DA:105,1
DA:106,5
DA:107,5
DA:108,5
DA:109,5
DA:110,5
DA:111,49
DA:112,35
DA:113,10
DA:114,5
DA:115,5
DA:116,5
DA:117,1
DA:118,1
DA:119,1
DA:120,5
DA:121,5
DA:122,5
DA:123,5
DA:124,49
DA:125,35
DA:126,5
DA:127,5
DA:128,5
DA:129,1
DA:130,1
DA:131,1
DA:132,5
DA:133,5
DA:134,5
DA:135,5
DA:136,5
DA:137,5
DA:138,5
LF:138
LH:130
BRDA:26,0,0,23
BRDA:26,1,0,10
BRDA:31,2,0,5
BRDA:35,3,0,10
BRDA:39,4,0,0
BRDA:51,5,0,5
BRDA:67,6,0,49
BRDA:68,7,0,44
BRDA:70,8,0,5
BRDA:73,9,0,10
BRDA:75,10,0,5
BRDA:75,11,0,3
BRDA:75,12,0,8
BRDA:75,13,0,2
BRDA:76,14,0,3
BRDA:76,15,0,7
BRDA:76,16,0,3
BRDA:77,17,0,5
BRDA:77,18,0,15
BRDA:82,19,0,5
BRDA:84,20,0,5
BRDA:88,21,0,0
BRDA:57,22,0,5
BRDA:58,23,0,0
BRDA:62,24,0,0
BRDA:78,25,0,15
BRDA:105,26,0,5
BRDA:109,27,0,49
BRDA:110,28,0,49
BRDA:111,29,0,35
BRDA:112,30,0,10
BRDA:119,31,0,5
BRDA:122,32,0,49
BRDA:123,33,0,49
BRDA:124,34,0,35
BRDA:131,35,0,5
BRF:36
BRH:32
end_of_record
TN:
SF:src/content/questionBuilder.ts
FN:8,__name
FN:13,buildAlgorithmQuestions
FN:37,polishContent
FN:103,buildQuestions
FNF:4
FNH:4
FNDA:9,__name
FNDA:1,buildAlgorithmQuestions
FNDA:2,polishContent
FNDA:2,buildQuestions
DA:1,1
DA:2,1
DA:3,1
DA:4,1
DA:5,1
DA:6,1
DA:7,1
DA:8,1
DA:9,1
DA:10,1
DA:11,1
DA:12,1
DA:13,1
DA:14,1
DA:15,1
DA:16,1
DA:17,1
DA:18,1
DA:19,1
DA:20,1
DA:21,1
DA:22,1
DA:23,1
DA:24,1
DA:25,1
DA:26,1
DA:27,1
DA:28,1
DA:29,1
DA:30,1
DA:31,1
DA:32,1
DA:33,1
DA:34,1
DA:35,1
DA:36,1
DA:37,1
DA:38,2
DA:39,2
DA:40,2
DA:41,2
DA:42,2
DA:43,2
DA:44,2
DA:45,2
DA:46,2
DA:47,2
DA:48,2
DA:49,2
DA:50,4
DA:51,4
DA:52,2
DA:53,0
DA:54,0
DA:55,2
DA:56,2
DA:57,2
DA:58,2
DA:59,2
DA:60,2
DA:61,2
DA:62,2
DA:63,2
DA:64,6
DA:65,6
DA:66,2
DA:67,2
DA:68,2
DA:69,2
DA:70,2
DA:71,2
DA:72,2
DA:73,2
DA:74,0
DA:75,0
DA:76,2
DA:77,2
DA:78,2
DA:79,2
DA:80,2
DA:81,2
DA:82,2
DA:83,2
DA:84,2
DA:85,2
DA:86,2
DA:87,2
DA:88,2
DA:89,2
DA:90,22
DA:91,22
DA:92,2
DA:93,2
DA:94,2
DA:95,2
DA:96,2
DA:97,2
DA:98,2
DA:99,2
DA:100,2
DA:101,1
DA:102,1
DA:103,1
DA:104,2
DA:105,2
DA:106,2
DA:107,2
DA:108,2
DA:109,2
DA:110,2
DA:111,0
DA:112,2
DA:113,2
DA:114,2
DA:115,2
DA:116,2
DA:117,2
DA:118,2
DA:119,2
DA:120,2
DA:121,2
DA:122,2
DA:123,2
DA:124,2
DA:125,2
DA:126,2
DA:127,2
DA:128,2
DA:129,2
DA:130,2
DA:131,2
DA:132,2
DA:133,2
DA:134,2
DA:135,2
DA:136,2
DA:137,2
DA:138,2
DA:139,2
DA:140,2
DA:141,2
DA:142,2
DA:143,2
DA:144,2
DA:145,2
DA:146,2
DA:147,2
DA:148,1
DA:149,1
LF:149
LH:144
BRDA:8,0,0,9
BRDA:13,1,0,1
BRDA:37,2,0,2
BRDA:49,3,0,4
BRDA:50,4,0,0
BRDA:52,5,0,0
BRDA:63,6,0,6
BRDA:73,7,0,0
BRDA:89,8,0,22
BRDA:72,9,0,4
BRDA:103,10,0,2
BRDA:110,11,0,0
BRDA:114,12,0,0
BRDA:116,13,0,0
BRDA:123,14,0,0
BRDA:110,15,0,4
BRDA:113,16,0,2
BRDA:113,17,0,6
BRF:18
BRH:11
end_of_record
TN:
SF:src/db/client.ts
FN:1,__name
FN:11,ensureParentDir
FN:16,ensureDbParentDir
FN:20,resolveDbPath
FN:24,createSqliteClient
FN:29,createDb
FNF:6
FNH:3
FNDA:10,__name
FNDA:14,ensureParentDir
FNDA:0,ensureDbParentDir
FNDA:0,resolveDbPath
FNDA:14,createSqliteClient
FNDA:0,createDb
DA:1,1
DA:2,1
DA:3,1
DA:4,1
DA:5,1
DA:6,1
DA:7,1
DA:8,1
DA:9,1
DA:10,1
DA:11,14
DA:12,14
DA:13,14
DA:14,14
DA:15,1
DA:16,1
DA:17,0
DA:18,0
DA:19,1
DA:20,1
DA:21,0
DA:22,0
DA:23,1
DA:24,1
DA:25,14
DA:26,14
DA:27,14
DA:28,1
DA:29,1
DA:30,0
DA:31,0
DA:32,0
DA:33,0
DA:34,0
DA:35,0
DA:36,1
DA:37,1
LF:37
LH:27
BRDA:1,0,0,10
BRDA:11,1,0,14
BRDA:13,2,0,0
BRDA:24,3,0,14
BRF:4
BRH:3
end_of_record
TN:
SF:src/db/schema.ts
FN:32,sqliteTable.sessionId.text.notNull.references.onDelete
FN:45,sqliteTable.sessionId.text.notNull.references.onDelete
FN:60,sqliteTable.sessionId.text.notNull.references.onDelete
FN:79,sqliteTable.sessionId.text.notNull.references.onDelete
FN:108,sqliteTable.flashcardId.text.notNull.references.onDelete
FN:120,sqliteTable.flashcardId.text.notNull.references.onDelete
FN:138,sqliteTable.nodeId.text.notNull.references.onDelete
FN:150,sqliteTable.source.text.notNull.references.onDelete
FN:151,sqliteTable.target.text.notNull.references.onDelete
FN:168,sqliteTable.sessionId.text.notNull.unique.references.onDelete
FNF:10
FNH:0
FNDA:0,sqliteTable.sessionId.text.notNull.references.onDelete
FNDA:0,sqliteTable.sessionId.text.notNull.references.onDelete
FNDA:0,sqliteTable.sessionId.text.notNull.references.onDelete
FNDA:0,sqliteTable.sessionId.text.notNull.references.onDelete
FNDA:0,sqliteTable.flashcardId.text.notNull.references.onDelete
FNDA:0,sqliteTable.flashcardId.text.notNull.references.onDelete
FNDA:0,sqliteTable.nodeId.text.notNull.references.onDelete
FNDA:0,sqliteTable.source.text.notNull.references.onDelete
FNDA:0,sqliteTable.target.text.notNull.references.onDelete
FNDA:0,sqliteTable.sessionId.text.notNull.unique.references.onDelete
DA:1,1
DA:2,1
DA:3,1
DA:4,1
DA:5,1
DA:6,1
DA:7,1
DA:8,1
DA:9,1
DA:10,1
DA:11,1
DA:12,1
DA:13,1
DA:14,1
DA:15,1
DA:16,1
DA:17,1
DA:18,1
DA:19,1
DA:20,1
DA:21,1
DA:22,1
DA:23,1
DA:24,1
DA:25,1
DA:26,1
DA:27,1
DA:28,1
DA:29,1
DA:30,1
DA:31,1
DA:32,1
DA:33,1
DA:34,1
DA:35,1
DA:36,1
DA:37,14
DA:38,14
DA:39,1
DA:40,1
DA:41,1
DA:42,1
DA:43,1
DA:44,1
DA:45,1
DA:46,1
DA:47,1
DA:48,1
DA:49,1
DA:50,1
DA:51,1
DA:52,14
DA:53,14
DA:54,1
DA:55,1
DA:56,1
DA:57,1
DA:58,1
DA:59,1
DA:60,1
DA:61,1
DA:62,1
DA:63,1
DA:64,1
DA:65,1
DA:66,1
DA:67,1
DA:68,1
DA:69,1
DA:70,1
DA:71,1
DA:72,1
DA:73,14
DA:74,14
DA:75,1
DA:76,1
DA:77,1
DA:78,1
DA:79,1
DA:80,1
DA:81,1
DA:82,1
DA:83,1
DA:84,1
DA:85,1
DA:86,1
DA:87,1
DA:88,1
DA:89,1
DA:90,1
DA:91,1
DA:92,1
DA:93,1
DA:94,1
DA:95,1
DA:96,1
DA:97,1
DA:98,1
DA:99,1
DA:100,1
DA:101,1
DA:102,1
DA:103,1
DA:104,1
DA:105,1
DA:106,1
DA:107,1
DA:108,1
DA:109,1
DA:110,1
DA:111,1
DA:112,14
DA:113,14
DA:114,1
DA:115,1
DA:116,1
DA:117,1
DA:118,1
DA:119,1
DA:120,1
DA:121,1
DA:122,1
DA:123,1
DA:124,1
DA:125,14
DA:126,14
DA:127,1
DA:128,1
DA:129,1
DA:130,1
DA:131,1
DA:132,1
DA:133,1
DA:134,1
DA:135,1
DA:136,1
DA:137,1
DA:138,1
DA:139,1
DA:140,1
DA:141,1
DA:142,14
DA:143,14
DA:144,1
DA:145,1
DA:146,1
DA:147,1
DA:148,1
DA:149,1
DA:150,1
DA:151,1
DA:152,1
DA:153,1
DA:154,1
DA:155,1
DA:156,1
DA:157,14
DA:158,14
DA:159,14
DA:160,14
DA:161,14
DA:162,14
DA:163,14
DA:164,1
DA:165,1
DA:166,1
DA:167,1
DA:168,1
DA:169,1
DA:170,1
DA:171,1
DA:172,1
DA:173,1
DA:174,1
DA:175,1
DA:176,1
DA:177,1
DA:178,1
DA:179,1
DA:180,1
DA:181,1
DA:182,1
DA:183,1
DA:184,1
DA:185,1
DA:186,1
DA:187,1
DA:188,1
DA:189,1
DA:190,1
DA:191,1
DA:192,1
DA:193,1
DA:194,1
DA:195,1
DA:196,1
DA:197,1
DA:198,1
DA:199,1
DA:200,1
DA:201,1
DA:202,1
DA:203,1
DA:204,1
DA:205,1
DA:206,1
DA:207,14
DA:208,14
DA:209,14
DA:210,14
DA:211,14
DA:212,1
DA:213,1
DA:214,1
DA:215,14
DA:216,14
DA:217,14
DA:218,14
DA:219,1
DA:220,1
DA:221,1
DA:222,14
DA:223,14
DA:224,14
DA:225,14
DA:226,1
DA:227,1
DA:228,1
DA:229,14
DA:230,14
DA:231,14
DA:232,14
DA:233,1
DA:234,1
DA:235,1
DA:236,14
DA:237,14
DA:238,14
DA:239,14
DA:240,1
DA:241,1
DA:242,1
DA:243,14
DA:244,14
DA:245,14
DA:246,14
DA:247,14
DA:248,14
DA:249,1
DA:250,1
DA:251,1
DA:252,14
DA:253,14
DA:254,14
DA:255,14
DA:256,1
DA:257,1
DA:258,1
DA:259,14
DA:260,14
DA:261,14
DA:262,14
DA:263,1
DA:264,1
DA:265,1
DA:266,14
DA:267,1
DA:268,1
DA:269,1
DA:270,14
DA:271,14
DA:272,14
DA:273,14
DA:274,1
LF:274
LH:274
BRDA:36,0,0,14
BRDA:51,1,0,14
BRDA:72,2,0,14
BRDA:111,3,0,14
BRDA:124,4,0,14
BRDA:141,5,0,14
BRDA:156,6,0,14
BRDA:206,7,0,14
BRDA:214,8,0,14
BRDA:221,9,0,14
BRDA:228,10,0,14
BRDA:235,11,0,14
BRDA:242,12,0,14
BRDA:251,13,0,14
BRDA:258,14,0,14
BRDA:265,15,0,14
BRDA:269,16,0,14
BRF:17
BRH:17
end_of_record
TN:
SF:src/db/repositories/createRepositories.ts
FN:2,__name
FN:10,createSqliteRepositories
FNF:2
FNH:2
FNDA:2,__name
FNDA:14,createSqliteRepositories
DA:1,1
DA:2,1
DA:3,1
DA:4,1
DA:5,1
DA:6,1
DA:7,1
DA:8,1
DA:9,1
DA:10,1
DA:11,14
DA:12,14
DA:13,14
DA:14,14
DA:15,14
DA:16,14
DA:17,14
DA:18,14
DA:19,14
LF:19
LH:19
BRDA:2,0,0,2
BRDA:10,1,0,14
BRF:2
BRH:2
end_of_record
TN:
SF:src/db/repositories/sqliteExerciseRepository.ts
FN:1,__name
FN:8,SQLiteExerciseRepository
FN:1,<static_initializer>
FN:10,list
FN:33,findByName
FN:38,findBySlug
FN:43,insert
FN:47,hydrate
FN:65,dehydrate
FNF:9
FNH:9
FNDA:2,__name
FNDA:14,SQLiteExerciseRepository
FNDA:2,<static_initializer>
FNDA:6,list
FNDA:2,findByName
FNDA:2,findBySlug
FNDA:3,insert
FNDA:15,hydrate
FNDA:3,dehydrate
DA:1,2
DA:2,2
DA:3,2
DA:4,2
DA:5,2
DA:6,2
DA:7,2
DA:8,1
DA:9,1
DA:10,1
DA:11,6
DA:12,6
DA:13,6
DA:14,1
DA:15,6
DA:16,2
DA:17,5
DA:18,1
DA:19,1
DA:20,6
DA:21,6
DA:22,6
DA:23,6
DA:24,6
DA:25,6
DA:26,6
DA:27,6
DA:28,13
DA:29,13
DA:30,6
DA:31,6
DA:32,1
DA:33,1
DA:34,2
DA:35,2
DA:36,2
DA:37,1
DA:38,1
DA:39,2
DA:40,2
DA:41,2
DA:42,1
DA:43,1
DA:44,3
DA:45,3
DA:46,1
DA:47,1
DA:48,15
DA:49,15
DA:50,15
DA:51,15
DA:52,15
DA:53,15
DA:54,15
DA:55,15
DA:56,15
DA:57,15
DA:58,15
DA:59,15
DA:60,15
DA:61,15
DA:62,15
DA:63,15
DA:64,1
DA:65,1
DA:66,3
DA:67,3
DA:68,3
DA:69,3
DA:70,3
DA:71,3
DA:72,3
DA:73,3
DA:74,3
DA:75,3
DA:76,3
DA:77,3
DA:78,3
DA:79,3
DA:80,3
DA:81,3
DA:82,1
LF:82
LH:82
BRDA:1,0,0,2
BRDA:8,1,0,14
BRDA:1,2,0,2
BRDA:10,3,0,6
BRDA:13,4,0,3
BRDA:13,5,0,1
BRDA:15,6,0,5
BRDA:15,7,0,2
BRDA:17,8,0,3
BRDA:17,9,0,1
BRDA:21,10,0,4
BRDA:21,11,0,4
BRDA:26,12,0,13
BRDA:27,13,0,13
BRDA:28,14,0,8
BRDA:29,15,0,5
BRDA:29,16,0,9
BRDA:33,17,0,2
BRDA:35,18,0,1
BRDA:38,19,0,2
BRDA:40,20,0,1
BRDA:43,21,0,3
BRDA:47,22,0,15
BRDA:65,23,0,3
BRF:24
BRH:24
end_of_record
TN:
SF:src/db/repositories/sqliteFlashcardRepository.ts
FN:1,__name
FN:12,SQLiteFlashcardRepository
FN:1,<static_initializer>
FN:14,list
FN:19,getById
FN:24,save
FN:58,saveMany
FN:93,replaceAll
FN:108,deleteBySourceSessionId
FN:129,hydrate
FNF:10
FNH:10
FNDA:2,__name
FNDA:14,SQLiteFlashcardRepository
FNDA:2,<static_initializer>
FNDA:14,list
FNDA:6,getById
FNDA:9,save
FNDA:2,saveMany
FNDA:1,replaceAll
FNDA:2,deleteBySourceSessionId
FNDA:13,hydrate
DA:1,2
DA:2,2
DA:3,2
DA:4,2
DA:5,2
DA:6,2
DA:7,2
DA:8,2
DA:9,2
DA:10,2
DA:11,2
DA:12,1
DA:13,1
DA:14,1
DA:15,14
DA:16,14
DA:17,14
DA:18,1
DA:19,1
DA:20,6
DA:21,6
DA:22,6
DA:23,1
DA:24,1
DA:25,9
DA:26,9
DA:27,9
DA:28,9
DA:29,9
DA:30,9
DA:31,9
DA:32,9
DA:33,9
DA:34,9
DA:35,9
DA:36,9
DA:37,9
DA:38,9
DA:39,9
DA:40,9
DA:41,9
DA:42,9
DA:43,9
DA:44,9
DA:45,9
DA:46,9
DA:47,9
DA:48,9
DA:49,9
DA:50,9
DA:51,9
DA:52,9
DA:53,9
DA:54,9
DA:55,9
DA:56,9
DA:57,1
DA:58,1
DA:59,2
DA:60,2
DA:61,3
DA:62,3
DA:63,3
DA:64,3
DA:65,3
DA:66,3
DA:67,3
DA:68,3
DA:69,3
DA:70,3
DA:71,3
DA:72,3
DA:73,3
DA:74,3
DA:75,3
DA:76,3
DA:77,3
DA:78,3
DA:79,3
DA:80,3
DA:81,3
DA:82,3
DA:83,3
DA:84,3
DA:85,3
DA:86,3
DA:87,3
DA:88,3
DA:89,3
DA:90,2
DA:91,2
DA:92,1
DA:93,1
DA:94,1
DA:95,1
DA:96,1
DA:97,1
DA:98,1
DA:99,1
DA:100,1
DA:101,1
DA:102,1
DA:103,1
DA:104,1
DA:105,1
DA:106,1
DA:107,1
DA:108,1
DA:109,2
DA:110,2
DA:111,2
DA:112,2
DA:113,2
DA:114,2
DA:115,2
DA:116,2
DA:117,1
DA:118,1
DA:119,1
DA:120,1
DA:121,1
DA:122,1
DA:123,1
DA:124,1
DA:125,1
DA:126,1
DA:127,2
DA:128,1
DA:129,1
DA:130,13
DA:131,13
DA:132,13
DA:133,13
DA:134,13
DA:135,13
DA:136,13
DA:137,13
DA:138,13
DA:139,13
DA:140,13
DA:141,13
DA:142,13
DA:143,13
DA:144,13
DA:145,13
DA:146,13
DA:147,13
DA:148,1
LF:148
LH:148
BRDA:1,0,0,2
BRDA:12,1,0,14
BRDA:1,2,0,2
BRDA:14,3,0,14
BRDA:16,4,0,9
BRDA:19,5,0,6
BRDA:21,6,0,4
BRDA:21,7,0,2
BRDA:24,8,0,9
BRDA:27,9,0,9
BRDA:53,10,0,6
BRDA:54,11,0,0
BRDA:58,12,0,2
BRDA:59,13,0,2
BRDA:60,14,0,3
BRDA:88,15,0,0
BRDA:93,16,0,1
BRDA:94,17,0,1
BRDA:103,18,0,0
BRDA:108,19,0,2
BRDA:116,20,0,1
BRDA:114,21,0,1
BRDA:118,22,0,1
BRDA:129,23,0,13
BRDA:131,24,0,0
BRF:25
BRH:21
end_of_record
TN:
SF:src/db/repositories/sqliteGraphRepository.ts
FN:4,__name
FN:8,SQLiteGraphRepository
FN:1,<static_initializer>
FN:10,get
FN:19,save
FNF:5
FNH:5
FNDA:2,__name
FNDA:14,SQLiteGraphRepository
FNDA:2,<static_initializer>
FNDA:1,get
FNDA:1,save
DA:1,2
DA:2,2
DA:3,2
DA:4,2
DA:5,2
DA:6,2
DA:7,2
DA:8,1
DA:9,1
DA:10,1
DA:11,1
DA:12,1
DA:13,1
DA:14,1
DA:15,1
DA:16,1
DA:17,1
DA:18,1
DA:19,1
DA:20,1
DA:21,1
DA:22,1
DA:23,1
DA:24,1
DA:25,1
DA:26,1
DA:27,1
DA:28,1
DA:29,1
DA:30,1
DA:31,1
DA:32,1
DA:33,1
DA:34,1
LF:34
LH:34
BRDA:4,0,0,2
BRDA:8,1,0,14
BRDA:1,2,0,2
BRDA:10,3,0,1
BRDA:19,4,0,1
BRDA:22,5,0,1
BRF:6
BRH:6
end_of_record
TN:
SF:src/db/repositories/sqliteMistakeRepository.ts
FN:1,__name
FN:8,SQLiteMistakeRepository
FN:1,<static_initializer>
FN:10,list
FN:25,insert
FNF:5
FNH:5
FNDA:2,__name
FNDA:14,SQLiteMistakeRepository
FNDA:2,<static_initializer>
FNDA:3,list
FNDA:2,insert
DA:1,2
DA:2,2
DA:3,2
DA:4,2
DA:5,2
DA:6,2
DA:7,2
DA:8,1
DA:9,1
DA:10,1
DA:11,3
DA:12,2
DA:13,1
DA:14,3
DA:15,3
DA:16,3
DA:17,3
DA:18,3
DA:19,3
DA:20,3
DA:21,3
DA:22,3
DA:23,3
DA:24,1
DA:25,1
DA:26,2
DA:27,2
DA:28,2
DA:29,2
DA:30,2
DA:31,2
DA:32,2
DA:33,2
DA:34,2
DA:35,1
LF:35
LH:35
BRDA:1,0,0,2
BRDA:8,1,0,14
BRDA:1,2,0,2
BRDA:10,3,0,3
BRDA:11,4,0,2
BRDA:12,5,0,1
BRDA:15,6,0,3
BRDA:20,7,0,1
BRDA:25,8,0,2
BRDA:31,9,0,1
BRF:10
BRH:10
end_of_record
TN:
SF:src/db/repositories/sqliteSessionRepository.ts
FN:1,__name
FN:18,SQLiteSessionRepository
FN:1,<static_initializer>
FN:20,list
FN:25,getById
FN:30,save
FN:67,saveMany
FN:105,replaceAll
FN:124,deleteById
FN:136,hydrate
FNF:10
FNH:10
FNDA:2,__name
FNDA:14,SQLiteSessionRepository
FNDA:2,<static_initializer>
FNDA:3,list
FNDA:4,getById
FNDA:4,save
FNDA:2,saveMany
FNDA:1,replaceAll
FNDA:2,deleteById
FNDA:7,hydrate
DA:1,2
DA:2,2
DA:3,2
DA:4,2
DA:5,2
DA:6,2
DA:7,2
DA:8,2
DA:9,2
DA:10,2
DA:11,2
DA:12,2
DA:13,2
DA:14,2
DA:15,2
DA:16,2
DA:17,2
DA:18,1
DA:19,1
DA:20,1
DA:21,3
DA:22,3
DA:23,3
DA:24,1
DA:25,1
DA:26,4
DA:27,4
DA:28,4
DA:29,1
DA:30,1
DA:31,4
DA:32,4
DA:33,4
DA:34,4
DA:35,4
DA:36,4
DA:37,4
DA:38,4
DA:39,4
DA:40,4
DA:41,4
DA:42,4
DA:43,4
DA:44,4
DA:45,4
DA:46,4
DA:47,4
DA:48,4
DA:49,4
DA:50,4
DA:51,4
DA:52,4
DA:53,4
DA:54,4
DA:55,4
DA:56,4
DA:57,4
DA:58,4
DA:59,4
DA:60,4
DA:61,4
DA:62,4
DA:63,4
DA:64,4
DA:65,4
DA:66,1
DA:67,1
DA:68,2
DA:69,2
DA:70,3
DA:71,3
DA:72,3
DA:73,3
DA:74,3
DA:75,3
DA:76,3
DA:77,3
DA:78,3
DA:79,3
DA:80,3
DA:81,3
DA:82,3
DA:83,3
DA:84,3
DA:85,3
DA:86,3
DA:87,3
DA:88,3
DA:89,3
DA:90,3
DA:91,3
DA:92,3
DA:93,3
DA:94,3
DA:95,3
DA:96,3
DA:97,3
DA:98,3
DA:99,3
DA:100,3
DA:101,3
DA:102,2
DA:103,2
DA:104,1
DA:105,1
DA:106,1
DA:107,1
DA:108,1
DA:109,1
DA:110,1
DA:111,1
DA:112,1
DA:113,1
DA:114,2
DA:115,2
DA:116,2
DA:117,2
DA:118,2
DA:119,2
DA:120,2
DA:121,1
DA:122,1
DA:123,1
DA:124,1
DA:125,2
DA:126,2
DA:127,2
DA:128,2
DA:129,2
DA:130,2
DA:131,2
DA:132,2
DA:133,2
DA:134,2
DA:135,1
DA:136,1
DA:137,7
DA:138,7
DA:139,7
DA:140,7
DA:141,7
DA:142,7
DA:143,7
DA:144,7
DA:145,7
DA:146,7
DA:147,7
DA:148,7
DA:149,7
DA:150,7
DA:151,7
DA:152,7
DA:153,7
DA:154,7
DA:155,7
DA:156,7
DA:157,7
DA:158,7
DA:159,7
DA:160,7
DA:161,7
DA:162,7
DA:163,7
DA:164,7
DA:165,7
DA:166,7
DA:167,1
LF:167
LH:167
BRDA:1,0,0,2
BRDA:18,1,0,14
BRDA:1,2,0,2
BRDA:20,3,0,3
BRDA:22,4,0,5
BRDA:25,5,0,4
BRDA:27,6,0,2
BRDA:30,7,0,4
BRDA:33,8,0,4
BRDA:67,9,0,2
BRDA:68,10,0,2
BRDA:69,11,0,3
BRDA:98,12,0,2
BRDA:99,13,0,2
BRDA:100,14,0,2
BRDA:105,15,0,1
BRDA:106,16,0,1
BRDA:113,17,0,2
BRDA:117,18,0,1
BRDA:118,19,0,1
BRDA:119,20,0,1
BRDA:124,21,0,2
BRDA:125,22,0,2
BRDA:136,23,0,7
BRDA:138,24,0,0
BRF:25
BRH:24
end_of_record
TN:
SF:src/db/repositories/sqliteSkillRepository.ts
FN:1,__name
FN:8,SQLiteSkillRepository
FN:1,<static_initializer>
FN:10,list
FN:18,findByName
FN:23,insert
FN:27,update
FN:39,hydrate
FN:51,dehydrate
FNF:9
FNH:9
FNDA:2,__name
FNDA:14,SQLiteSkillRepository
FNDA:2,<static_initializer>
FNDA:2,list
FNDA:3,findByName
FNDA:2,insert
FNDA:1,update
FNDA:5,hydrate
FNDA:2,dehydrate
DA:1,2
DA:2,2
DA:3,2
DA:4,2
DA:5,2
DA:6,2
DA:7,2
DA:8,1
DA:9,1
DA:10,1
DA:11,2
DA:12,1
DA:13,1
DA:14,2
DA:15,2
DA:16,2
DA:17,1
DA:18,1
DA:19,3
DA:20,3
DA:21,3
DA:22,1
DA:23,1
DA:24,2
DA:25,2
DA:26,1
DA:27,1
DA:28,1
DA:29,1
DA:30,1
DA:31,1
DA:32,1
DA:33,1
DA:34,1
DA:35,1
DA:36,1
DA:37,1
DA:38,1
DA:39,1
DA:40,5
DA:41,5
DA:42,5
DA:43,5
DA:44,5
DA:45,5
DA:46,5
DA:47,5
DA:48,5
DA:49,5
DA:50,1
DA:51,1
DA:52,2
DA:53,2
DA:54,2
DA:55,2
DA:56,2
DA:57,2
DA:58,2
DA:59,2
DA:60,2
DA:61,2
DA:62,1
LF:62
LH:62
BRDA:1,0,0,2
BRDA:8,1,0,14
BRDA:1,2,0,2
BRDA:10,3,0,2
BRDA:11,4,0,1
BRDA:15,5,0,3
BRDA:18,6,0,3
BRDA:20,7,0,2
BRDA:20,8,0,1
BRDA:23,9,0,2
BRDA:27,10,0,1
BRDA:39,11,0,5
BRDA:51,12,0,2
BRF:13
BRH:13
end_of_record
TN:
SF:src/drills/contentBuilder.ts
FN:19,__name
FN:19,buildDrillCustomContent
FN:63,buildRecallContext
FNF:3
FNH:3
FNDA:6,__name
FNDA:2,buildDrillCustomContent
FNDA:2,buildRecallContext
DA:1,1
DA:2,1
DA:3,1
DA:4,1
DA:5,1
DA:6,1
DA:7,1
DA:8,1
DA:9,1
DA:10,1
DA:11,1
DA:12,1
DA:13,1
DA:14,1
DA:15,1
DA:16,1
DA:17,1
DA:18,1
DA:19,1
DA:20,2
DA:21,2
DA:22,2
DA:23,2
DA:24,2
DA:25,2
DA:26,2
DA:27,2
DA:28,2
DA:29,2
DA:30,2
DA:31,2
DA:32,2
DA:33,2
DA:34,2
DA:35,2
DA:36,2
DA:37,2
DA:38,2
DA:39,2
DA:40,2
DA:41,2
DA:42,2
DA:43,2
DA:44,2
DA:45,2
DA:46,2
DA:47,2
DA:48,2
DA:49,2
DA:50,2
DA:51,2
DA:52,2
DA:53,2
DA:54,2
DA:55,2
DA:56,2
DA:57,2
DA:58,1
DA:59,1
DA:60,1
DA:61,1
DA:62,1
DA:63,1
DA:64,2
DA:65,2
DA:66,2
DA:67,2
DA:68,2
DA:69,2
DA:70,2
DA:71,2
DA:72,2
DA:73,2
DA:74,2
DA:75,2
DA:76,2
LF:76
LH:76
BRDA:19,0,0,6
BRDA:19,1,0,2
BRDA:37,2,0,2
BRDA:49,3,0,2
BRDA:63,4,0,2
BRDA:65,5,0,2
BRDA:70,6,0,2
BRF:7
BRH:7
end_of_record
TN:
SF:src/evaluation/strongAnswer.ts
FN:1,__name
FN:1,collapseWhitespace
FN:5,stripCriteriaNoise
FN:13,extractExplicitStrongAnswer
FN:20,criteriaToStrongAnswer
FN:45,feedbackToStrongAnswer
FN:56,buildStrongAnswer
FNF:7
FNH:7
FNDA:30,__name
FNDA:29,collapseWhitespace
FNDA:25,stripCriteriaNoise
FNDA:26,extractExplicitStrongAnswer
FNDA:26,criteriaToStrongAnswer
FNDA:3,feedbackToStrongAnswer
FNDA:29,buildStrongAnswer
DA:1,29
DA:2,29
DA:3,29
DA:4,1
DA:5,25
DA:6,25
DA:7,25
DA:8,25
DA:9,25
DA:10,25
DA:11,25
DA:12,1
DA:13,26
DA:14,26
DA:15,26
DA:16,26
DA:17,26
DA:18,26
DA:19,1
DA:20,26
DA:21,26
DA:22,26
DA:23,25
DA:24,25
DA:25,25
DA:26,25
DA:27,34
DA:28,34
DA:29,34
DA:30,34
DA:31,34
DA:32,34
DA:33,34
DA:34,34
DA:35,34
DA:36,34
DA:37,25
DA:38,25
DA:39,25
DA:40,25
DA:41,25
DA:42,26
DA:43,26
DA:44,1
DA:45,3
DA:46,3
DA:47,3
DA:48,3
DA:49,3
DA:50,0
DA:51,0
DA:52,3
DA:53,3
DA:54,3
DA:55,1
DA:56,1
DA:57,29
DA:58,29
DA:59,29
DA:60,29
DA:61,29
DA:62,29
DA:63,29
DA:64,29
DA:65,29
DA:66,6
DA:67,6
DA:68,29
DA:69,29
LF:69
LH:67
BRDA:1,0,0,30
BRDA:1,1,0,29
BRDA:5,2,0,25
BRDA:13,3,0,26
BRDA:15,4,0,25
BRDA:16,5,0,1
BRDA:16,6,0,0
BRDA:17,7,0,2
BRDA:17,8,0,1
BRDA:17,9,0,0
BRDA:20,10,0,26
BRDA:22,11,0,25
BRDA:22,12,0,1
BRDA:42,13,0,0
BRDA:26,14,0,34
BRDA:45,15,0,3
BRDA:47,16,0,0
BRDA:49,17,0,0
BRDA:49,18,0,0
BRDA:56,19,0,29
BRDA:61,20,0,26
BRDA:61,21,0,3
BRDA:62,22,0,26
BRDA:64,23,0,6
BRDA:64,24,0,3
BRDA:64,25,0,0
BRDA:64,26,0,0
BRDA:65,27,0,6
BRDA:65,28,0,3
BRDA:67,29,0,0
BRDA:68,30,0,0
BRF:31
BRH:21
end_of_record
TN:
SF:src/exercises/assessment.ts
FN:26,__name
FN:26,assessComplexity
FNF:2
FNH:2
FNDA:3,__name
FNDA:2,assessComplexity
DA:1,1
DA:2,1
DA:3,1
DA:4,1
DA:5,1
DA:6,1
DA:7,1
DA:8,1
DA:9,1
DA:10,1
DA:11,1
DA:12,1
DA:13,1
DA:14,1
DA:15,1
DA:16,1
DA:17,1
DA:18,1
DA:19,1
DA:20,1
DA:21,1
DA:22,1
DA:23,1
DA:24,1
DA:25,1
DA:26,1
DA:27,2
DA:28,2
DA:29,2
DA:30,2
DA:31,2
DA:32,2
DA:33,2
DA:34,2
DA:35,2
DA:36,2
DA:37,2
DA:38,2
DA:39,2
DA:40,2
DA:41,2
DA:42,2
DA:43,2
DA:44,2
DA:45,2
DA:46,2
DA:47,2
DA:48,2
DA:49,2
DA:50,2
DA:51,2
DA:52,2
DA:53,2
DA:54,0
DA:55,0
DA:56,2
DA:57,2
DA:58,2
LF:58
LH:56
BRDA:26,0,0,3
BRDA:26,1,0,2
BRDA:50,2,0,0
BRDA:53,3,0,0
BRDA:31,4,0,1
BRDA:33,5,0,2
BRDA:34,6,0,2
BRDA:37,7,0,2
BRDA:39,8,0,0
BRDA:38,9,0,1
BRDA:43,10,0,2
BRF:11
BRH:8
end_of_record
TN:
SF:src/exercises/markdown.ts
FN:10,__name
FN:27,buildExerciseMarkdown
FNF:2
FNH:2
FNDA:3,__name
FNDA:2,buildExerciseMarkdown
DA:1,1
DA:2,1
DA:3,1
DA:4,1
DA:5,1
DA:6,1
DA:7,1
DA:8,1
DA:9,1
DA:10,1
DA:11,1
DA:12,1
DA:13,1
DA:14,1
DA:15,1
DA:16,1
DA:17,1
DA:18,1
DA:19,1
DA:20,1
DA:21,1
DA:22,1
DA:23,1
DA:24,1
DA:25,1
DA:26,1
DA:27,1
DA:28,2
DA:29,2
DA:30,2
DA:31,2
DA:32,0
DA:33,2
DA:34,2
DA:35,2
DA:36,2
DA:37,1
DA:38,1
DA:39,2
DA:40,2
DA:41,2
DA:42,2
DA:43,2
DA:44,2
DA:45,2
DA:46,2
DA:47,2
DA:48,2
DA:49,2
DA:50,2
DA:51,2
DA:52,2
DA:53,2
DA:54,2
DA:55,2
DA:56,2
DA:57,2
DA:58,2
DA:59,2
DA:60,2
DA:61,2
DA:62,2
DA:63,2
DA:64,2
DA:65,2
DA:66,2
DA:67,2
DA:68,2
DA:69,2
DA:70,2
DA:71,2
DA:72,2
DA:73,2
DA:74,2
DA:75,2
DA:76,2
DA:77,2
LF:77
LH:76
BRDA:10,0,0,3
BRDA:27,1,0,2
BRDA:28,2,0,0
BRDA:29,3,0,0
BRDA:31,4,0,0
BRDA:36,5,0,1
BRDA:31,6,0,2
BRDA:34,7,0,6
BRDA:35,8,0,3
BRDA:37,9,0,1
BRDA:39,10,0,2
BRDA:40,11,0,3
BRF:12
BRH:9
end_of_record
TN:
SF:src/graph/concepts.ts
FN:19,__name
FN:91,normalizeAliasKey
FN:100,isSemanticOnlyConcept
FN:104,canonicalizeConceptWord
FN:115,normalizeConcepts
FN:135,filterGraphNodeConcepts
FN:139,buildSemanticPatternEdges
FN:179,buildSemanticAssociationEdges
FN:195,deriveSemanticConceptEdges
FN:209,normalizeSemanticEdge
FNF:10
FNH:10
FNDA:105,__name
FNDA:526,normalizeAliasKey
FNDA:68,isSemanticOnlyConcept
FNDA:164,canonicalizeConceptWord
FNDA:24,normalizeConcepts
FNDA:30,filterGraphNodeConcepts
FNDA:15,buildSemanticPatternEdges
FNDA:15,buildSemanticAssociationEdges
FNDA:15,deriveSemanticConceptEdges
FNDA:6,normalizeSemanticEdge
DA:1,1
DA:2,1
DA:3,1
DA:4,1
DA:5,1
DA:6,1
DA:7,1
DA:8,1
DA:9,1
DA:10,1
DA:11,1
DA:12,1
DA:13,1
DA:14,1
DA:15,1
DA:16,1
DA:17,1
DA:18,1
DA:19,1
DA:20,1
DA:21,1
DA:22,1
DA:23,1
DA:24,1
DA:25,1
DA:26,1
DA:27,1
DA:28,1
DA:29,1
DA:30,1
DA:31,1
DA:32,1
DA:33,1
DA:34,1
DA:35,1
DA:36,1
DA:37,1
DA:38,1
DA:39,1
DA:40,1
DA:41,1
DA:42,1
DA:43,1
DA:44,1
DA:45,1
DA:46,1
DA:47,1
DA:48,1
DA:49,1
DA:50,1
DA:51,1
DA:52,1
DA:53,1
DA:54,1
DA:55,1
DA:56,1
DA:57,1
DA:58,1
DA:59,1
DA:60,1
DA:61,1
DA:62,1
DA:63,1
DA:64,1
DA:65,1
DA:66,1
DA:67,1
DA:68,1
DA:69,1
DA:70,1
DA:71,1
DA:72,1
DA:73,1
DA:74,1
DA:75,1
DA:76,1
DA:77,1
DA:78,1
DA:79,1
DA:80,1
DA:81,1
DA:82,1
DA:83,90
DA:84,260
DA:85,260
DA:86,260
DA:87,260
DA:88,260
DA:89,90
DA:90,1
DA:91,526
DA:92,526
DA:93,526
DA:94,526
DA:95,526
DA:96,526
DA:97,526
DA:98,526
DA:99,1
DA:100,1
DA:101,68
DA:102,68
DA:103,1
DA:104,1
DA:105,164
DA:106,164
DA:107,164
DA:108,164
DA:109,164
DA:110,107
DA:111,107
DA:112,107
DA:113,164
DA:114,1
DA:115,1
DA:116,24
DA:117,24
DA:118,24
DA:119,24
DA:120,46
DA:121,46
DA:122,46
DA:123,46
DA:124,46
DA:125,46
DA:126,46
DA:127,46
DA:128,46
DA:129,46
DA:130,46
DA:131,24
DA:132,24
DA:133,24
DA:134,1
DA:135,1
DA:136,30
DA:137,30
DA:138,1
DA:139,15
DA:140,15
DA:141,15
DA:142,15
DA:143,15
DA:144,15
DA:145,15
DA:146,34
DA:147,34
DA:148,34
DA:149,1
DA:150,1
DA:151,1
DA:152,1
DA:153,1
DA:154,1
DA:155,1
DA:156,1
DA:157,1
DA:158,1
DA:159,1
DA:160,1
DA:161,1
DA:162,1
DA:163,1
DA:164,34
DA:165,34
DA:166,1
DA:167,1
DA:168,1
DA:169,1
DA:170,1
DA:171,1
DA:172,1
DA:173,0
DA:174,34
DA:175,15
DA:176,15
DA:177,15
DA:178,1
DA:179,15
DA:180,15
DA:181,15
DA:182,15
DA:183,45
DA:184,45
DA:185,4
DA:186,45
DA:187,15
DA:188,15
DA:189,15
DA:190,15
DA:191,15
DA:192,15
DA:193,15
DA:194,1
DA:195,1
DA:196,15
DA:197,15
DA:198,15
DA:199,15
DA:200,15
DA:201,15
DA:202,15
DA:203,15
DA:204,5
DA:205,5
DA:206,15
DA:207,15
DA:208,1
DA:209,6
DA:210,6
DA:211,6
DA:212,6
DA:213,6
DA:214,6
DA:215,6
DA:216,6
LF:216
LH:215
BRDA:82,0,0,90
BRDA:83,1,0,260
BRDA:19,2,0,105
BRDA:91,3,0,526
BRDA:100,4,0,68
BRDA:104,5,0,164
BRDA:107,6,0,57
BRDA:109,7,0,107
BRDA:115,8,0,24
BRDA:119,9,0,46
BRDA:122,10,0,0
BRDA:135,11,0,30
BRDA:136,12,0,68
BRDA:139,13,0,15
BRDA:145,14,0,34
BRDA:148,15,0,1
BRDA:148,16,0,1
BRDA:151,17,0,0
BRDA:160,18,0,0
BRDA:165,19,0,33
BRDA:165,20,0,1
BRDA:165,21,0,1
BRDA:171,22,0,0
BRDA:172,23,0,0
BRDA:179,24,0,15
BRDA:182,25,0,45
BRDA:183,26,0,7
BRDA:183,27,0,41
BRDA:184,28,0,4
BRDA:195,29,0,15
BRDA:203,30,0,5
BRDA:197,31,0,29
BRDA:209,32,0,6
BRF:33
BRH:28
end_of_record
TN:
SF:src/http/weakReports.ts
FN:1,(empty-report)
FNF:1
FNH:0
FNDA:0,(empty-report)
DA:1,0
DA:2,0
DA:3,0
DA:4,0
DA:5,0
DA:6,0
DA:7,0
DA:8,0
DA:9,0
DA:10,0
DA:11,0
DA:12,0
DA:13,0
DA:14,0
DA:15,0
DA:16,0
DA:17,0
DA:18,0
DA:19,0
DA:20,0
DA:21,0
DA:22,0
DA:23,0
DA:24,0
DA:25,0
DA:26,0
DA:27,0
DA:28,0
DA:29,0
DA:30,0
DA:31,0
DA:32,0
DA:33,0
DA:34,0
DA:35,0
DA:36,0
DA:37,0
DA:38,0
DA:39,0
DA:40,0
DA:41,0
DA:42,0
DA:43,0
DA:44,0
DA:45,0
DA:46,0
DA:47,0
DA:48,0
DA:49,0
DA:50,0
DA:51,0
DA:52,0
DA:53,0
DA:54,0
DA:55,0
DA:56,0
DA:57,0
DA:58,0
DA:59,0
DA:60,0
DA:61,0
DA:62,0
DA:63,0
DA:64,0
LF:64
LH:0
BRDA:1,0,0,0
BRF:1
BRH:0
end_of_record
TN:
SF:src/import/legacyJson.ts
FN:1,__name
FN:30,normalizeLegacySession
FN:41,normalizeLegacyFlashcard
FN:48,readJsonFile
FN:56,loadSessions
FN:69,loadFlashcards
FN:81,loadGraph
FN:90,importLegacyJsonData
FNF:8
FNH:8
FNDA:7,__name
FNDA:2,normalizeLegacySession
FNDA:1,normalizeLegacyFlashcard
FNDA:6,readJsonFile
FNDA:3,loadSessions
FNDA:3,loadFlashcards
FNDA:3,loadGraph
FNDA:3,importLegacyJsonData
DA:1,1
DA:2,1
DA:3,1
DA:4,1
DA:5,1
DA:6,1
DA:7,1
DA:8,1
DA:9,1
DA:10,1
DA:11,1
DA:12,1
DA:13,1
DA:14,1
DA:15,1
DA:16,1
DA:17,1
DA:18,1
DA:19,1
DA:20,1
DA:21,1
DA:22,1
DA:23,1
DA:24,1
DA:25,1
DA:26,1
DA:27,1
DA:28,1
DA:29,1
DA:30,2
DA:31,2
DA:32,2
DA:33,2
DA:34,2
DA:35,2
DA:36,2
DA:37,2
DA:38,2
DA:39,2
DA:40,1
DA:41,1
DA:42,1
DA:43,1
DA:44,1
DA:45,1
DA:46,1
DA:47,1
DA:48,6
DA:49,6
DA:50,6
DA:51,3
DA:52,3
DA:53,3
DA:54,6
DA:55,1
DA:56,3
DA:57,3
DA:58,3
DA:59,3
DA:60,3
DA:61,3
DA:62,3
DA:63,3
DA:64,3
DA:65,3
DA:66,3
DA:67,3
DA:68,1
DA:69,3
DA:70,3
DA:71,3
DA:72,3
DA:73,3
DA:74,1
DA:75,0
DA:76,1
DA:77,3
DA:78,3
DA:79,3
DA:80,1
DA:81,3
DA:82,3
DA:83,3
DA:84,3
DA:85,3
DA:86,3
DA:87,3
DA:88,3
DA:89,1
DA:90,1
DA:91,3
DA:92,3
DA:93,3
DA:94,3
DA:95,3
DA:96,3
DA:97,3
DA:98,3
DA:99,3
DA:100,3
DA:101,3
DA:102,3
DA:103,3
DA:104,3
DA:105,3
DA:106,3
DA:107,3
DA:108,3
DA:109,3
DA:110,3
DA:111,3
DA:112,3
DA:113,3
DA:114,3
DA:115,3
DA:116,3
DA:117,3
DA:118,3
DA:119,3
DA:120,3
DA:121,3
DA:122,3
LF:122
LH:121
BRDA:1,0,0,7
BRDA:30,1,0,2
BRDA:34,2,0,1
BRDA:34,3,0,0
BRDA:35,4,0,0
BRDA:36,5,0,0
BRDA:37,6,0,0
BRDA:41,7,0,1
BRDA:44,8,0,0
BRDA:48,9,0,6
BRDA:50,10,0,3
BRDA:56,11,0,3
BRDA:65,12,0,2
BRDA:69,13,0,3
BRDA:71,14,0,2
BRDA:73,15,0,1
BRDA:74,16,0,0
BRDA:75,17,0,1
BRDA:81,18,0,3
BRDA:90,19,0,3
BRDA:91,20,0,0
BRF:21
BRH:14
end_of_record
TN:
SF:src/knowledge/file.ts
FN:1,__name
FN:16,normalise
FN:25,extractSection
FN:31,parseQuestions
FN:40,parseCriteria
FN:50,parseDifficulties
FN:60,parseConcepts
FN:92,extractSubSection
FN:99,splitIntoBlocks
FN:103,parseMCQQuestions
FN:119,parseFillBlankQuestions
FN:133,parseGuidedQuestions
FN:149,parseWarmupLevels
FN:167,parseFile
FN:1,<static_initializer>
FN:205,<instance_members_initializer>
FN:210,FileKnowledgeStore
FN:233,findByTopic
FN:237,listTopics
FNF:19
FNH:17
FNDA:14,__name
FNDA:3,normalise
FNDA:6,extractSection
FNDA:1,parseQuestions
FNDA:1,parseCriteria
FNDA:1,parseDifficulties
FNDA:1,parseConcepts
FNDA:3,extractSubSection
FNDA:3,splitIntoBlocks
FNDA:2,parseMCQQuestions
FNDA:0,parseFillBlankQuestions
FNDA:1,parseGuidedQuestions
FNDA:1,parseWarmupLevels
FNDA:1,parseFile
FNDA:1,<static_initializer>
FNDA:1,<instance_members_initializer>
FNDA:1,FileKnowledgeStore
FNDA:1,findByTopic
FNDA:0,listTopics
DA:1,1
DA:2,1
DA:3,1
DA:4,1
DA:5,1
DA:6,1
DA:7,1
DA:8,1
DA:9,1
DA:10,1
DA:11,1
DA:12,1
DA:13,1
DA:14,1
DA:15,1
DA:16,1
DA:17,1
DA:18,1
DA:19,1
DA:20,1
DA:21,1
DA:22,1
DA:23,1
DA:24,1
DA:25,1
DA:26,1
DA:27,1
DA:28,1
DA:29,1
DA:30,1
DA:31,1
DA:32,1
DA:33,1
DA:34,1
DA:35,1
DA:36,1
DA:37,1
DA:38,1
DA:39,1
DA:40,1
DA:41,1
DA:42,1
DA:43,1
DA:44,1
DA:45,1
DA:46,1
DA:47,1
DA:48,1
DA:49,1
DA:50,1
DA:51,1
DA:52,1
DA:53,1
DA:54,1
DA:55,1
DA:56,1
DA:57,1
DA:58,1
DA:59,1
DA:60,1
DA:61,1
DA:62,1
DA:63,1
DA:64,1
DA:65,1
DA:66,1
DA:67,1
DA:68,1
DA:69,1
DA:70,1
DA:71,1
DA:72,1
DA:73,1
DA:74,1
DA:75,1
DA:76,1
DA:77,1
DA:78,1
DA:79,1
DA:80,1
DA:81,1
DA:82,1
DA:83,1
DA:84,1
DA:85,1
DA:86,1
DA:87,1
DA:88,1
DA:89,1
DA:90,1
DA:91,1
DA:92,1
DA:93,1
DA:94,1
DA:95,1
DA:96,1
DA:97,1
DA:98,1
DA:99,1
DA:100,1
DA:101,1
DA:102,1
DA:103,1
DA:104,1
DA:105,1
DA:106,1
DA:107,1
DA:108,1
DA:109,1
DA:110,1
DA:111,1
DA:112,1
DA:113,1
DA:114,1
DA:115,1
DA:116,1
DA:117,1
DA:118,1
DA:119,1
DA:120,1
DA:121,1
DA:122,1
DA:123,1
DA:124,1
DA:125,1
DA:126,1
DA:127,1
DA:128,1
DA:129,1
DA:130,1
DA:131,1
DA:132,1
DA:133,1
DA:134,1
DA:135,1
DA:136,1
DA:137,1
DA:138,1
DA:139,1
DA:140,1
DA:141,1
DA:142,1
DA:143,1
DA:144,1
DA:145,1
DA:146,1
DA:147,1
DA:148,1
DA:149,1
DA:150,1
DA:151,1
DA:152,1
DA:153,1
DA:154,1
DA:155,1
DA:156,1
DA:157,1
DA:158,1
DA:159,1
DA:160,1
DA:161,1
DA:162,1
DA:163,1
DA:164,1
DA:165,1
DA:166,1
DA:167,1
DA:168,1
DA:169,1
DA:170,1
DA:171,1
DA:172,1
DA:173,1
DA:174,1
DA:175,1
DA:176,1
DA:177,1
DA:178,1
DA:179,1
DA:180,1
DA:181,1
DA:182,1
DA:183,1
DA:184,1
DA:185,1
DA:186,1
DA:187,1
DA:188,1
DA:189,1
DA:190,1
DA:191,1
DA:192,1
DA:193,1
DA:194,1
DA:195,1
DA:196,1
DA:197,1
DA:198,1
DA:199,1
DA:200,1
DA:201,1
DA:202,1
DA:203,1
DA:204,1
DA:205,1
DA:206,1
DA:207,1
DA:208,1
DA:209,1
DA:210,1
DA:211,1
DA:212,1
DA:213,1
DA:214,1
DA:215,1
DA:216,1
DA:217,1
DA:218,1
DA:219,1
DA:220,1
DA:221,1
DA:222,1
DA:223,1
DA:224,1
DA:225,1
DA:226,1
DA:227,1
DA:228,1
DA:229,1
DA:230,1
DA:231,1
DA:232,1
DA:233,1
DA:234,1
DA:235,1
DA:236,1
DA:237,1
DA:238,0
DA:239,0
DA:240,1
LF:240
LH:238
BRDA:1,0,0,14
BRDA:16,1,0,3
BRDA:25,2,0,6
BRDA:28,3,0,0
BRDA:31,4,0,1
BRDA:34,5,0,1
BRDA:35,6,0,1
BRDA:36,7,0,1
BRDA:40,8,0,1
BRDA:44,9,0,1
BRDA:45,10,0,1
BRDA:46,11,0,1
BRDA:50,12,0,1
BRDA:54,13,0,1
BRDA:55,14,0,1
BRDA:56,15,0,1
BRDA:60,16,0,1
BRDA:68,17,0,0
BRDA:71,18,0,0
BRDA:76,19,0,1
BRDA:92,20,0,3
BRDA:95,21,0,0
BRDA:99,22,0,3
BRDA:100,23,0,3
BRDA:103,24,0,2
BRDA:104,25,0,2
BRDA:106,26,0,0
BRDA:110,27,0,10
BRDA:111,28,0,8
BRDA:111,29,0,2
BRDA:114,30,0,0
BRDA:115,31,0,0
BRDA:105,32,0,12
BRDA:116,33,0,2
BRDA:133,34,0,1
BRDA:134,35,0,1
BRDA:136,36,0,0
BRDA:140,37,0,2
BRDA:141,38,0,1
BRDA:144,39,0,0
BRDA:145,40,0,0
BRDA:135,41,0,3
BRDA:146,42,0,1
BRDA:149,43,0,1
BRDA:151,44,0,0
BRDA:164,45,0,0
BRDA:167,46,0,1
BRDA:173,47,0,0
BRDA:187,48,0,0
BRDA:193,49,0,0
BRDA:1,50,0,1
BRDA:205,51,0,1
BRDA:210,52,0,1
BRDA:214,53,0,0
BRDA:218,54,0,0
BRDA:226,55,0,0
BRDA:216,56,0,1
BRDA:233,57,0,1
BRDA:234,58,0,0
BRF:59
BRH:40
end_of_record
TN:
SF:src/repositories/mappers.ts
FN:26,__name
FN:85,mapSessionToNormalizedRecord
FN:144,mapSessionAggregateToDomain
FN:201,mapFlashcardToNormalizedRecord
FN:232,mapFlashcardAggregateToDomain
FN:256,mapGraphToNormalizedRecord
FN:281,mapGraphAggregateToDomain
FNF:7
FNH:7
FNDA:12,__name
FNDA:9,mapSessionToNormalizedRecord
FNDA:7,mapSessionAggregateToDomain
FNDA:13,mapFlashcardToNormalizedRecord
FNDA:13,mapFlashcardAggregateToDomain
FNDA:1,mapGraphToNormalizedRecord
FNDA:1,mapGraphAggregateToDomain
DA:1,1
DA:2,1
DA:3,1
DA:4,1
DA:5,1
DA:6,1
DA:7,1
DA:8,1
DA:9,1
DA:10,1
DA:11,1
DA:12,1
DA:13,1
DA:14,1
DA:15,1
DA:16,1
DA:17,1
DA:18,1
DA:19,1
DA:20,1
DA:21,1
DA:22,1
DA:23,1
DA:24,1
DA:25,1
DA:26,1
DA:27,1
DA:28,1
DA:29,1
DA:30,1
DA:31,1
DA:32,1
DA:33,1
DA:34,1
DA:35,1
DA:36,1
DA:37,1
DA:38,1
DA:39,1
DA:40,1
DA:41,1
DA:42,1
DA:43,1
DA:44,1
DA:45,1
DA:46,1
DA:47,1
DA:48,1
DA:49,1
DA:50,1
DA:51,1
DA:52,1
DA:53,1
DA:54,1
DA:55,1
DA:56,1
DA:57,1
DA:58,1
DA:59,1
DA:60,1
DA:61,1
DA:62,1
DA:63,1
DA:64,1
DA:65,1
DA:66,1
DA:67,1
DA:68,1
DA:69,1
DA:70,1
DA:71,1
DA:72,1
DA:73,1
DA:74,1
DA:75,1
DA:76,1
DA:77,1
DA:78,1
DA:79,1
DA:80,1
DA:81,1
DA:82,1
DA:83,1
DA:84,1
DA:85,1
DA:86,9
DA:87,9
DA:88,9
DA:89,9
DA:90,9
DA:91,9
DA:92,9
DA:93,9
DA:94,9
DA:95,9
DA:96,9
DA:97,9
DA:98,9
DA:99,9
DA:100,9
DA:101,9
DA:102,9
DA:103,9
DA:104,9
DA:105,9
DA:106,9
DA:107,9
DA:108,9
DA:109,9
DA:110,9
DA:111,9
DA:112,17
DA:113,17
DA:114,17
DA:115,9
DA:116,9
DA:117,13
DA:118,13
DA:119,13
DA:120,13
DA:121,13
DA:122,9
DA:123,9
DA:124,8
DA:125,8
DA:126,8
DA:127,8
DA:128,8
DA:129,8
DA:130,8
DA:131,8
DA:132,8
DA:133,8
DA:134,8
DA:135,9
DA:136,9
DA:137,12
DA:138,12
DA:139,12
DA:140,9
DA:141,9
DA:142,9
DA:143,1
DA:144,1
DA:145,7
DA:146,7
DA:147,7
DA:148,7
DA:149,7
DA:150,7
DA:151,7
DA:152,7
DA:153,7
DA:154,7
DA:155,7
DA:156,7
DA:157,7
DA:158,7
DA:159,7
DA:160,7
DA:161,7
DA:162,7
DA:163,7
DA:164,7
DA:165,7
DA:166,10
DA:167,10
DA:168,10
DA:169,7
DA:170,7
DA:171,7
DA:172,7
DA:173,7
DA:174,6
DA:175,6
DA:176,6
DA:177,6
DA:178,6
DA:179,6
DA:180,6
DA:181,6
DA:182,6
DA:183,7
DA:184,7
DA:185,5
DA:186,7
DA:187,7
DA:188,5
DA:189,2
DA:190,7
DA:191,7
DA:192,7
DA:193,7
DA:194,7
DA:195,7
DA:196,7
DA:197,7
DA:198,7
DA:199,7
DA:200,1
DA:201,1
DA:202,13
DA:203,13
DA:204,13
DA:205,13
DA:206,13
DA:207,13
DA:208,13
DA:209,13
DA:210,13
DA:211,13
DA:212,13
DA:213,13
DA:214,13
DA:215,13
DA:216,13
DA:217,13
DA:218,13
DA:219,13
DA:220,13
DA:221,13
DA:222,13
DA:223,13
DA:224,13
DA:225,27
DA:226,27
DA:227,13
DA:228,13
DA:229,13
DA:230,13
DA:231,1
DA:232,1
DA:233,13
DA:234,13
DA:235,13
DA:236,13
DA:237,13
DA:238,13
DA:239,13
DA:240,13
DA:241,4
DA:242,4
DA:243,4
DA:244,4
DA:245,4
DA:246,9
DA:247,13
DA:248,13
DA:249,13
DA:250,13
DA:251,13
DA:252,13
DA:253,13
DA:254,13
DA:255,1
DA:256,1
DA:257,1
DA:258,1
DA:259,2
DA:260,2
DA:261,1
DA:262,1
DA:263,2
DA:264,3
DA:265,3
DA:266,2
DA:267,1
DA:268,1
DA:269,1
DA:270,1
DA:271,1
DA:272,1
DA:273,1
DA:274,1
DA:275,1
DA:276,1
DA:277,1
DA:278,1
DA:279,1
DA:280,1
DA:281,1
DA:282,1
DA:283,1
DA:284,3
DA:285,3
DA:286,3
DA:287,3
DA:288,1
DA:289,1
DA:290,2
DA:291,2
DA:292,2
DA:293,1
DA:294,1
DA:295,1
DA:296,1
DA:297,1
DA:298,1
DA:299,1
DA:300,1
DA:301,1
DA:302,1
DA:303,1
DA:304,1
DA:305,1
DA:306,1
DA:307,1
DA:308,1
LF:308
LH:308
BRDA:26,0,0,12
BRDA:85,1,0,9
BRDA:86,2,0,0
BRDA:108,3,0,0
BRDA:109,4,0,0
BRDA:111,5,0,17
BRDA:116,6,0,13
BRDA:123,7,0,8
BRDA:136,8,0,12
BRDA:144,9,0,7
BRDA:148,10,0,0
BRDA:184,11,0,5
BRDA:188,12,0,2
BRDA:190,13,0,0
BRDA:192,14,0,0
BRDA:196,15,0,0
BRDA:197,16,0,0
BRDA:160,17,0,7
BRDA:161,18,0,14
BRDA:164,19,0,5
BRDA:165,20,0,10
BRDA:172,21,0,1
BRDA:173,22,0,6
BRDA:177,23,0,3
BRDA:181,24,0,5
BRDA:182,25,0,5
BRDA:185,26,0,7
BRDA:201,27,0,13
BRDA:217,28,0,6
BRDA:217,29,0,7
BRDA:218,30,0,6
BRDA:218,31,0,7
BRDA:219,32,0,6
BRDA:219,33,0,7
BRDA:224,34,0,27
BRDA:232,35,0,13
BRDA:240,36,0,4
BRDA:245,37,0,9
BRDA:252,38,0,12
BRDA:238,39,0,14
BRDA:238,40,0,23
BRDA:256,41,0,1
BRDA:258,42,0,2
BRDA:262,43,0,2
BRDA:263,44,0,3
BRDA:268,45,0,1
BRDA:275,46,0,1
BRDA:281,47,0,1
BRDA:283,48,0,3
BRDA:284,49,0,2
BRDA:289,50,0,2
BRDA:292,51,0,0
BRDA:292,52,0,1
BRDA:295,53,0,1
BRDA:306,54,0,1
BRF:55
BRH:46
end_of_record
TN:
SF:src/scope/builder.ts
FN:8,__name
FN:15,buildCriterion
FN:20,buildScopeContent
FN:71,deriveSessionGoal
FNF:4
FNH:4
FNDA:9,__name
FNDA:6,buildCriterion
FNDA:3,buildScopeContent
FNDA:2,deriveSessionGoal
DA:1,1
DA:2,1
DA:3,1
DA:4,1
DA:5,1
DA:6,1
DA:7,1
DA:8,1
DA:9,1
DA:10,1
DA:11,1
DA:12,1
DA:13,1
DA:14,1
DA:15,6
DA:16,6
DA:17,6
DA:18,6
DA:19,1
DA:20,1
DA:21,3
DA:22,3
DA:23,3
DA:24,3
DA:25,3
DA:26,3
DA:27,3
DA:28,3
DA:29,3
DA:30,3
DA:31,3
DA:32,3
DA:33,3
DA:34,6
DA:35,6
DA:36,3
DA:37,3
DA:38,3
DA:39,3
DA:40,3
DA:41,3
DA:42,3
DA:43,3
DA:44,6
DA:45,6
DA:46,3
DA:47,3
DA:48,3
DA:49,2
DA:50,2
DA:51,2
DA:52,2
DA:53,2
DA:54,2
DA:55,3
DA:56,3
DA:57,2
DA:58,2
DA:59,2
DA:60,2
DA:61,2
DA:62,2
DA:63,3
DA:64,3
DA:65,3
DA:66,3
DA:67,3
DA:68,3
DA:69,3
DA:70,1
DA:71,1
DA:72,2
DA:73,2
DA:74,2
DA:75,2
DA:76,2
DA:77,2
DA:78,2
LF:78
LH:78
BRDA:8,0,0,9
BRDA:15,1,0,6
BRDA:20,2,0,3
BRDA:33,3,0,6
BRDA:39,4,0,0
BRDA:43,5,0,6
BRDA:48,6,0,2
BRDA:56,7,0,2
BRDA:71,8,0,2
BRDA:73,9,0,0
BRF:10
BRH:8
end_of_record
TN:
SF:src/sessions/admin.ts
FN:1,(empty-report)
FNF:1
FNH:0
FNDA:0,(empty-report)
DA:1,0
DA:2,0
DA:3,0
DA:4,0
DA:5,0
DA:6,0
DA:7,0
DA:8,0
DA:9,0
DA:10,0
DA:11,0
DA:12,0
DA:13,0
DA:14,0
DA:15,0
DA:16,0
DA:17,0
DA:18,0
DA:19,0
DA:20,0
DA:21,0
DA:22,0
DA:23,0
DA:24,0
DA:25,0
DA:26,0
DA:27,0
DA:28,0
DA:29,0
DA:30,0
DA:31,0
DA:32,0
DA:33,0
DA:34,0
DA:35,0
DA:36,0
DA:37,0
DA:38,0
DA:39,0
DA:40,0
DA:41,0
DA:42,0
DA:43,0
DA:44,0
DA:45,0
DA:46,0
DA:47,0
DA:48,0
DA:49,0
DA:50,0
DA:51,0
DA:52,0
DA:53,0
DA:54,0
DA:55,0
DA:56,0
DA:57,0
DA:58,0
DA:59,0
DA:60,0
DA:61,0
DA:62,0
DA:63,0
DA:64,0
DA:65,0
DA:66,0
DA:67,0
DA:68,0
DA:69,0
DA:70,0
DA:71,0
LF:71
LH:0
BRDA:1,0,0,0
BRF:1
BRH:0
end_of_record
TN:
SF:src/sessions/deleteFlow.ts
FN:2,__name
FN:37,buildSessionDeletionPreview
FN:88,rebuildGraphFromSessions
FNF:3
FNH:3
FNDA:2,__name
FNDA:1,buildSessionDeletionPreview
FNDA:1,rebuildGraphFromSessions
DA:1,1
DA:2,1
DA:3,1
DA:4,1
DA:5,1
DA:6,1
DA:7,1
DA:8,1
DA:9,1
DA:10,1
DA:11,1
DA:12,1
DA:13,1
DA:14,1
DA:15,1
DA:16,1
DA:17,1
DA:18,1
DA:19,1
DA:20,1
DA:21,1
DA:22,1
DA:23,1
DA:24,1
DA:25,1
DA:26,1
DA:27,1
DA:28,1
DA:29,1
DA:30,1
DA:31,1
DA:32,1
DA:33,1
DA:34,1
DA:35,1
DA:36,1
DA:37,1
DA:38,1
DA:39,1
DA:40,1
DA:41,1
DA:42,1
DA:43,1
DA:44,1
DA:45,1
DA:46,1
DA:47,1
DA:48,0
DA:49,0
DA:50,1
DA:51,1
DA:52,1
DA:53,1
DA:54,1
DA:55,1
DA:56,1
DA:57,1
DA:58,1
DA:59,1
DA:60,1
DA:61,1
DA:62,1
DA:63,1
DA:64,1
DA:65,1
DA:66,1
DA:67,1
DA:68,1
DA:69,1
DA:70,1
DA:71,1
DA:72,1
DA:73,1
DA:74,1
DA:75,1
DA:76,1
DA:77,1
DA:78,1
DA:79,1
DA:80,1
DA:81,1
DA:82,1
DA:83,1
DA:84,1
DA:85,1
DA:86,1
DA:87,1
DA:88,1
DA:89,1
DA:90,1
DA:91,1
DA:92,2
DA:93,2
DA:94,2
DA:95,2
DA:96,2
DA:97,2
DA:98,2
DA:99,1
DA:100,1
DA:101,1
LF:101
LH:99
BRDA:2,0,0,2
BRDA:37,1,0,1
BRDA:45,2,0,0
BRDA:47,3,0,0
BRDA:70,4,0,0
BRDA:75,5,0,1
BRDA:88,6,0,1
BRDA:91,7,0,2
BRDA:92,8,0,0
BRF:9
BRH:5
end_of_record
TN:
SF:src/tools/addSkill.ts
FN:1,__name
FN:5,registerAddSkillTool
FNF:2
FNH:2
FNDA:1,__name
FNDA:2,registerAddSkillTool
DA:1,1
DA:2,1
DA:3,1
DA:4,1
DA:5,1
DA:6,2
DA:7,2
DA:8,2
DA:9,2
DA:10,2
DA:11,2
DA:12,2
DA:13,2
DA:14,2
DA:15,2
DA:16,2
DA:17,2
DA:18,2
DA:19,2
DA:20,2
DA:21,2
DA:22,1
DA:23,1
DA:24,1
DA:25,1
DA:26,1
DA:27,1
DA:28,1
DA:29,1
DA:30,1
DA:31,1
DA:32,1
DA:33,1
DA:34,1
DA:35,1
DA:36,1
DA:37,1
DA:38,1
DA:39,1
DA:40,1
DA:41,1
DA:42,1
DA:43,1
DA:44,1
DA:45,1
DA:46,1
DA:47,1
DA:48,1
DA:49,1
DA:50,1
DA:51,1
DA:52,2
DA:53,2
DA:54,2
LF:54
LH:54
BRDA:1,0,0,1
BRDA:5,1,0,2
BRDA:19,2,0,2
BRDA:21,3,0,1
BRDA:38,4,0,2
BRF:5
BRH:5
end_of_record
TN:
SF:src/tools/askFollowup.ts
FN:2,__name
FN:5,registerAskFollowupTool
FNF:2
FNH:2
FNDA:2,__name
FNDA:4,registerAskFollowupTool
DA:1,1
DA:2,1
DA:3,1
DA:4,1
DA:5,1
DA:6,4
DA:7,4
DA:8,4
DA:9,4
DA:10,5
DA:11,5
DA:12,5
DA:13,5
DA:14,5
DA:15,5
DA:16,5
DA:17,5
DA:18,5
DA:19,5
DA:20,5
DA:21,5
DA:22,5
DA:23,5
DA:24,5
DA:25,5
DA:26,5
DA:27,5
DA:28,5
DA:29,5
DA:30,5
DA:31,5
DA:32,5
DA:33,5
DA:34,5
DA:35,5
DA:36,5
DA:37,5
DA:38,5
DA:39,5
DA:40,5
DA:41,4
DA:42,4
LF:42
LH:42
BRDA:2,0,0,2
BRDA:5,1,0,4
BRDA:9,2,0,5
BRDA:12,3,0,0
BRDA:15,4,0,0
BRDA:19,5,0,0
BRF:6
BRH:3
end_of_record
TN:
SF:src/tools/askQuestion.ts
FN:2,__name
FN:5,registerAskQuestionTool
FNF:2
FNH:2
FNDA:4,__name
FNDA:9,registerAskQuestionTool
DA:1,1
DA:2,1
DA:3,1
DA:4,1
DA:5,1
DA:6,9
DA:7,9
DA:8,9
DA:9,9
DA:10,22
DA:11,22
DA:12,22
DA:13,22
DA:14,22
DA:15,22
DA:16,22
DA:17,22
DA:18,22
DA:19,22
DA:20,22
DA:21,22
DA:22,22
DA:23,22
DA:24,8
DA:25,22
DA:26,22
DA:27,22
DA:28,22
DA:29,22
DA:30,22
DA:31,22
DA:32,22
DA:33,22
DA:34,22
DA:35,22
DA:36,22
DA:37,22
DA:38,22
DA:39,22
DA:40,22
DA:41,22
DA:42,22
DA:43,22
DA:44,22
DA:45,22
DA:46,22
DA:47,22
DA:48,22
DA:49,22
DA:50,9
DA:51,9
LF:51
LH:51
BRDA:2,0,0,4
BRDA:5,1,0,9
BRDA:9,2,0,22
BRDA:12,3,0,0
BRDA:15,4,0,0
BRDA:18,5,0,5
BRDA:23,6,0,16
BRDA:23,7,0,8
BRDA:43,8,0,18
BRDA:43,9,0,5
BRDA:43,10,0,17
BRDA:44,11,0,0
BRF:12
BRH:9
end_of_record
TN:
SF:src/tools/buildScope.ts
FN:1,__name
FN:19,toSlug
FN:26,registerBuildScopeTool
FNF:3
FNH:3
FNDA:4,__name
FNDA:1,toSlug
FNDA:3,registerBuildScopeTool
DA:1,1
DA:2,1
DA:3,1
DA:4,1
DA:5,1
DA:6,1
DA:7,1
DA:8,1
DA:9,1
DA:10,1
DA:11,1
DA:12,1
DA:13,1
DA:14,1
DA:15,1
DA:16,1
DA:17,1
DA:18,1
DA:19,1
DA:20,1
DA:21,1
DA:22,1
DA:23,1
DA:24,1
DA:25,1
DA:26,1
DA:27,3
DA:28,3
DA:29,3
DA:30,3
DA:31,3
DA:32,3
DA:33,3
DA:34,3
DA:35,3
DA:36,3
DA:37,3
DA:38,3
DA:39,3
DA:40,3
DA:41,3
DA:42,3
DA:43,3
DA:44,3
DA:45,3
DA:46,3
DA:47,3
DA:48,3
DA:49,3
DA:50,3
DA:51,3
DA:52,3
DA:53,3
DA:54,3
DA:55,3
DA:56,3
DA:57,3
DA:58,3
DA:59,2
DA:60,2
DA:61,2
DA:62,2
DA:63,2
DA:64,2
DA:65,2
DA:66,2
DA:67,2
DA:68,2
DA:69,2
DA:70,2
DA:71,2
DA:72,2
DA:73,1
DA:74,1
DA:75,1
DA:76,1
DA:77,1
DA:78,1
DA:79,1
DA:80,1
DA:81,2
DA:82,2
DA:83,2
DA:84,2
DA:85,2
DA:86,2
DA:87,2
DA:88,2
DA:89,2
DA:90,2
DA:91,2
DA:92,2
DA:93,2
DA:94,2
DA:95,2
DA:96,2
DA:97,2
DA:98,2
DA:99,2
DA:100,2
DA:101,2
DA:102,2
DA:103,2
DA:104,1
DA:105,1
DA:106,2
DA:107,2
DA:108,2
DA:109,2
DA:110,3
DA:111,3
LF:111
LH:111
BRDA:1,0,0,4
BRDA:19,1,0,1
BRDA:26,2,0,3
BRDA:58,3,0,2
BRDA:59,4,0,1
BRDA:72,5,0,1
BRDA:103,6,0,1
BRF:7
BRH:7
end_of_record
TN:
SF:src/tools/createExercise.ts
FN:1,__name
FN:21,toSlug
FN:28,registerCreateExerciseTool
FNF:3
FNH:3
FNDA:4,__name
FNDA:1,toSlug
FNDA:3,registerCreateExerciseTool
DA:1,1
DA:2,1
DA:3,1
DA:4,1
DA:5,1
DA:6,1
DA:7,1
DA:8,1
DA:9,1
DA:10,1
DA:11,1
DA:12,1
DA:13,1
DA:14,1
DA:15,1
DA:16,1
DA:17,1
DA:18,1
DA:19,1
DA:20,1
DA:21,1
DA:22,1
DA:23,1
DA:24,1
DA:25,1
DA:26,1
DA:27,1
DA:28,1
DA:29,3
DA:30,3
DA:31,3
DA:32,3
DA:33,3
DA:34,3
DA:35,3
DA:36,3
DA:37,3
DA:38,3
DA:39,3
DA:40,3
DA:41,3
DA:42,3
DA:43,3
DA:44,3
DA:45,3
DA:46,3
DA:47,3
DA:48,3
DA:49,3
DA:50,3
DA:51,3
DA:52,3
DA:53,3
DA:54,3
DA:55,3
DA:56,3
DA:57,3
DA:58,3
DA:59,2
DA:60,2
DA:61,2
DA:62,2
DA:63,2
DA:64,2
DA:65,2
DA:66,2
DA:67,2
DA:68,2
DA:69,2
DA:70,2
DA:71,2
DA:72,2
DA:73,2
DA:74,2
DA:75,2
DA:76,2
DA:77,2
DA:78,1
DA:79,1
DA:80,1
DA:81,1
DA:82,1
DA:83,1
DA:84,1
DA:85,1
DA:86,1
DA:87,1
DA:88,1
DA:89,1
DA:90,1
DA:91,1
DA:92,1
DA:93,1
DA:94,1
DA:95,1
DA:96,1
DA:97,1
DA:98,1
DA:99,1
DA:100,1
DA:101,1
DA:102,1
DA:103,1
DA:104,1
DA:105,1
DA:106,1
DA:107,1
DA:108,1
DA:109,1
DA:110,1
DA:111,1
DA:112,1
DA:113,1
DA:114,1
DA:115,1
DA:116,1
DA:117,1
DA:118,1
DA:119,1
DA:120,1
DA:121,1
DA:122,1
DA:123,1
DA:124,1
DA:125,1
DA:126,1
DA:127,1
DA:128,1
DA:129,1
DA:130,1
DA:131,1
DA:132,1
DA:133,1
DA:134,1
DA:135,1
DA:136,1
DA:137,1
DA:138,1
DA:139,1
DA:140,1
DA:141,1
DA:142,1
DA:143,1
DA:144,1
DA:145,1
DA:146,1
DA:147,1
DA:148,1
DA:149,1
DA:150,1
DA:151,1
DA:152,1
DA:153,1
DA:154,1
DA:155,1
DA:156,1
DA:157,1
DA:158,1
DA:159,1
DA:160,1
DA:161,1
DA:162,1
DA:163,1
DA:164,1
DA:165,1
DA:166,1
DA:167,2
DA:168,3
DA:169,3
LF:169
LH:169
BRDA:1,0,0,4
BRDA:21,1,0,1
BRDA:28,2,0,3
BRDA:58,3,0,2
BRDA:77,4,0,1
BRF:5
BRH:5
end_of_record
TN:
SF:src/tools/createFlashcard.ts
FN:2,__name
FN:15,persistFlashcard
FN:22,registerCreateFlashcardTool
FNF:3
FNH:3
FNDA:4,__name
FNDA:17,persistFlashcard
FNDA:6,registerCreateFlashcardTool
DA:1,1
DA:2,1
DA:3,1
DA:4,1
DA:5,1
DA:6,1
DA:7,1
DA:8,1
DA:9,1
DA:10,1
DA:11,1
DA:12,1
DA:13,1
DA:14,1
DA:15,1
DA:16,17
DA:17,17
DA:18,17
DA:19,13
DA:20,17
DA:21,1
DA:22,1
DA:23,6
DA:24,6
DA:25,6
DA:26,6
DA:27,6
DA:28,6
DA:29,6
DA:30,6
DA:31,6
DA:32,6
DA:33,6
DA:34,6
DA:35,6
DA:36,6
DA:37,6
DA:38,6
DA:39,6
DA:40,6
DA:41,6
DA:42,6
DA:43,6
DA:44,6
DA:45,6
DA:46,6
DA:47,6
DA:48,6
DA:49,6
DA:50,6
DA:51,6
DA:52,6
DA:53,6
DA:54,6
DA:55,6
DA:56,6
DA:57,6
DA:58,6
DA:59,6
DA:60,6
DA:61,6
DA:62,6
DA:63,6
DA:64,6
DA:65,6
DA:66,6
DA:67,6
DA:68,6
DA:69,6
DA:70,6
DA:71,6
DA:72,6
DA:73,6
DA:74,0
DA:75,6
DA:76,6
DA:77,6
DA:78,6
DA:79,6
DA:80,6
LF:80
LH:79
BRDA:2,0,0,4
BRDA:15,1,0,17
BRDA:17,2,0,4
BRDA:18,3,0,13
BRDA:17,4,0,6
BRDA:22,5,0,6
BRDA:42,6,0,6
BRDA:52,7,0,1
BRDA:73,8,0,0
BRF:9
BRH:8
end_of_record
TN:
SF:src/tools/deleteSession.ts
FN:2,__name
FN:5,registerDeleteSessionTool
FNF:2
FNH:2
FNDA:2,__name
FNDA:2,registerDeleteSessionTool
DA:1,1
DA:2,1
DA:3,1
DA:4,1
DA:5,1
DA:6,2
DA:7,2
DA:8,2
DA:9,2
DA:10,2
DA:11,2
DA:12,2
DA:13,2
DA:14,2
DA:15,2
DA:16,2
DA:17,2
DA:18,2
DA:19,2
DA:20,3
DA:21,3
DA:22,1
DA:23,1
DA:24,3
DA:25,3
DA:26,1
DA:27,1
DA:28,1
DA:29,1
DA:30,1
DA:31,1
DA:32,1
DA:33,1
DA:34,1
DA:35,1
DA:36,1
DA:37,1
DA:38,1
DA:39,1
DA:40,1
DA:41,3
DA:42,0
DA:43,0
DA:44,3
DA:45,3
DA:46,1
DA:47,1
DA:48,1
DA:49,1
DA:50,1
DA:51,1
DA:52,1
DA:53,1
DA:54,1
DA:55,1
DA:56,1
DA:57,1
DA:58,3
DA:59,2
DA:60,2
LF:60
LH:58
BRDA:2,0,0,2
BRDA:5,1,0,2
BRDA:19,2,0,3
BRDA:21,3,0,1
BRDA:25,4,0,2
BRDA:25,5,0,1
BRDA:41,6,0,0
BRDA:45,7,0,1
BRF:8
BRH:7
end_of_record
TN:
SF:src/tools/endInterview.ts
FN:2,__name
FN:7,registerEndInterviewTool
FNF:2
FNH:2
FNDA:2,__name
FNDA:3,registerEndInterviewTool
DA:1,1
DA:2,1
DA:3,1
DA:4,1
DA:5,1
DA:6,1
DA:7,1
DA:8,3
DA:9,3
DA:10,3
DA:11,3
DA:12,3
DA:13,3
DA:14,3
DA:15,3
DA:16,1
DA:17,1
DA:18,1
DA:19,1
DA:20,1
DA:21,1
DA:22,0
DA:23,0
DA:24,3
DA:25,3
DA:26,3
DA:27,3
DA:28,3
DA:29,3
DA:30,3
DA:31,3
DA:32,3
DA:33,3
DA:34,3
DA:35,3
DA:36,3
DA:37,3
DA:38,3
DA:39,3
DA:40,3
DA:41,3
DA:42,3
LF:42
LH:40
BRDA:2,0,0,2
BRDA:7,1,0,3
BRDA:11,2,0,3
BRDA:14,3,0,1
BRDA:15,4,0,2
BRDA:15,5,0,1
BRDA:21,6,0,0
BRF:7
BRH:6
end_of_record
TN:
SF:src/tools/evaluateAnswer.ts
FN:2,__name
FN:7,parseMcqAnswer
FN:29,formatMcqAnswer
FN:41,registerEvaluateAnswerTool
FNF:4
FNH:4
FNDA:12,__name
FNDA:14,parseMcqAnswer
FNDA:7,formatMcqAnswer
FNDA:9,registerEvaluateAnswerTool
DA:1,1
DA:2,1
DA:3,1
DA:4,1
DA:5,1
DA:6,1
DA:7,14
DA:8,14
DA:9,14
DA:10,14
DA:11,14
DA:12,1
DA:13,1
DA:14,14
DA:15,14
DA:16,2
DA:17,2
DA:18,14
DA:19,14
DA:20,11
DA:21,11
DA:22,11
DA:23,11
DA:24,11
DA:25,11
DA:26,11
DA:27,14
DA:28,1
DA:29,7
DA:30,7
DA:31,7
DA:32,7
DA:33,6
DA:34,12
DA:35,12
DA:36,12
DA:37,6
DA:38,6
DA:39,7
DA:40,1
DA:41,1
DA:42,9
DA:43,9
DA:44,9
DA:45,9
DA:46,9
DA:47,9
DA:48,9
DA:49,9
DA:50,9
DA:51,9
DA:52,9
DA:53,9
DA:54,9
DA:55,9
DA:56,9
DA:57,9
DA:58,9
DA:59,9
DA:60,9
DA:61,9
DA:62,9
DA:63,9
DA:64,9
DA:65,9
DA:66,9
DA:67,26
DA:68,26
DA:69,26
DA:70,26
DA:71,26
DA:72,26
DA:73,26
DA:74,26
DA:75,26
DA:76,26
DA:77,26
DA:78,0
DA:79,0
DA:80,26
DA:81,26
DA:82,26
DA:83,26
DA:84,26
DA:85,26
DA:86,26
DA:87,26
DA:88,26
DA:89,9
DA:90,7
DA:91,26
DA:92,7
DA:93,7
DA:94,7
DA:95,7
DA:96,7
DA:97,7
DA:98,7
DA:99,7
DA:100,7
DA:101,7
DA:102,7
DA:103,7
DA:104,7
DA:105,7
DA:106,7
DA:107,0
DA:108,7
DA:109,0
DA:110,0
DA:111,0
DA:112,0
DA:113,0
DA:114,0
DA:115,7
DA:116,7
DA:117,26
DA:118,0
DA:119,0
DA:120,0
DA:121,0
DA:122,0
DA:123,0
DA:124,0
DA:125,0
DA:126,0
DA:127,0
DA:128,0
DA:129,0
DA:130,0
DA:131,0
DA:132,0
DA:133,0
DA:134,19
DA:135,19
DA:136,0
DA:137,0
DA:138,0
DA:139,0
DA:140,0
DA:141,19
DA:142,19
DA:143,26
DA:144,26
DA:145,26
DA:146,26
DA:147,9
DA:148,26
DA:149,26
DA:150,26
DA:151,26
DA:152,26
DA:153,26
DA:154,26
DA:155,26
DA:156,26
DA:157,26
DA:158,26
DA:159,26
DA:160,26
DA:161,26
DA:162,26
DA:163,26
DA:164,26
DA:165,26
DA:166,26
DA:167,26
DA:168,26
DA:169,26
DA:170,26
DA:171,26
DA:172,26
DA:173,26
DA:174,26
DA:175,26
DA:176,26
DA:177,26
DA:178,26
DA:179,26
DA:180,6
DA:181,20
DA:182,26
DA:183,26
DA:184,26
DA:185,26
DA:186,9
DA:187,9
LF:187
LH:157
BRDA:2,0,0,12
BRDA:7,1,0,14
BRDA:9,2,0,0
BRDA:11,3,0,1
BRDA:15,4,0,13
BRDA:15,5,0,2
BRDA:19,6,0,11
BRDA:12,7,0,4
BRDA:23,8,0,20
BRDA:29,9,0,7
BRDA:30,10,0,3
BRDA:30,11,0,1
BRDA:32,12,0,6
BRDA:33,13,0,12
BRDA:36,14,0,0
BRDA:41,15,0,9
BRDA:66,16,0,26
BRDA:69,17,0,0
BRDA:72,18,0,0
BRDA:77,19,0,0
BRDA:86,20,0,9
BRDA:88,21,0,11
BRDA:88,22,0,9
BRDA:89,23,0,2
BRDA:89,24,0,7
BRDA:91,25,0,7
BRDA:97,26,0,0
BRDA:106,27,0,5
BRDA:106,28,0,3
BRDA:106,29,0,2
BRDA:106,30,0,0
BRDA:108,31,0,0
BRDA:116,32,0,0
BRDA:117,33,0,19
BRDA:117,34,0,0
BRDA:135,35,0,0
BRDA:146,36,0,19
BRDA:146,37,0,9
BRDA:147,38,0,7
BRDA:160,39,0,20
BRDA:176,40,0,0
BRDA:178,41,0,20
BRDA:179,42,0,6
BRDA:180,43,0,20
BRDA:74,44,0,52
BRDA:75,45,0,26
BRDA:102,46,0,13
BRF:47
BRH:35
end_of_record
TN:
SF:src/tools/generateFlashcardVariation.ts
FN:2,__name
FN:50,pickVariationAngle
FN:54,registerGenerateFlashcardVariationTool
FNF:3
FNH:3
FNDA:4,__name
FNDA:17,pickVariationAngle
FNDA:9,registerGenerateFlashcardVariationTool
DA:1,1
DA:2,1
DA:3,1
DA:4,1
DA:5,1
DA:6,1
DA:7,1
DA:8,1
DA:9,1
DA:10,1
DA:11,1
DA:12,1
DA:13,1
DA:14,1
DA:15,1
DA:16,1
DA:17,1
DA:18,1
DA:19,1
DA:20,1
DA:21,1
DA:22,1
DA:23,1
DA:24,1
DA:25,1
DA:26,1
DA:27,1
DA:28,1
DA:29,1
DA:30,1
DA:31,1
DA:32,1
DA:33,1
DA:34,1
DA:35,1
DA:36,1
DA:37,1
DA:38,1
DA:39,1
DA:40,1
DA:41,1
DA:42,1
DA:43,1
DA:44,1
DA:45,1
DA:46,1
DA:47,1
DA:48,1
DA:49,1
DA:50,1
DA:51,17
DA:52,17
DA:53,1
DA:54,1
DA:55,9
DA:56,9
DA:57,9
DA:58,9
DA:59,9
DA:60,9
DA:61,9
DA:62,9
DA:63,9
DA:64,9
DA:65,9
DA:66,9
DA:67,9
DA:68,9
DA:69,9
DA:70,9
DA:71,8
DA:72,8
DA:73,8
DA:74,8
DA:75,1
DA:76,1
DA:77,8
DA:78,8
DA:79,7
DA:80,7
DA:81,7
DA:82,7
DA:83,7
DA:84,7
DA:85,7
DA:86,7
DA:87,7
DA:88,7
DA:89,7
DA:90,7
DA:91,7
DA:92,7
DA:93,7
DA:94,7
DA:95,7
DA:96,7
DA:97,7
DA:98,7
DA:99,7
DA:100,7
DA:101,8
DA:102,9
DA:103,9
LF:103
LH:103
BRDA:2,0,0,4
BRDA:50,1,0,17
BRDA:54,2,0,9
BRDA:70,3,0,8
BRDA:74,4,0,1
BRDA:78,5,0,7
BRDA:72,6,0,7
BRF:7
BRH:7
end_of_record
TN:
SF:src/tools/getDueFlashcards.ts
FN:2,__name
FN:6,registerGetDueFlashcardsTool
FNF:2
FNH:2
FNDA:2,__name
FNDA:4,registerGetDueFlashcardsTool
DA:1,1
DA:2,1
DA:3,1
DA:4,1
DA:5,1
DA:6,1
DA:7,4
DA:8,4
DA:9,4
DA:10,4
DA:11,4
DA:12,4
DA:13,4
DA:14,4
DA:15,4
DA:16,4
DA:17,4
DA:18,4
DA:19,4
DA:20,3
DA:21,3
DA:22,3
DA:23,3
DA:24,3
DA:25,3
DA:26,3
DA:27,3
DA:28,3
DA:29,3
DA:30,3
DA:31,3
DA:32,3
DA:33,3
DA:34,3
DA:35,3
DA:36,3
DA:37,3
DA:38,3
DA:39,3
DA:40,3
DA:41,3
DA:42,3
DA:43,3
DA:44,2
DA:45,1
DA:46,3
DA:47,3
DA:48,3
DA:49,3
DA:50,4
DA:51,4
LF:51
LH:51
BRDA:2,0,0,2
BRDA:6,1,0,4
BRDA:19,2,0,3
BRDA:43,3,0,2
BRDA:44,4,0,1
BRDA:24,5,0,7
BRDA:25,6,0,4
BRDA:25,7,0,2
BRDA:26,8,0,1
BRDA:31,9,0,3
BRDA:40,10,0,2
BRF:11
BRH:11
end_of_record
TN:
SF:src/tools/getSession.ts
FN:2,__name
FN:5,registerGetSessionTool
FNF:2
FNH:2
FNDA:1,__name
FNDA:2,registerGetSessionTool
DA:1,1
DA:2,1
DA:3,1
DA:4,1
DA:5,1
DA:6,2
DA:7,2
DA:8,2
DA:9,2
DA:10,2
DA:11,2
DA:12,2
DA:13,1
DA:14,2
DA:15,2
DA:16,2
LF:16
LH:16
BRDA:2,0,0,1
BRDA:5,1,0,2
BRDA:9,2,0,2
BRDA:12,3,0,1
BRF:4
BRH:4
end_of_record
TN:
SF:src/tools/getTopicLevel.ts
FN:1,__name
FN:22,calcAvg
FN:45,detectTopicLevel
FN:257,consecutiveStrongInterviews
FN:274,buildRewardCopy
FN:347,buildSessionRewardSummary
FN:374,registerGetTopicLevelTool
FNF:7
FNH:7
FNDA:68,__name
FNDA:96,calcAvg
FNDA:32,detectTopicLevel
FNDA:19,consecutiveStrongInterviews
FNDA:12,buildRewardCopy
FNDA:12,buildSessionRewardSummary
FNDA:2,registerGetTopicLevelTool
DA:1,1
DA:2,1
DA:3,1
DA:4,1
DA:5,1
DA:6,1
DA:7,1
DA:8,1
DA:9,1
DA:10,1
DA:11,1
DA:12,1
DA:13,1
DA:14,1
DA:15,1
DA:16,1
DA:17,1
DA:18,1
DA:19,1
DA:20,1
DA:21,1
DA:22,96
DA:23,96
DA:24,96
DA:25,96
DA:26,1
DA:27,1
DA:28,1
DA:29,1
DA:30,1
DA:31,1
DA:32,1
DA:33,1
DA:34,1
DA:35,1
DA:36,1
DA:37,1
DA:38,1
DA:39,1
DA:40,1
DA:41,1
DA:42,1
DA:43,1
DA:44,1
DA:45,1
DA:46,32
DA:47,32
DA:48,32
DA:49,32
DA:50,32
DA:51,32
DA:52,32
DA:53,32
DA:54,32
DA:55,32
DA:56,32
DA:57,32
DA:58,5
DA:59,5
DA:60,5
DA:61,5
DA:62,5
DA:63,5
DA:64,5
DA:65,5
DA:66,2
DA:67,3
DA:68,5
DA:69,5
DA:70,5
DA:71,5
DA:72,5
DA:73,5
DA:74,5
DA:75,5
DA:76,5
DA:77,5
DA:78,5
DA:79,32
DA:80,32
DA:81,32
DA:82,27
DA:83,27
DA:84,27
DA:85,27
DA:86,29
DA:87,10
DA:88,10
DA:89,10
DA:90,10
DA:91,10
DA:92,10
DA:93,10
DA:94,10
DA:95,10
DA:96,10
DA:97,10
DA:98,10
DA:99,4
DA:100,10
DA:101,2
DA:102,2
DA:103,2
DA:104,2
DA:105,2
DA:106,2
DA:107,2
DA:108,2
DA:109,2
DA:110,2
DA:111,2
DA:112,2
DA:113,2
DA:114,2
DA:115,2
DA:116,2
DA:117,8
DA:118,8
DA:119,8
DA:120,2
DA:121,10
DA:122,2
DA:123,2
DA:124,2
DA:125,2
DA:126,2
DA:127,2
DA:128,2
DA:129,2
DA:130,2
DA:131,2
DA:132,2
DA:133,2
DA:134,2
DA:135,2
DA:136,2
DA:137,2
DA:138,9
DA:139,9
DA:140,10
DA:141,6
DA:142,6
DA:143,6
DA:144,6
DA:145,6
DA:146,6
DA:147,6
DA:148,6
DA:149,6
DA:150,6
DA:151,6
DA:152,6
DA:153,6
DA:154,6
DA:155,6
DA:156,6
DA:157,9
DA:158,10
DA:159,0
DA:160,0
DA:161,0
DA:162,0
DA:163,0
DA:164,0
DA:165,0
DA:166,0
DA:167,0
DA:168,0
DA:169,0
DA:170,0
DA:171,0
DA:172,0
DA:173,0
DA:174,0
DA:175,10
DA:176,32
DA:177,32
DA:178,0
DA:179,0
DA:180,0
DA:181,0
DA:182,0
DA:183,0
DA:184,0
DA:185,0
DA:186,0
DA:187,0
DA:188,0
DA:189,0
DA:190,0
DA:191,0
DA:192,0
DA:193,0
DA:194,23
DA:195,23
DA:196,23
DA:197,17
DA:198,17
DA:199,17
DA:200,17
DA:201,23
DA:202,60
DA:203,60
DA:204,60
DA:205,60
DA:206,60
DA:207,60
DA:208,60
DA:209,60
DA:210,60
DA:211,60
DA:212,23
DA:213,23
DA:214,23
DA:215,40
DA:216,40
DA:217,40
DA:218,14
DA:219,14
DA:220,14
DA:221,14
DA:222,14
DA:223,8
DA:224,6
DA:225,14
DA:226,14
DA:227,14
DA:228,14
DA:229,14
DA:230,14
DA:231,14
DA:232,14
DA:233,14
DA:234,14
DA:235,14
DA:236,14
DA:237,40
DA:238,23
DA:239,23
DA:240,23
DA:241,3
DA:242,3
DA:243,3
DA:244,3
DA:245,3
DA:246,3
DA:247,3
DA:248,3
DA:249,3
DA:250,3
DA:251,3
DA:252,3
DA:253,3
DA:254,3
DA:255,32
DA:256,1
DA:257,19
DA:258,19
DA:259,19
DA:260,19
DA:261,19
DA:262,19
DA:263,19
DA:264,12
DA:265,12
DA:266,6
DA:267,6
DA:268,6
DA:269,6
DA:270,6
DA:271,19
DA:272,19
DA:273,1
DA:274,12
DA:275,12
DA:276,12
DA:277,12
DA:278,12
DA:279,12
DA:280,12
DA:281,12
DA:282,12
DA:283,12
DA:284,12
DA:285,0
DA:286,0
DA:287,0
DA:288,0
DA:289,0
DA:290,0
DA:291,0
DA:292,0
DA:293,0
DA:294,0
DA:295,0
DA:296,12
DA:297,12
DA:298,1
DA:299,1
DA:300,1
DA:301,1
DA:302,1
DA:303,0
DA:304,1
DA:305,1
DA:306,1
DA:307,12
DA:308,12
DA:309,7
DA:310,7
DA:311,7
DA:312,7
DA:313,7
DA:314,3
DA:315,3
DA:316,0
DA:317,4
DA:318,7
DA:319,7
DA:320,12
DA:321,12
DA:322,4
DA:323,4
DA:324,4
DA:325,4
DA:326,4
DA:327,4
DA:328,1
DA:329,3
DA:330,0
DA:331,4
DA:332,4
DA:333,8
DA:334,8
DA:335,0
DA:336,0
DA:337,0
DA:338,0
DA:339,0
DA:340,0
DA:341,0
DA:342,0
DA:343,0
DA:344,12
DA:345,12
DA:346,1
DA:347,1
DA:348,12
DA:349,12
DA:350,12
DA:351,12
DA:352,12
DA:353,12
DA:354,12
DA:355,12
DA:356,12
DA:357,12
DA:358,12
DA:359,12
DA:360,12
DA:361,12
DA:362,12
DA:363,12
DA:364,12
DA:365,12
DA:366,12
DA:367,12
DA:368,12
DA:369,1
DA:370,1
DA:371,1
DA:372,1
DA:373,1
DA:374,1
DA:375,2
DA:376,2
DA:377,2
DA:378,2
DA:379,2
DA:380,2
DA:381,2
DA:382,2
DA:383,2
DA:384,2
DA:385,2
DA:386,2
DA:387,2
DA:388,7
DA:389,7
DA:390,7
DA:391,7
DA:392,7
DA:393,7
DA:394,7
DA:395,7
DA:396,7
DA:397,7
DA:398,7
DA:399,7
DA:400,7
DA:401,7
DA:402,7
DA:403,7
DA:404,7
DA:405,7
DA:406,7
DA:407,7
DA:408,7
DA:409,7
DA:410,5
DA:411,2
DA:412,7
DA:413,7
DA:414,7
DA:415,7
DA:416,2
DA:417,2
LF:417
LH:362
BRDA:1,0,0,68
BRDA:22,1,0,96
BRDA:23,2,0,0
BRDA:24,3,0,126
BRDA:45,4,0,32
BRDA:57,5,0,5
BRDA:65,6,0,2
BRDA:66,7,0,3
BRDA:81,8,0,29
BRDA:81,9,0,27
BRDA:86,10,0,10
BRDA:98,11,0,4
BRDA:100,12,0,8
BRDA:100,13,0,2
BRDA:119,14,0,2
BRDA:121,15,0,9
BRDA:121,16,0,2
BRDA:140,17,0,6
BRDA:140,18,0,9
BRDA:140,19,0,6
BRDA:158,20,0,0
BRDA:158,21,0,0
BRDA:177,22,0,23
BRDA:177,23,0,17
BRDA:177,24,0,0
BRDA:196,25,0,17
BRDA:201,26,0,60
BRDA:202,27,0,0
BRDA:205,28,0,0
BRDA:206,29,0,34
BRDA:207,30,0,34
BRDA:209,31,0,34
BRDA:214,32,0,17
BRDA:214,33,0,40
BRDA:216,34,0,6
BRDA:217,35,0,14
BRDA:222,36,0,8
BRDA:223,37,0,6
BRDA:240,38,0,3
BRDA:50,39,0,130
BRDA:54,40,0,98
BRDA:82,41,0,98
BRDA:82,42,0,93
BRDA:88,43,0,4
BRDA:91,44,0,20
BRDA:94,45,0,14
BRDA:94,46,0,24
BRDA:99,47,0,6
BRDA:120,48,0,4
BRDA:196,49,0,60
BRDA:203,50,0,60
BRDA:257,51,0,19
BRDA:263,52,0,12
BRDA:265,53,0,6
BRDA:259,54,0,68
BRDA:259,55,0,63
BRDA:260,56,0,4
BRDA:264,57,0,22
BRDA:274,58,0,12
BRDA:284,59,0,0
BRDA:297,60,0,1
BRDA:297,61,0,1
BRDA:300,62,0,0
BRDA:302,63,0,0
BRDA:308,64,0,11
BRDA:308,65,0,7
BRDA:313,66,0,3
BRDA:315,67,0,0
BRDA:316,68,0,4
BRDA:321,69,0,8
BRDA:321,70,0,4
BRDA:327,71,0,1
BRDA:328,72,0,3
BRDA:329,73,0,0
BRDA:334,74,0,0
BRDA:347,75,0,12
BRDA:353,76,0,41
BRDA:374,77,0,2
BRDA:387,78,0,7
BRDA:409,79,0,5
BRDA:410,80,0,2
BRF:81
BRH:69
end_of_record
TN:
SF:src/tools/helpTools.ts
FN:2,__name
FN:5,registerHelpTools
FNF:2
FNH:2
FNDA:1,__name
FNDA:2,registerHelpTools
DA:1,1
DA:2,1
DA:3,1
DA:4,1
DA:5,1
DA:6,2
DA:7,2
DA:8,2
DA:9,2
DA:10,2
DA:11,2
DA:12,2
DA:13,2
DA:14,2
DA:15,2
DA:16,2
DA:17,2
DA:18,2
DA:19,2
DA:20,2
DA:21,2
DA:22,2
DA:23,2
DA:24,2
DA:25,2
DA:26,2
DA:27,2
DA:28,2
DA:29,2
DA:30,2
DA:31,2
DA:32,2
DA:33,2
DA:34,2
DA:35,2
DA:36,2
DA:37,2
DA:38,2
DA:39,2
DA:40,2
DA:41,2
DA:42,2
DA:43,2
DA:44,2
DA:45,2
DA:46,2
DA:47,2
DA:48,2
DA:49,2
DA:50,2
DA:51,2
DA:52,2
DA:53,2
DA:54,2
DA:55,2
DA:56,2
DA:57,2
DA:58,2
DA:59,2
DA:60,2
DA:61,2
DA:62,2
DA:63,2
DA:64,2
DA:65,2
DA:66,2
DA:67,2
DA:68,2
DA:69,2
DA:70,2
DA:71,2
DA:72,2
DA:73,2
DA:74,2
DA:75,2
DA:76,2
DA:77,2
DA:78,2
DA:79,2
DA:80,2
DA:81,2
DA:82,2
DA:83,2
DA:84,2
DA:85,2
DA:86,2
DA:87,2
DA:88,2
DA:89,2
DA:90,2
DA:91,2
DA:92,2
DA:93,2
DA:94,0
DA:95,2
DA:96,2
DA:97,1
DA:98,1
DA:99,1
DA:100,1
DA:101,1
DA:102,1
DA:103,1
DA:104,1
DA:105,1
DA:106,1
DA:107,1
DA:108,1
DA:109,1
DA:110,1
DA:111,1
DA:112,1
DA:113,1
DA:114,2
DA:115,2
DA:116,2
LF:116
LH:115
BRDA:2,0,0,1
BRDA:5,1,0,2
BRDA:14,2,0,2
BRDA:93,3,0,0
BRDA:96,4,0,1
BRDA:93,5,0,48
BRF:6
BRH:5
end_of_record
TN:
SF:src/tools/listExercises.ts
FN:1,__name
FN:5,registerListExercisesTool
FNF:2
FNH:2
FNDA:2,__name
FNDA:2,registerListExercisesTool
DA:1,1
DA:2,1
DA:3,1
DA:4,1
DA:5,1
DA:6,2
DA:7,2
DA:8,2
DA:9,2
DA:10,2
DA:11,2
DA:12,2
DA:13,2
DA:14,2
DA:15,2
DA:16,2
DA:17,2
DA:18,2
DA:19,1
DA:20,1
DA:21,1
DA:22,1
DA:23,1
DA:24,1
DA:25,1
DA:26,1
DA:27,1
DA:28,1
DA:29,1
DA:30,1
DA:31,1
DA:32,1
DA:33,1
DA:34,1
DA:35,1
DA:36,1
DA:37,1
DA:38,1
DA:39,1
DA:40,1
DA:41,1
DA:42,1
DA:43,1
DA:44,1
DA:45,1
DA:46,1
DA:47,1
DA:48,1
DA:49,1
DA:50,1
DA:51,1
DA:52,1
DA:53,1
DA:54,1
DA:55,1
DA:56,2
DA:57,2
LF:57
LH:57
BRDA:1,0,0,2
BRDA:5,1,0,2
BRDA:18,2,0,1
BRDA:49,3,0,0
BRDA:49,4,0,0
BRDA:49,5,0,0
BRDA:28,6,0,1
BRDA:31,7,0,1
BRF:8
BRH:5
end_of_record
TN:
SF:src/tools/listMistakes.ts
FN:1,__name
FN:5,registerListMistakesTool
FNF:2
FNH:2
FNDA:1,__name
FNDA:2,registerListMistakesTool
DA:1,1
DA:2,1
DA:3,1
DA:4,1
DA:5,1
DA:6,2
DA:7,2
DA:8,2
DA:9,2
DA:10,2
DA:11,2
DA:12,2
DA:13,2
DA:14,2
DA:15,1
DA:16,1
DA:17,1
DA:18,1
DA:19,1
DA:20,2
DA:21,2
LF:21
LH:21
BRDA:1,0,0,1
BRDA:5,1,0,2
BRDA:14,2,0,1
BRF:3
BRH:3
end_of_record
TN:
SF:src/tools/listSessions.ts
FN:4,__name
FN:4,registerListSessionsTool
FNF:2
FNH:2
FNDA:1,__name
FNDA:2,registerListSessionsTool
DA:1,1
DA:2,1
DA:3,1
DA:4,1
DA:5,2
DA:6,2
DA:7,2
DA:8,2
DA:9,1
DA:10,1
DA:11,2
DA:12,2
DA:13,2
DA:14,2
DA:15,2
DA:16,2
DA:17,2
DA:18,1
DA:19,1
DA:20,1
DA:21,2
DA:22,2
LF:22
LH:22
BRDA:4,0,0,1
BRDA:4,1,0,2
BRDA:8,2,0,1
BRDA:10,3,0,2
BRDA:15,4,0,1
BRDA:17,5,0,1
BRF:6
BRH:6
end_of_record
TN:
SF:src/tools/listSkills.ts
FN:1,__name
FN:5,registerListSkillsTool
FNF:2
FNH:2
FNDA:1,__name
FNDA:2,registerListSkillsTool
DA:1,1
DA:2,1
DA:3,1
DA:4,1
DA:5,1
DA:6,2
DA:7,2
DA:8,2
DA:9,2
DA:10,2
DA:11,2
DA:12,2
DA:13,2
DA:14,2
DA:15,1
DA:16,1
DA:17,1
DA:18,1
DA:19,1
DA:20,1
DA:21,1
DA:22,1
DA:23,2
DA:24,2
LF:24
LH:24
BRDA:1,0,0,1
BRDA:5,1,0,2
BRDA:14,2,0,1
BRF:3
BRH:3
end_of_record
TN:
SF:src/tools/listTopics.ts
FN:4,__name
FN:4,registerListTopicsTool
FNF:2
FNH:2
FNDA:1,__name
FNDA:2,registerListTopicsTool
DA:1,1
DA:2,1
DA:3,1
DA:4,1
DA:5,2
DA:6,2
DA:7,2
DA:8,2
DA:9,1
DA:10,1
DA:11,1
DA:12,1
DA:13,1
DA:14,1
DA:15,1
DA:16,1
DA:17,1
DA:18,0
DA:19,1
DA:20,1
DA:21,1
DA:22,1
DA:23,2
DA:24,2
LF:24
LH:23
BRDA:4,0,0,1
BRDA:4,1,0,2
BRDA:8,2,0,1
BRDA:17,3,0,0
BRF:4
BRH:3
end_of_record
TN:
SF:src/tools/logMistake.ts
FN:1,__name
FN:5,registerLogMistakeTool
FNF:2
FNH:2
FNDA:1,__name
FNDA:2,registerLogMistakeTool
DA:1,1
DA:2,1
DA:3,1
DA:4,1
DA:5,1
DA:6,2
DA:7,2
DA:8,2
DA:9,2
DA:10,2
DA:11,2
DA:12,2
DA:13,2
DA:14,2
DA:15,2
DA:16,2
DA:17,2
DA:18,1
DA:19,1
DA:20,1
DA:21,1
DA:22,1
DA:23,1
DA:24,1
DA:25,1
DA:26,1
DA:27,1
DA:28,1
DA:29,1
DA:30,1
DA:31,2
DA:32,2
LF:32
LH:32
BRDA:1,0,0,1
BRDA:5,1,0,2
BRDA:17,2,0,1
BRDA:28,3,0,0
BRF:4
BRH:3
end_of_record
TN:
SF:src/tools/nextQuestion.ts
FN:2,__name
FN:7,registerNextQuestionTool
FNF:2
FNH:2
FNDA:3,__name
FNDA:5,registerNextQuestionTool
DA:1,1
DA:2,1
DA:3,1
DA:4,1
DA:5,1
DA:6,1
DA:7,1
DA:8,5
DA:9,5
DA:10,5
DA:11,5
DA:12,16
DA:13,16
DA:14,16
DA:15,16
DA:16,16
DA:17,16
DA:18,16
DA:19,16
DA:20,16
DA:21,16
DA:22,16
DA:23,11
DA:24,11
DA:25,11
DA:26,11
DA:27,11
DA:28,11
DA:29,8
DA:30,11
DA:31,11
DA:32,11
DA:33,11
DA:34,11
DA:35,11
DA:36,11
DA:37,11
DA:38,11
DA:39,11
DA:40,11
DA:41,11
DA:42,11
DA:43,11
DA:44,11
DA:45,11
DA:46,11
DA:47,11
DA:48,11
DA:49,11
DA:50,11
DA:51,16
DA:52,16
DA:53,5
DA:54,5
DA:55,5
DA:56,5
DA:57,5
DA:58,5
DA:59,5
DA:60,5
DA:61,5
DA:62,5
DA:63,5
DA:64,5
DA:65,5
DA:66,5
DA:67,16
DA:68,5
DA:69,5
LF:69
LH:69
BRDA:2,0,0,3
BRDA:7,1,0,5
BRDA:11,2,0,16
BRDA:14,3,0,0
BRDA:17,4,0,0
BRDA:22,5,0,11
BRDA:28,6,0,8
BRDA:52,7,0,5
BRF:8
BRH:6
end_of_record
TN:
SF:src/tools/practiceMicroSkill.ts
FN:1,__name
FN:20,registerPracticeMicroSkillTool
FNF:2
FNH:2
FNDA:2,__name
FNDA:3,registerPracticeMicroSkillTool
DA:1,1
DA:2,1
DA:3,1
DA:4,1
DA:5,1
DA:6,1
DA:7,1
DA:8,1
DA:9,1
DA:10,1
DA:11,1
DA:12,1
DA:13,1
DA:14,1
DA:15,1
DA:16,1
DA:17,1
DA:18,1
DA:19,1
DA:20,1
DA:21,3
DA:22,3
DA:23,3
DA:24,3
DA:25,3
DA:26,3
DA:27,3
DA:28,3
DA:29,3
DA:30,3
DA:31,3
DA:32,3
DA:33,3
DA:34,3
DA:35,3
DA:36,3
DA:37,1
DA:38,1
DA:39,1
DA:40,1
DA:41,1
DA:42,1
DA:43,1
DA:44,1
DA:45,1
DA:46,3
DA:47,3
DA:48,3
DA:49,1
DA:50,1
DA:51,3
DA:52,3
DA:53,1
DA:54,1
DA:55,1
DA:56,1
DA:57,1
DA:58,1
DA:59,0
DA:60,1
DA:61,1
DA:62,1
DA:63,1
DA:64,1
DA:65,1
DA:66,1
DA:67,1
DA:68,1
DA:69,1
DA:70,1
DA:71,1
DA:72,1
DA:73,1
DA:74,1
DA:75,1
DA:76,1
DA:77,1
DA:78,3
DA:79,3
DA:80,3
DA:81,3
DA:82,3
DA:83,3
DA:84,3
DA:85,3
DA:86,3
DA:87,3
DA:88,3
DA:89,3
DA:90,3
DA:91,3
DA:92,1
DA:93,1
DA:94,1
DA:95,1
DA:96,1
DA:97,1
DA:98,1
DA:99,1
DA:100,1
DA:101,1
DA:102,1
DA:103,1
DA:104,1
DA:105,1
DA:106,1
DA:107,1
DA:108,1
DA:109,1
DA:110,1
DA:111,1
DA:112,1
DA:113,1
DA:114,1
DA:115,1
DA:116,1
DA:117,1
DA:118,1
DA:119,1
DA:120,1
DA:121,1
DA:122,1
DA:123,1
DA:124,1
DA:125,1
DA:126,1
DA:127,1
DA:128,1
DA:129,1
DA:130,1
DA:131,1
DA:132,1
DA:133,1
DA:134,1
DA:135,1
DA:136,1
DA:137,1
DA:138,1
DA:139,1
DA:140,1
DA:141,1
DA:142,1
DA:143,1
DA:144,1
DA:145,1
DA:146,1
DA:147,1
DA:148,1
DA:149,1
DA:150,1
DA:151,1
DA:152,1
DA:153,1
DA:154,1
DA:155,1
DA:156,1
DA:157,1
DA:158,1
DA:159,1
DA:160,1
DA:161,1
DA:162,1
DA:163,1
DA:164,1
DA:165,1
DA:166,1
DA:167,1
DA:168,1
DA:169,1
DA:170,1
DA:171,1
DA:172,1
DA:173,3
DA:174,3
DA:175,3
LF:175
LH:174
BRDA:1,0,0,2
BRDA:20,1,0,3
BRDA:33,2,0,3
BRDA:36,3,0,1
BRDA:48,4,0,2
BRDA:48,5,0,1
BRDA:52,6,0,1
BRDA:58,7,0,0
BRDA:78,8,0,0
BRDA:91,9,0,1
BRDA:49,10,0,2
BRDA:50,11,0,1
BRDA:60,12,0,2
BRDA:81,13,0,2
BRDA:93,14,0,1
BRDA:117,15,0,1
BRF:16
BRH:14
end_of_record
TN:
SF:src/tools/registerAllTools.ts
FN:3,__name
FN:34,registerAllTools
FNF:2
FNH:2
FNDA:1,__name
FNDA:1,registerAllTools
DA:1,1
DA:2,1
DA:3,1
DA:4,1
DA:5,1
DA:6,1
DA:7,1
DA:8,1
DA:9,1
DA:10,1
DA:11,1
DA:12,1
DA:13,1
DA:14,1
DA:15,1
DA:16,1
DA:17,1
DA:18,1
DA:19,1
DA:20,1
DA:21,1
DA:22,1
DA:23,1
DA:24,1
DA:25,1
DA:26,1
DA:27,1
DA:28,1
DA:29,1
DA:30,1
DA:31,1
DA:32,1
DA:33,1
DA:34,1
DA:35,1
DA:36,1
DA:37,1
DA:38,1
DA:39,1
DA:40,1
DA:41,1
DA:42,1
DA:43,1
DA:44,1
DA:45,1
DA:46,1
DA:47,1
DA:48,1
DA:49,1
DA:50,1
DA:51,1
DA:52,1
DA:53,1
DA:54,1
DA:55,1
DA:56,1
DA:57,1
DA:58,1
DA:59,1
DA:60,1
DA:61,1
DA:62,1
DA:63,1
DA:64,1
DA:65,1
LF:65
LH:65
BRDA:3,0,0,1
BRDA:34,1,0,1
BRF:2
BRH:2
end_of_record
TN:
SF:src/tools/reviewFlashcard.ts
FN:2,__name
FN:7,registerReviewFlashcardTool
FNF:2
FNH:2
FNDA:2,__name
FNDA:7,registerReviewFlashcardTool
DA:1,1
DA:2,1
DA:3,1
DA:4,1
DA:5,1
DA:6,1
DA:7,1
DA:8,7
DA:9,7
DA:10,7
DA:11,7
DA:12,7
DA:13,7
DA:14,7
DA:15,7
DA:16,7
DA:17,7
DA:18,7
DA:19,7
DA:20,7
DA:21,6
DA:22,6
DA:23,6
DA:24,6
DA:25,1
DA:26,1
DA:27,6
DA:28,6
DA:29,5
DA:30,5
DA:31,5
DA:32,5
DA:33,5
DA:34,5
DA:35,5
DA:36,5
DA:37,5
DA:38,5
DA:39,5
DA:40,5
DA:41,5
DA:42,5
DA:43,5
DA:44,5
DA:45,5
DA:46,5
DA:47,5
DA:48,5
DA:49,5
DA:50,5
DA:51,5
DA:52,6
DA:53,6
DA:54,6
DA:55,6
DA:56,1
DA:57,4
DA:58,6
DA:59,2
DA:60,2
DA:61,2
DA:62,2
DA:63,2
DA:64,6
DA:65,6
DA:66,6
DA:67,6
DA:68,6
DA:69,7
DA:70,7
LF:70
LH:70
BRDA:2,0,0,2
BRDA:7,1,0,7
BRDA:20,2,0,6
BRDA:24,3,0,1
BRDA:28,4,0,5
BRDA:52,5,0,2
BRDA:52,6,0,3
BRDA:55,7,0,1
BRDA:56,8,0,4
BRDA:57,9,0,1
BRDA:57,10,0,3
BRDA:58,11,0,4
BRDA:58,12,0,2
BRDA:64,13,0,3
BRDA:22,14,0,5
BRF:15
BRH:15
end_of_record
TN:
SF:src/tools/serverStatus.ts
FN:4,__name
FN:4,registerServerStatusTool
FNF:2
FNH:2
FNDA:1,__name
FNDA:2,registerServerStatusTool
DA:1,1
DA:2,1
DA:3,1
DA:4,1
DA:5,2
DA:6,2
DA:7,2
DA:8,2
DA:9,1
DA:10,1
DA:11,1
DA:12,1
DA:13,1
DA:14,1
DA:15,1
DA:16,1
DA:17,1
DA:18,1
DA:19,1
DA:20,1
DA:21,1
DA:22,1
DA:23,1
DA:24,1
DA:25,1
DA:26,1
DA:27,1
DA:28,1
DA:29,1
DA:30,1
DA:31,1
DA:32,1
DA:33,1
DA:34,1
DA:35,1
DA:36,1
DA:37,1
DA:38,1
DA:39,1
DA:40,1
DA:41,1
DA:42,1
DA:43,1
DA:44,2
DA:45,2
LF:45
LH:45
BRDA:4,0,0,1
BRDA:4,1,0,2
BRDA:8,2,0,1
BRDA:21,3,0,0
BRDA:12,4,0,2
BRF:5
BRH:4
end_of_record
TN:
SF:src/tools/startDrill.ts
FN:2,__name
FN:26,registerStartDrillTool
FNF:2
FNH:2
FNDA:2,__name
FNDA:5,registerStartDrillTool
DA:1,1
DA:2,1
DA:3,1
DA:4,1
DA:5,1
DA:6,1
DA:7,1
DA:8,1
DA:9,1
DA:10,1
DA:11,1
DA:12,1
DA:13,1
DA:14,1
DA:15,1
DA:16,1
DA:17,1
DA:18,1
DA:19,1
DA:20,1
DA:21,1
DA:22,1
DA:23,1
DA:24,1
DA:25,1
DA:26,1
DA:27,5
DA:28,5
DA:29,5
DA:30,5
DA:31,5
DA:32,5
DA:33,5
DA:34,5
DA:35,5
DA:36,5
DA:37,5
DA:38,5
DA:39,5
DA:40,5
DA:41,5
DA:42,5
DA:43,5
DA:44,5
DA:45,5
DA:46,5
DA:47,8
DA:48,7
DA:49,5
DA:50,5
DA:51,5
DA:52,5
DA:53,1
DA:54,1
DA:55,1
DA:56,1
DA:57,1
DA:58,5
DA:59,5
DA:60,5
DA:61,5
DA:62,2
DA:63,2
DA:64,1
DA:65,2
DA:66,2
DA:67,2
DA:68,1
DA:69,2
DA:70,2
DA:71,2
DA:72,2
DA:73,2
DA:74,2
DA:75,2
DA:76,2
DA:77,2
DA:78,5
DA:79,1
DA:80,1
DA:81,1
DA:82,1
DA:83,1
DA:84,1
DA:85,1
DA:86,1
DA:87,1
DA:88,1
DA:89,1
DA:90,1
DA:91,1
DA:92,1
DA:93,1
DA:94,1
DA:95,1
DA:96,1
DA:97,1
DA:98,1
DA:99,1
DA:100,1
DA:101,1
DA:102,1
DA:103,1
DA:104,1
DA:105,1
DA:106,1
DA:107,1
DA:108,1
DA:109,1
DA:110,1
DA:111,1
DA:112,1
DA:113,1
DA:114,1
DA:115,1
DA:116,1
DA:117,1
DA:118,1
DA:119,1
DA:120,1
DA:121,1
DA:122,1
DA:123,1
DA:124,1
DA:125,1
DA:126,1
DA:127,1
DA:128,1
DA:129,1
DA:130,1
DA:131,1
DA:132,1
DA:133,1
DA:134,1
DA:135,1
DA:136,1
DA:137,1
DA:138,1
DA:139,1
DA:140,1
DA:141,1
DA:142,1
DA:143,1
DA:144,1
DA:145,1
DA:146,1
DA:147,1
DA:148,1
DA:149,1
DA:150,1
DA:151,1
DA:152,1
DA:153,1
DA:154,1
DA:155,1
DA:156,5
DA:157,5
DA:158,5
LF:158
LH:158
BRDA:2,0,0,2
BRDA:26,1,0,5
BRDA:42,2,0,5
BRDA:52,3,0,1
BRDA:60,4,0,4
BRDA:61,5,0,2
BRDA:63,6,0,1
BRDA:65,7,0,0
BRDA:78,8,0,1
BRDA:78,9,0,1
BRDA:46,10,0,8
BRDA:47,11,0,7
BRDA:48,12,0,5
BRDA:67,13,0,1
BRDA:73,14,0,3
BRDA:108,15,0,1
BRF:16
BRH:15
end_of_record
TN:
SF:src/tools/startInterview.ts
FN:2,__name
FN:26,shuffled
FN:43,selectQuestions
FN:101,registerStartInterviewTool
FNF:4
FNH:3
FNDA:15,__name
FNDA:0,shuffled
FNDA:19,selectQuestions
FNDA:12,registerStartInterviewTool
DA:1,1
DA:2,1
DA:3,1
DA:4,1
DA:5,1
DA:6,1
DA:7,1
DA:8,1
DA:9,1
DA:10,1
DA:11,1
DA:12,1
DA:13,1
DA:14,1
DA:15,1
DA:16,1
DA:17,1
DA:18,1
DA:19,1
DA:20,1
DA:21,1
DA:22,1
DA:23,1
DA:24,1
DA:25,1
DA:26,0
DA:27,0
DA:28,0
DA:29,0
DA:30,0
DA:31,0
DA:32,0
DA:33,0
DA:34,1
DA:35,1
DA:36,1
DA:37,1
DA:38,1
DA:39,1
DA:40,1
DA:41,1
DA:42,1
DA:43,1
DA:44,19
DA:45,19
DA:46,19
DA:47,19
DA:48,19
DA:49,19
DA:50,19
DA:51,19
DA:52,95
DA:53,95
DA:54,95
DA:55,95
DA:56,95
DA:57,19
DA:58,19
DA:59,19
DA:60,19
DA:61,19
DA:62,19
DA:63,95
DA:64,95
DA:65,95
DA:66,19
DA:67,19
DA:68,19
DA:69,57
DA:70,57
DA:71,57
DA:72,45
DA:73,45
DA:74,57
DA:75,57
DA:76,57
DA:77,19
DA:78,19
DA:79,19
DA:80,19
DA:81,19
DA:82,19
DA:83,57
DA:84,57
DA:85,57
DA:86,19
DA:87,19
DA:88,19
DA:89,19
DA:90,19
DA:91,19
DA:92,19
DA:93,57
DA:94,57
DA:95,57
DA:96,57
DA:97,19
DA:98,19
DA:99,19
DA:100,1
DA:101,1
DA:102,12
DA:103,12
DA:104,12
DA:105,12
DA:106,12
DA:107,12
DA:108,12
DA:109,12
DA:110,12
DA:111,12
DA:112,12
DA:113,12
DA:114,12
DA:115,12
DA:116,12
DA:117,12
DA:118,12
DA:119,13
DA:120,13
DA:121,13
DA:122,13
DA:123,13
DA:124,13
DA:125,1
DA:126,1
DA:127,1
DA:128,1
DA:129,1
DA:130,1
DA:131,13
DA:132,13
DA:133,12
DA:134,12
DA:135,13
DA:136,13
DA:137,13
DA:138,12
DA:139,12
DA:140,12
DA:141,15
DA:142,15
DA:143,21
DA:144,21
DA:145,21
DA:146,9
DA:147,9
DA:148,21
DA:149,15
DA:150,12
DA:151,12
DA:152,12
DA:153,12
DA:154,12
DA:155,12
DA:156,12
DA:157,12
DA:158,12
DA:159,12
DA:160,12
DA:161,12
DA:162,32
DA:163,32
DA:164,32
DA:165,12
DA:166,12
DA:167,12
DA:168,12
DA:169,12
DA:170,13
DA:171,0
DA:172,0
DA:173,13
DA:174,13
DA:175,12
DA:176,13
DA:177,13
DA:178,13
DA:179,13
DA:180,13
DA:181,13
DA:182,13
DA:183,13
DA:184,13
DA:185,13
DA:186,13
DA:187,13
DA:188,13
DA:189,13
DA:190,13
DA:191,13
DA:192,13
DA:193,13
DA:194,13
DA:195,13
DA:196,13
DA:197,13
DA:198,13
DA:199,13
DA:200,13
DA:201,13
DA:202,13
DA:203,13
DA:204,13
DA:205,13
DA:206,13
DA:207,12
DA:208,0
DA:209,0
DA:210,0
DA:211,13
DA:212,13
DA:213,13
DA:214,13
DA:215,13
DA:216,13
DA:217,12
DA:218,12
LF:218
LH:205
BRDA:2,0,0,15
BRDA:43,1,0,19
BRDA:61,2,0,57
BRDA:62,3,0,95
BRDA:63,4,0,0
BRDA:68,5,0,57
BRDA:82,6,0,57
BRDA:83,7,0,0
BRDA:88,8,0,5
BRDA:92,9,0,57
BRDA:51,10,0,95
BRDA:54,11,0,0
BRDA:55,12,0,1
BRDA:56,13,0,84
BRDA:71,14,0,45
BRDA:72,15,0,3
BRDA:73,16,0,42
BRDA:101,17,0,12
BRDA:118,18,0,13
BRDA:124,19,0,1
BRDA:124,20,0,1
BRDA:128,21,0,0
BRDA:132,22,0,12
BRDA:135,23,0,0
BRDA:137,24,0,12
BRDA:140,25,0,15
BRDA:141,26,0,0
BRDA:142,27,0,21
BRDA:145,28,0,9
BRDA:170,29,0,0
BRDA:174,30,0,12
BRDA:176,31,0,0
BRDA:201,32,0,12
BRDA:203,33,0,12
BRDA:206,34,0,12
BRDA:207,35,0,0
BRDA:159,36,0,32
BRDA:160,37,0,32
BRDA:161,38,0,32
BRF:39
BRH:30
end_of_record
TN:
SF:src/tools/startScopedInterview.ts
FN:1,__name
FN:18,registerStartScopedInterviewTool
FNF:2
FNH:2
FNDA:2,__name
FNDA:5,registerStartScopedInterviewTool
DA:1,1
DA:2,1
DA:3,1
DA:4,1
DA:5,1
DA:6,1
DA:7,1
DA:8,1
DA:9,1
DA:10,1
DA:11,1
DA:12,1
DA:13,1
DA:14,1
DA:15,1
DA:16,1
DA:17,1
DA:18,1
DA:19,5
DA:20,5
DA:21,5
DA:22,5
DA:23,5
DA:24,5
DA:25,5
DA:26,5
DA:27,5
DA:28,5
DA:29,5
DA:30,5
DA:31,5
DA:32,5
DA:33,5
DA:34,5
DA:35,5
DA:36,5
DA:37,5
DA:38,5
DA:39,5
DA:40,5
DA:41,5
DA:42,5
DA:43,5
DA:44,5
DA:45,5
DA:46,5
DA:47,5
DA:48,5
DA:49,5
DA:50,4
DA:51,1
DA:52,1
DA:53,4
DA:54,4
DA:55,1
DA:56,1
DA:57,1
DA:58,0
DA:59,0
DA:60,0
DA:61,0
DA:62,0
DA:63,1
DA:64,1
DA:65,1
DA:66,1
DA:67,1
DA:68,1
DA:69,1
DA:70,1
DA:71,1
DA:72,1
DA:73,0
DA:74,1
DA:75,1
DA:76,1
DA:77,1
DA:78,1
DA:79,1
DA:80,1
DA:81,1
DA:82,1
DA:83,1
DA:84,1
DA:85,1
DA:86,4
DA:87,4
DA:88,2
DA:89,2
DA:90,4
DA:91,1
DA:92,1
DA:93,1
DA:94,1
DA:95,1
DA:96,1
DA:97,1
DA:98,1
DA:99,1
DA:100,1
DA:101,0
DA:102,1
DA:103,1
DA:104,1
DA:105,1
DA:106,1
DA:107,1
DA:108,4
DA:109,4
DA:110,4
DA:111,4
DA:112,0
DA:113,1
DA:114,4
DA:115,4
DA:116,4
DA:117,4
DA:118,0
DA:119,1
DA:120,4
DA:121,4
DA:122,4
DA:123,4
DA:124,4
DA:125,4
DA:126,4
DA:127,4
DA:128,4
DA:129,4
DA:130,4
DA:131,4
DA:132,4
DA:133,4
DA:134,4
DA:135,4
DA:136,4
DA:137,4
DA:138,4
DA:139,4
DA:140,4
DA:141,4
DA:142,4
DA:143,4
DA:144,4
DA:145,4
DA:146,4
DA:147,4
DA:148,4
DA:149,4
DA:150,4
DA:151,4
DA:152,4
DA:153,4
DA:154,4
DA:155,0
DA:156,1
DA:157,1
DA:158,1
DA:159,1
DA:160,1
DA:161,1
DA:162,1
DA:163,4
DA:164,4
DA:165,4
DA:166,4
DA:167,4
DA:168,4
DA:169,4
DA:170,0
DA:171,1
DA:172,4
DA:173,4
DA:174,4
DA:175,4
DA:176,5
DA:177,5
LF:177
LH:166
BRDA:1,0,0,2
BRDA:18,1,0,5
BRDA:49,2,0,4
BRDA:50,3,0,2
BRDA:50,4,0,1
BRDA:54,5,0,3
BRDA:54,6,0,2
BRDA:54,7,0,1
BRDA:57,8,0,0
BRDA:72,9,0,0
BRDA:87,10,0,2
BRDA:90,11,0,1
BRDA:100,12,0,0
BRDA:108,13,0,0
BRDA:108,14,0,1
BRDA:109,15,0,0
BRDA:109,16,0,1
BRDA:110,17,0,0
BRDA:110,18,0,1
BRDA:111,19,0,0
BRDA:112,20,0,1
BRDA:117,21,0,0
BRDA:118,22,0,1
BRDA:137,23,0,0
BRDA:153,24,0,1
BRDA:154,25,0,0
BRDA:155,26,0,1
BRDA:169,27,0,0
BRDA:170,28,0,1
BRDA:74,29,0,1
BRDA:158,30,0,2
BRDA:159,31,0,1
BRF:32
BRH:21
end_of_record
TN:
SF:src/tools/startWarmUp.ts
FN:1,__name
FN:47,shuffled
FN:56,selectWarmupQuestions
FN:82,registerStartWarmUpTool
FNF:4
FNH:3
FNDA:23,__name
FNDA:0,shuffled
FNDA:8,selectWarmupQuestions
FNDA:7,registerStartWarmUpTool
DA:1,1
DA:2,1
DA:3,1
DA:4,1
DA:5,1
DA:6,1
DA:7,1
DA:8,1
DA:9,1
DA:10,1
DA:11,1
DA:12,1
DA:13,1
DA:14,1
DA:15,1
DA:16,1
DA:17,1
DA:18,1
DA:19,1
DA:20,1
DA:21,1
DA:22,1
DA:23,1
DA:24,1
DA:25,1
DA:26,1
DA:27,1
DA:28,1
DA:29,1
DA:30,1
DA:31,1
DA:32,1
DA:33,1
DA:34,1
DA:35,1
DA:36,1
DA:37,1
DA:38,1
DA:39,1
DA:40,1
DA:41,1
DA:42,1
DA:43,1
DA:44,1
DA:45,1
DA:46,1
DA:47,0
DA:48,0
DA:49,0
DA:50,0
DA:51,0
DA:52,0
DA:53,0
DA:54,0
DA:55,1
DA:56,8
DA:57,8
DA:58,8
DA:59,8
DA:60,8
DA:61,8
DA:62,8
DA:63,8
DA:64,0
DA:65,0
DA:66,0
DA:67,0
DA:68,0
DA:69,0
DA:70,0
DA:71,0
DA:72,0
DA:73,0
DA:74,0
DA:75,0
DA:76,0
DA:77,0
DA:78,0
DA:79,0
DA:80,8
DA:81,1
DA:82,1
DA:83,7
DA:84,7
DA:85,7
DA:86,7
DA:87,7
DA:88,7
DA:89,7
DA:90,7
DA:91,7
DA:92,7
DA:93,7
DA:94,7
DA:95,7
DA:96,7
DA:97,7
DA:98,7
DA:99,7
DA:100,7
DA:101,7
DA:102,7
DA:103,7
DA:104,11
DA:105,11
DA:106,11
DA:107,11
DA:108,11
DA:109,11
DA:110,10
DA:111,11
DA:112,11
DA:113,11
DA:114,11
DA:115,10
DA:116,1
DA:117,11
DA:118,11
DA:119,11
DA:120,11
DA:121,11
DA:122,11
DA:123,11
DA:124,18
DA:125,18
DA:126,18
DA:127,16
DA:128,11
DA:129,11
DA:130,11
DA:131,11
DA:132,11
DA:133,4
DA:134,4
DA:135,4
DA:136,4
DA:137,11
DA:138,11
DA:139,11
DA:140,11
DA:141,1
DA:142,1
DA:143,1
DA:144,1
DA:145,1
DA:146,1
DA:147,1
DA:148,1
DA:149,1
DA:150,1
DA:151,1
DA:152,1
DA:153,1
DA:154,1
DA:155,11
DA:156,11
DA:157,11
DA:158,10
DA:159,10
DA:160,11
DA:161,11
DA:162,11
DA:163,11
DA:164,11
DA:165,1
DA:166,1
DA:167,1
DA:168,1
DA:169,1
DA:170,1
DA:171,1
DA:172,1
DA:173,1
DA:174,1
DA:175,1
DA:176,1
DA:177,1
DA:178,1
DA:179,1
DA:180,1
DA:181,1
DA:182,1
DA:183,1
DA:184,1
DA:185,1
DA:186,1
DA:187,1
DA:188,1
DA:189,1
DA:190,1
DA:191,1
DA:192,1
DA:193,1
DA:194,1
DA:195,1
DA:196,1
DA:197,1
DA:198,1
DA:199,1
DA:200,1
DA:201,1
DA:202,1
DA:203,1
DA:204,1
DA:205,1
DA:206,1
DA:207,1
DA:208,1
DA:209,1
DA:210,1
DA:211,1
DA:212,1
DA:213,11
DA:214,11
DA:215,1
DA:216,1
DA:217,1
DA:218,1
DA:219,1
DA:220,1
DA:221,1
DA:222,0
DA:223,1
DA:224,1
DA:225,1
DA:226,1
DA:227,1
DA:228,11
DA:229,11
DA:230,8
DA:231,8
DA:232,8
DA:233,8
DA:234,8
DA:235,8
DA:236,8
DA:237,8
DA:238,8
DA:239,8
DA:240,11
DA:241,11
DA:242,11
DA:243,11
DA:244,11
DA:245,11
DA:246,11
DA:247,11
DA:248,11
DA:249,11
DA:250,11
DA:251,11
DA:252,11
DA:253,11
DA:254,11
DA:255,11
DA:256,11
DA:257,11
DA:258,11
DA:259,11
DA:260,11
DA:261,11
DA:262,11
DA:263,11
DA:264,11
DA:265,11
DA:266,11
DA:267,11
DA:268,11
DA:269,11
DA:270,11
DA:271,11
DA:272,11
DA:273,11
DA:274,11
DA:275,7
DA:276,7
LF:276
LH:251
BRDA:1,0,0,23
BRDA:56,1,0,8
BRDA:63,2,0,0
BRDA:82,3,0,7
BRDA:103,4,0,11
BRDA:109,5,0,10
BRDA:114,6,0,10
BRDA:115,7,0,1
BRDA:132,8,0,4
BRDA:137,9,0,8
BRDA:137,10,0,4
BRDA:137,11,0,7
BRDA:140,12,0,1
BRDA:157,13,0,10
BRDA:160,14,0,9
BRDA:164,15,0,8
BRDA:164,16,0,4
BRDA:164,17,0,2
BRDA:164,18,0,1
BRDA:164,19,0,1
BRDA:214,20,0,9
BRDA:214,21,0,8
BRDA:214,22,0,1
BRDA:221,23,0,0
BRDA:229,24,0,8
BRDA:240,25,0,6
BRDA:240,26,0,2
BRDA:246,27,0,2
BRDA:246,28,0,6
BRDA:267,29,0,4
BRDA:119,30,0,29
BRDA:123,31,0,18
BRDA:126,32,0,16
BRDA:127,33,0,0
BRDA:181,34,0,2
BRDA:240,35,0,7
BRDA:240,36,0,0
BRDA:241,37,0,9
BRDA:244,38,0,9
BRDA:246,39,0,2
BRDA:246,40,0,0
BRDA:268,41,0,9
BRF:42
BRH:37
end_of_record
TN:
SF:src/tools/submitAnswer.ts
FN:2,__name
FN:5,registerSubmitAnswerTool
FNF:2
FNH:2
FNDA:4,__name
FNDA:6,registerSubmitAnswerTool
DA:1,1
DA:2,1
DA:3,1
DA:4,1
DA:5,1
DA:6,6
DA:7,6
DA:8,6
DA:9,6
DA:10,6
DA:11,6
DA:12,6
DA:13,6
DA:14,6
DA:15,6
DA:16,22
DA:17,22
DA:18,22
DA:19,22
DA:20,22
DA:21,22
DA:22,22
DA:23,22
DA:24,22
DA:25,22
DA:26,22
DA:27,22
DA:28,22
DA:29,22
DA:30,22
DA:31,22
DA:32,22
DA:33,22
DA:34,22
DA:35,22
DA:36,22
DA:37,22
DA:38,22
DA:39,22
DA:40,22
DA:41,22
DA:42,6
DA:43,6
LF:43
LH:43
BRDA:2,0,0,4
BRDA:5,1,0,6
BRDA:15,2,0,22
BRDA:18,3,0,0
BRDA:21,4,0,0
BRF:5
BRH:3
end_of_record
TN:
SF:src/tools/updateSkill.ts
FN:1,__name
FN:5,registerUpdateSkillTool
FNF:2
FNH:2
FNDA:1,__name
FNDA:2,registerUpdateSkillTool
DA:1,1
DA:2,1
DA:3,1
DA:4,1
DA:5,1
DA:6,2
DA:7,2
DA:8,2
DA:9,2
DA:10,2
DA:11,2
DA:12,2
DA:13,2
DA:14,2
DA:15,2
DA:16,2
DA:17,2
DA:18,2
DA:19,3
DA:20,3
DA:21,1
DA:22,1
DA:23,1
DA:24,1
DA:25,1
DA:26,1
DA:27,1
DA:28,3
DA:29,3
DA:30,2
DA:31,2
DA:32,2
DA:33,2
DA:34,1
DA:35,1
DA:36,1
DA:37,1
DA:38,1
DA:39,1
DA:40,1
DA:41,1
DA:42,1
DA:43,1
DA:44,1
DA:45,3
DA:46,0
DA:47,0
DA:48,3
DA:49,3
DA:50,1
DA:51,1
DA:52,1
DA:53,1
DA:54,1
DA:55,1
DA:56,1
DA:57,1
DA:58,3
DA:59,2
DA:60,2
LF:60
LH:58
BRDA:1,0,0,1
BRDA:5,1,0,2
BRDA:18,2,0,3
BRDA:20,3,0,1
BRDA:29,4,0,2
BRDA:33,5,0,1
BRDA:45,6,0,0
BRDA:49,7,0,1
BRDA:32,8,0,3
BRDA:37,9,0,2
BRDA:43,10,0,2
BRF:11
BRH:10
end_of_record
