TN:
SF:src/features/simulation/SimulationScreen.tsx
FN:19,formatLabel
FN:22,(anonymous_1)
FN:25,contributorTone
FN:31,SimulationScreen
FN:32,(anonymous_4)
FN:35,(anonymous_5)
FN:44,(anonymous_6)
FN:46,handleChoose
FN:52,handleResolveEvent
FN:58,handleRestart
FN:62,handleContinue
FN:63,(anonymous_11)
FN:84,(anonymous_12)
FN:112,(anonymous_13)
FN:120,(anonymous_14)
FN:133,(anonymous_15)
FN:167,(anonymous_16)
FN:181,(anonymous_17)
FN:182,(anonymous_18)
FN:219,(anonymous_19)
FN:224,(anonymous_20)
FN:270,(anonymous_21)
FN:301,(anonymous_22)
FN:315,(anonymous_23)
FN:340,(anonymous_24)
FN:355,(anonymous_25)
FNF:26
FNH:26
FNDA:184,formatLabel
FNDA:184,(anonymous_1)
FNDA:15,contributorTone
FNDA:54,SimulationScreen
FNDA:8,(anonymous_4)
FNDA:53,(anonymous_5)
FNDA:21,(anonymous_6)
FNDA:14,handleChoose
FNDA:9,handleResolveEvent
FNDA:1,handleRestart
FNDA:21,handleContinue
FNDA:21,(anonymous_11)
FNDA:1,(anonymous_12)
FNDA:28,(anonymous_13)
FNDA:42,(anonymous_14)
FNDA:2,(anonymous_15)
FNDA:39,(anonymous_16)
FNDA:39,(anonymous_17)
FNDA:37,(anonymous_18)
FNDA:48,(anonymous_19)
FNDA:14,(anonymous_20)
FNDA:15,(anonymous_21)
FNDA:162,(anonymous_22)
FNDA:10,(anonymous_23)
FNDA:84,(anonymous_24)
FNDA:138,(anonymous_25)
DA:20,184
DA:22,184
DA:26,15
DA:27,8
DA:28,1
DA:32,54
DA:33,54
DA:35,54
DA:36,54
DA:37,54
DA:38,54
DA:40,54
DA:41,54
DA:42,54
DA:43,54
DA:44,54
DA:47,14
DA:48,14
DA:49,14
DA:53,9
DA:54,9
DA:55,9
DA:59,1
DA:63,21
DA:66,54
DA:84,1
DA:113,28
DA:121,42
DA:134,2
DA:168,39
DA:169,12
DA:172,27
DA:174,25
DA:175,39
DA:176,0
DA:179,25
DA:181,39
DA:183,37
DA:220,48
DA:224,14
DA:271,15
DA:302,162
DA:316,10
DA:341,84
DA:356,138
LF:45
LH:44
BRDA:26,0,0,7
BRDA:26,0,1,8
BRDA:27,1,0,7
BRDA:27,1,1,1
BRDA:40,2,0,44
BRDA:40,2,1,10
BRDA:43,3,0,14
BRDA:43,3,1,40
BRDA:44,4,0,54
BRDA:44,4,1,40
BRDA:47,5,0,0
BRDA:47,5,1,14
BRDA:53,6,0,0
BRDA:53,6,1,9
BRDA:94,7,0,14
BRDA:94,7,1,40
BRDA:94,8,0,54
BRDA:94,8,1,14
BRDA:94,8,2,14
BRDA:94,8,3,14
BRDA:94,8,4,1
BRDA:112,9,0,14
BRDA:112,9,1,0
BRDA:120,10,0,14
BRDA:120,10,1,0
BRDA:126,11,0,1
BRDA:126,11,1,13
BRDA:130,12,0,0
BRDA:130,12,1,1
BRDA:130,13,0,1
BRDA:130,13,1,0
BRDA:133,14,0,1
BRDA:133,14,1,0
BRDA:135,15,0,2
BRDA:135,15,1,0
BRDA:147,16,0,9
BRDA:147,16,1,31
BRDA:147,17,0,40
BRDA:147,17,1,9
BRDA:147,17,2,9
BRDA:168,18,0,12
BRDA:168,18,1,27
BRDA:169,19,0,8
BRDA:169,19,1,4
BRDA:172,20,0,2
BRDA:172,20,1,25
BRDA:175,21,0,0
BRDA:175,21,1,39
BRDA:176,22,0,0
BRDA:176,22,1,0
BRDA:179,23,0,14
BRDA:179,23,1,11
BRDA:179,24,0,14
BRDA:179,24,1,11
BRDA:190,25,0,0
BRDA:190,25,1,9
BRDA:190,26,0,6
BRDA:190,26,1,3
BRDA:208,27,0,19
BRDA:208,27,1,12
BRDA:228,28,0,48
BRDA:228,28,1,0
BRDA:237,29,0,10
BRDA:237,29,1,44
BRDA:237,30,0,54
BRDA:237,30,1,19
BRDA:254,31,0,2
BRDA:254,31,1,52
BRDA:264,32,0,2
BRDA:264,32,1,52
BRDA:264,33,0,54
BRDA:264,33,1,18
BRDA:275,34,0,10
BRDA:275,34,1,5
BRDA:286,35,0,3
BRDA:286,35,1,2
BRDA:311,36,0,2
BRDA:311,36,1,52
BRDA:337,37,0,10
BRDA:337,37,1,44
BRDA:352,38,0,10
BRDA:352,38,1,44
BRDA:357,39,0,84
BRDA:357,39,1,54
BRDA:359,40,0,84
BRDA:359,40,1,54
BRF:86
BRH:73
end_of_record
TN:
SF:src/game/costModel.ts
FNF:0
FNH:0
DA:7,0
LF:1
LH:0
BRF:0
BRH:0
end_of_record
TN:
SF:src/game/engine.ts
FN:14,clamp
FN:18,applyDelta
FN:28,createRunState
FN:45,getCurrentRound
FN:52,getCardById
FN:61,getCurrentCard
FN:84,asDecisionCardStrict
FN:93,asEventCardStrict
FN:102,resolveDecision
FN:108,(anonymous_9)
FN:134,scoreEvent
FN:168,getEventOutcome
FN:177,resolveEvent
FN:209,continueRun
FN:254,isRunComplete
FN:260,asDecisionCard
FN:266,asEventCard
FNF:17
FNH:17
FNDA:103,clamp
FNDA:70,applyDelta
FNDA:17,createRunState
FNDA:149,getCurrentRound
FNDA:102,getCardById
FNDA:107,getCurrentCard
FNDA:28,asDecisionCardStrict
FNDA:20,asEventCardStrict
FNDA:28,resolveDecision
FNDA:44,(anonymous_9)
FNDA:18,scoreEvent
FNDA:18,getEventOutcome
FNDA:20,resolveEvent
FNDA:42,continueRun
FNDA:56,isRunComplete
FNDA:68,asDecisionCard
FNDA:54,asEventCard
DA:15,103
DA:19,70
DA:21,44
DA:22,44
DA:23,103
DA:25,44
DA:31,17
DA:49,149
DA:56,102
DA:57,102
DA:58,102
DA:65,107
DA:66,107
DA:68,104
DA:69,56
DA:72,48
DA:73,7
DA:74,7
DA:77,41
DA:78,39
DA:81,2
DA:87,28
DA:88,1
DA:90,27
DA:96,20
DA:97,2
DA:99,18
DA:107,28
DA:108,44
DA:109,28
DA:110,1
DA:113,26
DA:119,26
DA:138,18
DA:139,18
DA:141,18
DA:142,54
DA:143,54
DA:144,54
DA:145,54
DA:154,18
DA:155,60
DA:156,24
DA:157,24
DA:165,18
DA:172,18
DA:173,6
DA:174,6
DA:181,20
DA:182,20
DA:183,20
DA:184,20
DA:186,20
DA:197,20
DA:213,42
DA:215,42
DA:217,42
DA:219,21
DA:223,21
DA:230,21
DA:231,3
DA:238,18
DA:239,17
DA:240,17
DA:242,17
DA:251,1
DA:257,56
DA:263,68
DA:269,54
LF:69
LH:69
BRDA:14,0,0,103
BRDA:14,1,0,103
BRDA:19,2,0,26
BRDA:19,2,1,44
BRDA:23,3,0,103
BRDA:23,3,1,0
BRDA:35,4,0,17
BRDA:35,4,1,1
BRDA:38,5,0,1
BRDA:38,5,1,16
BRDA:49,6,0,149
BRDA:49,6,1,3
BRDA:57,7,0,0
BRDA:57,7,1,102
BRDA:66,8,0,3
BRDA:66,8,1,104
BRDA:68,9,0,56
BRDA:68,9,1,48
BRDA:68,10,0,104
BRDA:68,10,1,62
BRDA:72,11,0,7
BRDA:72,11,1,41
BRDA:72,12,0,48
BRDA:72,12,1,42
BRDA:73,13,0,0
BRDA:73,13,1,7
BRDA:77,14,0,39
BRDA:77,14,1,2
BRDA:77,15,0,41
BRDA:77,15,1,11
BRDA:87,16,0,1
BRDA:87,16,1,27
BRDA:87,17,0,28
BRDA:87,17,1,27
BRDA:96,18,0,2
BRDA:96,18,1,18
BRDA:96,19,0,20
BRDA:96,19,1,19
BRDA:109,20,0,1
BRDA:109,20,1,27
BRDA:125,21,0,26
BRDA:125,21,1,0
BRDA:126,22,0,28
BRDA:126,22,1,0
BRDA:127,23,0,3
BRDA:127,23,1,23
BRDA:142,24,0,54
BRDA:142,24,1,0
BRDA:154,25,0,18
BRDA:154,25,1,0
BRDA:155,26,0,36
BRDA:155,26,1,24
BRDA:172,27,0,12
BRDA:172,27,1,6
BRDA:173,28,0,0
BRDA:173,28,1,6
BRDA:215,29,0,0
BRDA:215,29,1,42
BRDA:217,30,0,21
BRDA:217,30,1,21
BRDA:219,31,0,21
BRDA:219,31,1,6
BRDA:219,31,2,6
BRDA:225,32,0,4
BRDA:225,32,1,17
BRDA:230,33,0,3
BRDA:230,33,1,18
BRDA:238,34,0,17
BRDA:238,34,1,1
BRDA:244,35,0,13
BRDA:244,35,1,4
BRDA:245,36,0,13
BRDA:245,36,1,4
BRDA:263,37,0,47
BRDA:263,37,1,21
BRDA:269,38,0,19
BRDA:269,38,1,35
BRF:77
BRH:68
end_of_record
TN:
SF:src/game/types.ts
FNF:0
FNH:0
LF:0
LH:0
BRF:0
BRH:0
end_of_record
TN:
SF:src/game/content/orderCreation.ts
FNF:0
FNH:0
DA:3,2
DA:4,2
DA:20,2
LF:3
LH:3
BRF:0
BRH:0
end_of_record
