TN:
SF:src/features/simulation/SimulationScreen.tsx
FN:37,formatLabel
FN:40,(anonymous_1)
FN:43,contributorTone
FN:49,SimulationScreen
FN:50,(anonymous_4)
FN:55,(anonymous_5)
FN:62,handleChoose
FN:64,(anonymous_7)
FN:79,handleResolveEvent
FN:90,(anonymous_9)
FN:104,(anonymous_10)
FN:110,handleRestart
FN:134,(anonymous_12)
FN:162,(anonymous_13)
FN:170,(anonymous_14)
FN:183,(anonymous_15)
FN:194,(anonymous_16)
FN:216,(anonymous_17)
FN:237,(anonymous_18)
FN:251,(anonymous_19)
FN:256,(anonymous_20)
FN:302,(anonymous_21)
FN:333,(anonymous_22)
FN:347,(anonymous_23)
FN:372,(anonymous_24)
FN:387,(anonymous_25)
FNF:26
FNH:24
FNDA:87,formatLabel
FNDA:87,(anonymous_1)
FNDA:8,contributorTone
FNDA:24,SimulationScreen
FNDA:5,(anonymous_4)
FNDA:15,(anonymous_5)
FNDA:9,handleChoose
FNDA:15,(anonymous_7)
FNDA:1,handleResolveEvent
FNDA:8,(anonymous_9)
FNDA:8,(anonymous_10)
FNDA:0,handleRestart
FNDA:1,(anonymous_12)
FNDA:18,(anonymous_13)
FNDA:27,(anonymous_14)
FNDA:0,(anonymous_15)
FNDA:7,(anonymous_16)
FNDA:8,(anonymous_17)
FNDA:1,(anonymous_18)
FNDA:30,(anonymous_19)
FNDA:9,(anonymous_20)
FNDA:8,(anonymous_21)
FNDA:72,(anonymous_22)
FNDA:10,(anonymous_23)
FNDA:42,(anonymous_24)
FNDA:44,(anonymous_25)
DA:38,87
DA:40,87
DA:44,8
DA:45,1
DA:46,0
DA:50,24
DA:51,24
DA:52,24
DA:53,24
DA:55,24
DA:56,24
DA:57,24
DA:58,24
DA:60,24
DA:63,9
DA:64,15
DA:65,9
DA:67,9
DA:68,9
DA:69,9
DA:80,1
DA:81,1
DA:82,1
DA:83,1
DA:91,8
DA:92,3
DA:95,5
DA:97,5
DA:98,8
DA:99,0
DA:102,5
DA:104,8
DA:111,0
DA:112,0
DA:113,0
DA:116,24
DA:134,1
DA:163,18
DA:171,27
DA:184,0
DA:194,7
DA:217,8
DA:237,1
DA:252,30
DA:256,9
DA:303,8
DA:334,72
DA:348,10
DA:373,42
DA:388,44
LF:50
LH:44
BRDA:44,0,0,7
BRDA:44,0,1,1
BRDA:45,1,0,1
BRDA:45,1,1,0
BRDA:60,2,0,18
BRDA:60,2,1,6
BRDA:63,3,0,0
BRDA:63,3,1,9
BRDA:65,4,0,0
BRDA:65,4,1,9
BRDA:73,5,0,9
BRDA:73,5,1,0
BRDA:74,6,0,9
BRDA:74,6,1,0
BRDA:75,7,0,9
BRDA:75,7,1,1
BRDA:80,8,0,0
BRDA:80,8,1,1
BRDA:87,9,0,0
BRDA:87,9,1,1
BRDA:87,10,0,1
BRDA:87,10,1,0
BRDA:91,11,0,3
BRDA:91,11,1,5
BRDA:92,12,0,3
BRDA:92,12,1,0
BRDA:95,13,0,0
BRDA:95,13,1,5
BRDA:98,14,0,0
BRDA:98,14,1,8
BRDA:99,15,0,0
BRDA:99,15,1,0
BRDA:102,16,0,4
BRDA:102,16,1,1
BRDA:102,17,0,4
BRDA:102,17,1,1
BRDA:144,18,0,9
BRDA:144,18,1,15
BRDA:176,19,0,1
BRDA:176,19,1,8
BRDA:180,20,0,1
BRDA:180,20,1,0
BRDA:185,21,0,0
BRDA:185,21,1,0
BRDA:197,22,0,1
BRDA:197,22,1,14
BRDA:240,23,0,12
BRDA:240,23,1,2
BRDA:260,24,0,30
BRDA:260,24,1,4
BRDA:269,25,0,1
BRDA:269,25,1,23
BRDA:269,26,0,24
BRDA:269,26,1,15
BRDA:269,26,2,14
BRDA:286,27,0,1
BRDA:286,27,1,23
BRDA:286,28,0,24
BRDA:286,28,1,15
BRDA:286,28,2,14
BRDA:296,29,0,1
BRDA:296,29,1,23
BRDA:296,30,0,24
BRDA:296,30,1,15
BRDA:296,30,2,14
BRDA:307,31,0,5
BRDA:307,31,1,3
BRDA:318,32,0,3
BRDA:318,32,1,0
BRDA:343,33,0,2
BRDA:343,33,1,22
BRDA:369,34,0,6
BRDA:369,34,1,18
BRDA:384,35,0,6
BRDA:384,35,1,18
BRDA:389,36,0,42
BRDA:389,36,1,2
BRDA:391,37,0,42
BRDA:391,37,1,2
BRF:79
BRH:62
end_of_record
TN:
SF:src/game/engine.ts
FN:13,clamp
FN:17,applyDelta
FN:27,dedupeAppend
FN:31,(anonymous_3)
FN:38,createRunState
FN:53,getCurrentCard
FN:62,resolveDecision
FN:72,(anonymous_7)
FN:77,(anonymous_8)
FN:102,scoreEvent
FN:136,getEventOutcome
FN:145,resolveEvent
FN:180,isRunComplete
FN:186,asDecisionCard
FN:192,asEventCard
FNF:15
FNH:15
FNDA:64,clamp
FNDA:47,applyDelta
FNDA:22,dedupeAppend
FNDA:4,(anonymous_3)
FNDA:11,createRunState
FNDA:44,getCurrentCard
FNDA:24,resolveDecision
FNDA:39,(anonymous_7)
FNDA:4,(anonymous_8)
FNDA:3,scoreEvent
FNDA:3,getEventOutcome
FNDA:4,resolveEvent
FNDA:25,isRunComplete
FNDA:24,asDecisionCard
FNDA:24,asEventCard
DA:14,64
DA:18,47
DA:20,24
DA:21,24
DA:22,64
DA:24,24
DA:28,22
DA:30,4
DA:31,4
DA:32,4
DA:34,4
DA:35,4
DA:41,11
DA:57,44
DA:58,44
DA:59,43
DA:67,24
DA:68,24
DA:69,1
DA:72,39
DA:73,23
DA:74,1
DA:77,22
DA:78,24
DA:80,24
DA:87,24
DA:106,3
DA:107,3
DA:109,3
DA:110,15
DA:111,15
DA:112,15
DA:113,15
DA:122,3
DA:123,18
DA:124,8
DA:125,8
DA:133,3
DA:140,3
DA:141,1
DA:142,1
DA:149,4
DA:150,4
DA:151,1
DA:154,3
DA:155,3
DA:156,3
DA:158,3
DA:169,3
DA:183,25
DA:189,24
DA:195,24
LF:52
LH:52
BRDA:13,0,0,64
BRDA:13,1,0,64
BRDA:18,2,0,23
BRDA:18,2,1,24
BRDA:22,3,0,64
BRDA:22,3,1,0
BRDA:28,4,0,18
BRDA:28,4,1,4
BRDA:32,5,0,0
BRDA:32,5,1,4
BRDA:45,6,0,11
BRDA:45,6,1,0
BRDA:58,7,0,1
BRDA:58,7,1,43
BRDA:59,8,0,43
BRDA:59,8,1,0
BRDA:68,9,0,1
BRDA:68,9,1,23
BRDA:68,10,0,24
BRDA:68,10,1,24
BRDA:73,11,0,1
BRDA:73,11,1,22
BRDA:77,12,0,22
BRDA:77,12,1,18
BRDA:93,13,0,24
BRDA:93,13,1,2
BRDA:94,14,0,24
BRDA:94,14,1,0
BRDA:110,15,0,15
BRDA:110,15,1,0
BRDA:122,16,0,3
BRDA:122,16,1,0
BRDA:123,17,0,10
BRDA:123,17,1,8
BRDA:140,18,0,2
BRDA:140,18,1,1
BRDA:141,19,0,0
BRDA:141,19,1,1
BRDA:150,20,0,1
BRDA:150,20,1,3
BRDA:150,21,0,4
BRDA:150,21,1,4
BRDA:189,22,0,20
BRDA:189,22,1,4
BRDA:195,23,0,2
BRDA:195,23,1,22
BRF:46
BRH:38
end_of_record
TN:
SF:src/game/types.ts
FNF:0
FNH:0
LF:0
LH:0
BRF:0
BRH:0
end_of_record
TN:
SF:src/game/content/orderCreation.ts
FNF:0
FNH:0
DA:3,2
DA:4,2
DA:20,2
LF:3
LH:3
BRF:0
BRH:0
end_of_record
