TN:
SF:src/reportUtils.ts
FN:73,__name
FN:73,getSessionKind
FN:77,getEndedAt
FN:81,numericAvg
FN:86,formatRate
FN:91,formatDelta
FN:96,calcAvgScore
FN:101,buildSummary
FN:116,buildReport
FN:203,buildProgressOverview
FN:325,escapeHtml
FN:334,serializeForInlineScript
FN:341,countLines
FN:345,buildWeakSubjectTitle
FN:356,pickSessionByTopic
FN:373,extractWeakSubjects
FN:411,buildFullQuestionContext
FNF:17
FNH:8
FNDA:16,__name
FNDA:8,getSessionKind
FNDA:22,getEndedAt
FNDA:26,numericAvg
FNDA:7,formatRate
FNDA:5,formatDelta
FNDA:16,calcAvgScore
FNDA:0,buildSummary
FNDA:0,buildReport
FNDA:2,buildProgressOverview
FNDA:0,escapeHtml
FNDA:0,serializeForInlineScript
FNDA:0,countLines
FNDA:0,buildWeakSubjectTitle
FNDA:0,pickSessionByTopic
FNDA:0,extractWeakSubjects
FNDA:0,buildFullQuestionContext
DA:1,1
DA:2,1
DA:3,1
DA:4,1
DA:5,1
DA:6,1
DA:7,1
DA:8,1
DA:9,1
DA:10,1
DA:11,1
DA:12,1
DA:13,1
DA:14,1
DA:15,1
DA:16,1
DA:17,1
DA:18,1
DA:19,1
DA:20,1
DA:21,1
DA:22,1
DA:23,1
DA:24,1
DA:25,1
DA:26,1
DA:27,1
DA:28,1
DA:29,1
DA:30,1
DA:31,1
DA:32,1
DA:33,1
DA:34,1
DA:35,1
DA:36,1
DA:37,1
DA:38,1
DA:39,1
DA:40,1
DA:41,1
DA:42,1
DA:43,1
DA:44,1
DA:45,1
DA:46,1
DA:47,1
DA:48,1
DA:49,1
DA:50,1
DA:51,1
DA:52,1
DA:53,1
DA:54,1
DA:55,1
DA:56,1
DA:57,1
DA:58,1
DA:59,1
DA:60,1
DA:61,1
DA:62,1
DA:63,1
DA:64,1
DA:65,1
DA:66,1
DA:67,1
DA:68,1
DA:69,1
DA:70,1
DA:71,1
DA:72,1
DA:73,8
DA:74,8
DA:75,8
DA:76,1
DA:77,22
DA:78,22
DA:79,22
DA:80,1
DA:81,26
DA:82,26
DA:83,26
DA:84,26
DA:85,1
DA:86,7
DA:87,7
DA:88,7
DA:89,7
DA:90,1
DA:91,5
DA:92,5
DA:93,5
DA:94,5
DA:95,1
DA:96,1
DA:97,16
DA:98,16
DA:99,16
DA:100,1
DA:101,1
DA:102,0
DA:103,0
DA:104,0
DA:105,0
DA:106,0
DA:107,0
DA:108,0
DA:109,0
DA:110,0
DA:111,0
DA:112,0
DA:113,0
DA:114,0
DA:115,1
DA:116,1
DA:117,0
DA:118,0
DA:119,0
DA:120,0
DA:121,0
DA:122,0
DA:123,0
DA:124,0
DA:125,0
DA:126,0
DA:127,0
DA:128,0
DA:129,0
DA:130,0
DA:131,0
DA:132,0
DA:133,0
DA:134,0
DA:135,0
DA:136,0
DA:137,0
DA:138,0
DA:139,0
DA:140,0
DA:141,0
DA:142,0
DA:143,0
DA:144,0
DA:145,0
DA:146,0
DA:147,0
DA:148,0
DA:149,0
DA:150,0
DA:151,0
DA:152,0
DA:153,0
DA:154,0
DA:155,0
DA:156,0
DA:157,0
DA:158,0
DA:159,0
DA:160,0
DA:161,0
DA:162,0
DA:163,0
DA:164,0
DA:165,0
DA:166,0
DA:167,0
DA:168,0
DA:169,0
DA:170,0
DA:171,0
DA:172,0
DA:173,0
DA:174,0
DA:175,0
DA:176,0
DA:177,0
DA:178,0
DA:179,0
DA:180,0
DA:181,0
DA:182,0
DA:183,0
DA:184,0
DA:185,0
DA:186,0
DA:187,0
DA:188,0
DA:189,0
DA:190,0
DA:191,0
DA:192,0
DA:193,0
DA:194,0
DA:195,0
DA:196,0
DA:197,0
DA:198,0
DA:199,0
DA:200,0
DA:201,0
DA:202,1
DA:203,1
DA:204,2
DA:205,2
DA:206,2
DA:207,2
DA:208,2
DA:209,2
DA:210,2
DA:211,2
DA:212,2
DA:213,2
DA:214,2
DA:215,2
DA:216,2
DA:217,2
DA:218,2
DA:219,2
DA:220,2
DA:221,2
DA:222,2
DA:223,2
DA:224,8
DA:225,8
DA:226,2
DA:227,2
DA:228,2
DA:229,5
DA:230,5
DA:231,5
DA:232,5
DA:233,5
DA:234,2
DA:235,2
DA:236,2
DA:237,3
DA:238,3
DA:239,3
DA:240,3
DA:241,3
DA:242,3
DA:243,3
DA:244,3
DA:245,3
DA:246,3
DA:247,3
DA:248,3
DA:249,3
DA:250,3
DA:251,3
DA:252,3
DA:253,3
DA:254,3
DA:255,2
DA:256,2
DA:257,1
DA:258,1
DA:259,1
DA:260,2
DA:261,2
DA:262,2
DA:263,2
DA:264,2
DA:265,2
DA:266,2
DA:267,2
DA:268,2
DA:269,2
DA:270,2
DA:271,2
DA:272,2
DA:273,2
DA:274,2
DA:275,2
DA:276,2
DA:277,2
DA:278,2
DA:279,2
DA:280,2
DA:281,2
DA:282,2
DA:283,2
DA:284,2
DA:285,2
DA:286,2
DA:287,2
DA:288,2
DA:289,2
DA:290,2
DA:291,2
DA:292,2
DA:293,2
DA:294,2
DA:295,2
DA:296,2
DA:297,2
DA:298,2
DA:299,2
DA:300,2
DA:301,2
DA:302,2
DA:303,2
DA:304,4
DA:305,4
DA:306,4
DA:307,4
DA:308,4
DA:309,4
DA:310,4
DA:311,4
DA:312,4
DA:313,2
DA:314,2
DA:315,5
DA:316,5
DA:317,5
DA:318,5
DA:319,2
DA:320,2
DA:321,2
DA:322,2
DA:323,2
DA:324,1
DA:325,1
DA:326,0
DA:327,0
DA:328,0
DA:329,0
DA:330,0
DA:331,0
DA:332,0
DA:333,1
DA:334,1
DA:335,0
DA:336,0
DA:337,0
DA:338,0
DA:339,0
DA:340,1
DA:341,1
DA:342,0
DA:343,0
DA:344,1
DA:345,0
DA:346,0
DA:347,0
DA:348,0
DA:349,0
DA:350,0
DA:351,0
DA:352,0
DA:353,0
DA:354,0
DA:355,1
DA:356,1
DA:357,0
DA:358,0
DA:359,0
DA:360,0
DA:361,0
DA:362,0
DA:363,0
DA:364,0
DA:365,0
DA:366,0
DA:367,0
DA:368,0
DA:369,0
DA:370,0
DA:371,0
DA:372,1
DA:373,1
DA:374,0
DA:375,0
DA:376,0
DA:377,0
DA:378,0
DA:379,0
DA:380,0
DA:381,0
DA:382,0
DA:383,0
DA:384,0
DA:385,0
DA:386,0
DA:387,0
DA:388,0
DA:389,0
DA:390,0
DA:391,0
DA:392,0
DA:393,0
DA:394,0
DA:395,0
DA:396,0
DA:397,0
DA:398,0
DA:399,0
DA:400,0
DA:401,0
DA:402,0
DA:403,0
DA:404,0
DA:405,0
DA:406,0
DA:407,0
DA:408,0
DA:409,0
DA:410,1
DA:411,1
DA:412,0
DA:413,0
DA:414,0
DA:415,0
DA:416,0
DA:417,0
DA:418,0
DA:419,0
DA:420,0
DA:421,0
DA:422,0
DA:423,0
DA:424,0
DA:425,0
DA:426,0
DA:427,0
DA:428,0
DA:429,0
DA:430,0
DA:431,0
DA:432,0
DA:433,0
DA:434,0
DA:435,0
DA:436,0
LF:436
LH:238
BRDA:73,0,0,16
BRDA:73,1,0,8
BRDA:74,2,0,3
BRDA:77,3,0,22
BRDA:78,4,0,0
BRDA:81,5,0,26
BRDA:82,6,0,0
BRDA:83,7,0,41
BRDA:86,8,0,7
BRDA:87,9,0,0
BRDA:91,10,0,5
BRDA:93,11,0,4
BRDA:93,12,0,1
BRDA:96,13,0,16
BRDA:97,14,0,0
BRDA:203,15,0,2
BRDA:220,16,0,0
BRDA:223,17,0,8
BRDA:228,18,0,5
BRDA:230,19,0,3
BRDA:299,20,0,0
BRDA:300,21,0,0
BRDA:208,22,0,7
BRDA:209,23,0,6
BRDA:209,24,0,4
BRDA:213,25,0,3
BRDA:216,26,0,5
BRDA:217,27,0,8
BRDA:218,28,0,8
BRDA:219,29,0,8
BRDA:236,30,0,3
BRDA:247,31,0,0
BRDA:237,32,0,5
BRDA:242,33,0,8
BRDA:247,34,0,8
BRDA:256,35,0,1
BRDA:258,36,0,0
BRDA:264,37,0,3
BRDA:265,38,0,2
BRDA:303,39,0,4
BRDA:311,40,0,6
BRDA:312,41,0,6
BRDA:314,42,0,5
BRF:43
BRH:34
end_of_record
TN:
SF:src/data/mappers.ts
FN:84,__name
FN:84,mapSessionRowsToDomain
FN:131,mapSessionToSqliteRows
FN:184,mapGraphRowsToDomain
FNF:4
FNH:4
FNDA:3,__name
FNDA:160,mapSessionRowsToDomain
FNDA:80,mapSessionToSqliteRows
FNDA:3,mapGraphRowsToDomain
DA:1,1
DA:2,1
DA:3,1
DA:4,1
DA:5,1
DA:6,1
DA:7,1
DA:8,1
DA:9,1
DA:10,1
DA:11,1
DA:12,1
DA:13,1
DA:14,1
DA:15,1
DA:16,1
DA:17,1
DA:18,1
DA:19,1
DA:20,1
DA:21,1
DA:22,1
DA:23,1
DA:24,1
DA:25,1
DA:26,1
DA:27,1
DA:28,1
DA:29,1
DA:30,1
DA:31,1
DA:32,1
DA:33,1
DA:34,1
DA:35,1
DA:36,1
DA:37,1
DA:38,1
DA:39,1
DA:40,1
DA:41,1
DA:42,1
DA:43,1
DA:44,1
DA:45,1
DA:46,1
DA:47,1
DA:48,1
DA:49,1
DA:50,1
DA:51,1
DA:52,1
DA:53,1
DA:54,1
DA:55,1
DA:56,1
DA:57,1
DA:58,1
DA:59,1
DA:60,1
DA:61,1
DA:62,1
DA:63,1
DA:64,1
DA:65,1
DA:66,1
DA:67,1
DA:68,1
DA:69,1
DA:70,1
DA:71,1
DA:72,1
DA:73,1
DA:74,1
DA:75,1
DA:76,1
DA:77,1
DA:78,1
DA:79,1
DA:80,1
DA:81,1
DA:82,1
DA:83,1
DA:84,1
DA:85,160
DA:86,160
DA:87,160
DA:88,160
DA:89,160
DA:90,160
DA:91,160
DA:92,160
DA:93,160
DA:94,160
DA:95,160
DA:96,160
DA:97,160
DA:98,160
DA:99,160
DA:100,160
DA:101,160
DA:102,160
DA:103,160
DA:104,160
DA:105,160
DA:106,160
DA:107,160
DA:108,960
DA:109,960
DA:110,960
DA:111,160
DA:112,160
DA:113,476
DA:114,476
DA:115,476
DA:116,476
DA:117,476
DA:118,476
DA:119,476
DA:120,476
DA:121,476
DA:122,160
DA:123,160
DA:124,160
DA:125,160
DA:126,160
DA:127,160
DA:128,160
DA:129,160
DA:130,1
DA:131,1
DA:132,80
DA:133,80
DA:134,80
DA:135,80
DA:136,80
DA:137,80
DA:138,80
DA:139,80
DA:140,80
DA:141,80
DA:142,80
DA:143,80
DA:144,80
DA:145,80
DA:146,80
DA:147,80
DA:148,80
DA:149,80
DA:150,80
DA:151,80
DA:152,406
DA:153,406
DA:154,406
DA:155,80
DA:156,80
DA:157,480
DA:158,480
DA:159,480
DA:160,480
DA:161,480
DA:162,80
DA:163,80
DA:164,238
DA:165,238
DA:166,238
DA:167,238
DA:168,238
DA:169,238
DA:170,238
DA:171,238
DA:172,238
DA:173,238
DA:174,238
DA:175,80
DA:176,80
DA:177,1670
DA:178,1670
DA:179,1670
DA:180,80
DA:181,80
DA:182,80
DA:183,1
DA:184,1
DA:185,3
DA:186,3
DA:187,3
DA:188,3
DA:189,3
DA:190,3
DA:191,3
DA:192,1155
DA:193,1155
DA:194,1155
DA:195,1155
DA:196,3
DA:197,3
DA:198,3
DA:199,1131
DA:200,1131
DA:201,1131
DA:202,3
DA:203,3
DA:204,18021
DA:205,18021
DA:206,18021
DA:207,18021
DA:208,18021
DA:209,3
DA:210,3
DA:211,3
DA:212,3
LF:212
LH:212
BRDA:84,0,0,3
BRDA:84,1,0,160
BRDA:96,2,0,48
BRDA:97,3,0,0
BRDA:98,4,0,100
BRDA:99,5,0,100
BRDA:100,6,0,100
BRDA:102,7,0,144
BRDA:103,8,0,144
BRDA:123,9,0,152
BRDA:123,10,0,8
BRDA:124,11,0,8
BRDA:126,12,0,4
BRDA:106,13,0,652
BRDA:106,14,0,812
BRDA:107,15,0,860
BRDA:107,16,0,960
BRDA:112,17,0,376
BRDA:112,18,0,476
BRDA:116,19,0,0
BRDA:120,20,0,424
BRDA:121,21,0,440
BRDA:123,22,0,3340
BRDA:131,23,0,80
BRDA:136,24,0,24
BRDA:137,25,0,0
BRDA:138,26,0,50
BRDA:139,27,0,50
BRDA:140,28,0,50
BRDA:141,29,0,30
BRDA:141,30,0,50
BRDA:142,31,0,72
BRDA:143,32,0,72
BRDA:146,33,0,4
BRDA:149,34,0,2
BRDA:176,35,0,4
BRDA:151,36,0,406
BRDA:156,37,0,480
BRDA:163,38,0,238
BRDA:169,39,0,0
BRDA:172,40,0,26
BRDA:172,41,0,212
BRDA:173,42,0,212
BRDA:174,43,0,220
BRDA:176,44,0,1670
BRDA:184,45,0,3
BRDA:191,46,0,1155
BRDA:192,47,0,1131
BRDA:198,48,0,1131
BRDA:201,49,0,0
BRDA:201,50,0,24
BRDA:203,51,0,18021
BRF:52
BRH:47
end_of_record
TN:
SF:src/data/port.ts
FN:1,(empty-report)
FNF:1
FNH:0
FNDA:0,(empty-report)
DA:1,0
DA:2,0
DA:3,0
DA:4,0
DA:5,0
DA:6,0
DA:7,0
LF:7
LH:0
BRDA:1,0,0,0
BRF:1
BRH:0
end_of_record
TN:
SF:src/data/sqlite.ts
FN:1,__name
FN:1,<static_initializer>
FN:13,<instance_members_initializer>
FN:15,SQLiteReportDataStore
FN:22,loadSessions
FN:32,saveSessions
FN:97,loadGraph
FN:106,close
FN:110,hydrateSession
FN:132,createSQLiteReportDataStore
FNF:10
FNH:9
FNDA:2,__name
FNDA:1,<static_initializer>
FNDA:3,<instance_members_initializer>
FNDA:3,SQLiteReportDataStore
FNDA:4,loadSessions
FNDA:2,saveSessions
FNDA:3,loadGraph
FNDA:3,close
FNDA:160,hydrateSession
FNDA:0,createSQLiteReportDataStore
DA:1,1
DA:2,1
DA:3,1
DA:4,1
DA:5,1
DA:6,1
DA:7,1
DA:8,1
DA:9,1
DA:10,1
DA:11,1
DA:12,1
DA:13,1
DA:14,1
DA:15,1
DA:16,3
DA:17,3
DA:18,3
DA:19,3
DA:20,3
DA:21,1
DA:22,1
DA:23,4
DA:24,4
DA:25,4
DA:26,4
DA:27,4
DA:28,4
DA:29,4
DA:30,4
DA:31,1
DA:32,1
DA:33,2
DA:34,2
DA:35,2
DA:36,2
DA:37,2
DA:38,2
DA:39,2
DA:40,2
DA:41,2
DA:42,2
DA:43,2
DA:44,2
DA:45,2
DA:46,2
DA:47,2
DA:48,2
DA:49,2
DA:50,2
DA:51,2
DA:52,2
DA:53,2
DA:54,2
DA:55,2
DA:56,2
DA:57,2
DA:58,2
DA:59,2
DA:60,2
DA:61,2
DA:62,2
DA:63,2
DA:64,2
DA:65,2
DA:66,2
DA:67,2
DA:68,2
DA:69,2
DA:70,2
DA:71,2
DA:72,2
DA:73,2
DA:74,2
DA:75,2
DA:76,2
DA:77,2
DA:78,2
DA:79,2
DA:80,2
DA:81,80
DA:82,80
DA:83,80
DA:84,80
DA:85,80
DA:86,80
DA:87,80
DA:88,80
DA:89,80
DA:90,80
DA:91,80
DA:92,2
DA:93,2
DA:94,2
DA:95,2
DA:96,1
DA:97,1
DA:98,3
DA:99,3
DA:100,3
DA:101,3
DA:102,3
DA:103,3
DA:104,3
DA:105,1
DA:106,1
DA:107,3
DA:108,3
DA:109,1
DA:110,1
DA:111,160
DA:112,160
DA:113,160
DA:114,160
DA:115,160
DA:116,160
DA:117,160
DA:118,160
DA:119,160
DA:120,160
DA:121,160
DA:122,160
DA:123,160
DA:124,160
DA:125,160
DA:126,160
DA:127,160
DA:128,160
DA:129,160
DA:130,1
DA:131,1
DA:132,1
DA:133,0
DA:134,0
LF:134
LH:132
BRDA:1,0,0,2
BRDA:1,1,0,1
BRDA:13,2,0,3
BRDA:15,3,0,3
BRDA:22,4,0,4
BRDA:28,5,0,160
BRDA:32,6,0,2
BRDA:33,7,0,2
BRDA:80,8,0,80
BRDA:87,9,0,406
BRDA:88,10,0,480
BRDA:89,11,0,238
BRDA:90,12,0,1670
BRDA:97,13,0,3
BRDA:106,14,0,3
BRDA:110,15,0,160
BRDA:111,16,0,0
BRDA:112,17,0,0
BRF:18
BRH:16
end_of_record
TN:
SF:src/tools/generateReportUi.ts
FN:2,__name
FN:7,buildViewerHtml
FN:240,registerGenerateReportUiTool
FNF:3
FNH:3
FNDA:2,__name
FNDA:1,buildViewerHtml
FNDA:3,registerGenerateReportUiTool
DA:1,1
DA:2,1
DA:3,1
DA:4,1
DA:5,1
DA:6,1
DA:7,1
DA:8,1
DA:9,1
DA:10,1
DA:11,1
DA:12,1
DA:13,1
DA:14,1
DA:15,1
DA:16,1
DA:17,1
DA:18,1
DA:19,1
DA:20,1
DA:21,1
DA:22,1
DA:23,1
DA:24,1
DA:25,1
DA:26,1
DA:27,1
DA:28,1
DA:29,1
DA:30,1
DA:31,1
DA:32,1
DA:33,1
DA:34,1
DA:35,1
DA:36,1
DA:37,1
DA:38,1
DA:39,1
DA:40,1
DA:41,1
DA:42,1
DA:43,1
DA:44,1
DA:45,1
DA:46,1
DA:47,1
DA:48,1
DA:49,1
DA:50,1
DA:51,1
DA:52,1
DA:53,1
DA:54,1
DA:55,1
DA:56,1
DA:57,1
DA:58,1
DA:59,1
DA:60,1
DA:61,1
DA:62,1
DA:63,1
DA:64,1
DA:65,1
DA:66,1
DA:67,1
DA:68,1
DA:69,1
DA:70,1
DA:71,1
DA:72,1
DA:73,1
DA:74,1
DA:75,1
DA:76,1
DA:77,1
DA:78,1
DA:79,1
DA:80,1
DA:81,1
DA:82,1
DA:83,1
DA:84,1
DA:85,1
DA:86,1
DA:87,1
DA:88,1
DA:89,1
DA:90,1
DA:91,1
DA:92,1
DA:93,1
DA:94,1
DA:95,1
DA:96,1
DA:97,1
DA:98,1
DA:99,1
DA:100,1
DA:101,1
DA:102,1
DA:103,1
DA:104,1
DA:105,1
DA:106,1
DA:107,1
DA:108,1
DA:109,1
DA:110,1
DA:111,1
DA:112,1
DA:113,1
DA:114,1
DA:115,1
DA:116,1
DA:117,1
DA:118,1
DA:119,1
DA:120,1
DA:121,1
DA:122,1
DA:123,1
DA:124,1
DA:125,1
DA:126,1
DA:127,1
DA:128,1
DA:129,1
DA:130,1
DA:131,1
DA:132,1
DA:133,1
DA:134,1
DA:135,1
DA:136,1
DA:137,1
DA:138,1
DA:139,1
DA:140,1
DA:141,1
DA:142,1
DA:143,1
DA:144,1
DA:145,1
DA:146,1
DA:147,1
DA:148,1
DA:149,1
DA:150,1
DA:151,1
DA:152,1
DA:153,1
DA:154,1
DA:155,1
DA:156,1
DA:157,1
DA:158,1
DA:159,1
DA:160,1
DA:161,1
DA:162,1
DA:163,1
DA:164,1
DA:165,1
DA:166,1
DA:167,1
DA:168,1
DA:169,1
DA:170,1
DA:171,1
DA:172,1
DA:173,1
DA:174,1
DA:175,1
DA:176,1
DA:177,1
DA:178,1
DA:179,1
DA:180,1
DA:181,1
DA:182,1
DA:183,1
DA:184,1
DA:185,1
DA:186,1
DA:187,1
DA:188,1
DA:189,1
DA:190,1
DA:191,1
DA:192,1
DA:193,1
DA:194,1
DA:195,1
DA:196,1
DA:197,1
DA:198,1
DA:199,1
DA:200,1
DA:201,1
DA:202,1
DA:203,1
DA:204,1
DA:205,1
DA:206,1
DA:207,1
DA:208,1
DA:209,1
DA:210,1
DA:211,1
DA:212,1
DA:213,1
DA:214,1
DA:215,1
DA:216,1
DA:217,1
DA:218,1
DA:219,1
DA:220,1
DA:221,1
DA:222,1
DA:223,1
DA:224,1
DA:225,1
DA:226,1
DA:227,1
DA:228,1
DA:229,1
DA:230,1
DA:231,1
DA:232,1
DA:233,1
DA:234,1
DA:235,1
DA:236,1
DA:237,1
DA:238,1
DA:239,1
DA:240,1
DA:241,3
DA:242,3
DA:243,3
DA:244,3
DA:245,3
DA:246,3
DA:247,3
DA:248,3
DA:249,3
DA:250,3
DA:251,3
DA:252,3
DA:253,3
DA:254,3
DA:255,3
DA:256,3
DA:257,3
DA:258,3
DA:259,3
DA:260,2
DA:261,2
DA:262,2
DA:263,2
DA:264,2
DA:265,2
DA:266,2
DA:267,1
DA:268,1
DA:269,1
DA:270,1
DA:271,2
DA:272,2
DA:273,2
DA:274,2
DA:275,2
DA:276,2
DA:277,2
DA:278,2
DA:279,2
DA:280,2
DA:281,2
DA:282,2
DA:283,2
DA:284,2
DA:285,2
DA:286,2
DA:287,1
DA:288,1
DA:289,1
DA:290,1
DA:291,1
DA:292,1
DA:293,1
DA:294,1
DA:295,1
DA:296,1
DA:297,1
DA:298,1
DA:299,1
DA:300,1
DA:301,1
DA:302,1
DA:303,1
DA:304,1
DA:305,1
DA:306,1
DA:307,1
DA:308,1
DA:309,1
DA:310,1
DA:311,1
DA:312,1
DA:313,1
DA:314,1
DA:315,1
DA:316,1
DA:317,1
DA:318,1
DA:319,2
DA:320,3
DA:321,3
LF:321
LH:321
BRDA:2,0,0,2
BRDA:7,1,0,1
BRDA:240,2,0,3
BRDA:259,3,0,2
BRDA:262,4,0,0
BRDA:263,5,0,0
BRDA:266,6,0,1
BRDA:271,7,0,0
BRDA:286,8,0,1
BRDA:265,9,0,2
BRDA:287,10,0,1
BRF:11
BRH:8
end_of_record
TN:
SF:src/tools/getGraph.ts
FN:4,__name
FN:4,registerGetGraphTool
FNF:2
FNH:2
FNDA:1,__name
FNDA:2,registerGetGraphTool
DA:1,1
DA:2,1
DA:3,1
DA:4,1
DA:5,2
DA:6,2
DA:7,2
DA:8,2
DA:9,1
DA:10,1
DA:11,1
DA:12,2
DA:13,2
LF:13
LH:13
BRDA:4,0,0,1
BRDA:4,1,0,2
BRDA:8,2,0,1
BRF:3
BRH:3
end_of_record
TN:
SF:src/tools/getProgressOverview.ts
FN:2,__name
FN:5,registerGetProgressOverviewTool
FNF:2
FNH:2
FNDA:1,__name
FNDA:3,registerGetProgressOverviewTool
DA:1,1
DA:2,1
DA:3,1
DA:4,1
DA:5,1
DA:6,3
DA:7,3
DA:8,3
DA:9,3
DA:10,3
DA:11,3
DA:12,3
DA:13,3
DA:14,3
DA:15,3
DA:16,3
DA:17,3
DA:18,3
DA:19,3
DA:20,3
DA:21,3
DA:22,2
DA:23,2
DA:24,2
DA:25,2
DA:26,2
DA:27,2
DA:28,2
DA:29,2
DA:30,2
DA:31,1
DA:32,1
DA:33,0
DA:34,1
DA:35,1
DA:36,1
DA:37,1
DA:38,1
DA:39,1
DA:40,1
DA:41,1
DA:42,1
DA:43,1
DA:44,2
DA:45,3
DA:46,3
LF:46
LH:45
BRDA:2,0,0,1
BRDA:5,1,0,3
BRDA:21,2,0,2
BRDA:30,3,0,1
BRDA:32,4,0,0
BRF:5
BRH:4
end_of_record
TN:
SF:src/tools/getReportFullContext.ts
FN:2,__name
FN:5,registerGetReportFullContextTool
FNF:2
FNH:2
FNDA:1,__name
FNDA:2,registerGetReportFullContextTool
DA:1,1
DA:2,1
DA:3,1
DA:4,1
DA:5,1
DA:6,2
DA:7,2
DA:8,2
DA:9,2
DA:10,2
DA:11,2
DA:12,2
DA:13,2
DA:14,2
DA:15,2
DA:16,2
DA:17,2
DA:18,2
DA:19,0
DA:20,0
DA:21,2
DA:22,2
DA:23,2
DA:24,1
DA:25,1
DA:26,2
DA:27,2
DA:28,0
DA:29,0
DA:30,0
DA:31,0
DA:32,2
DA:33,1
DA:34,1
DA:35,2
DA:36,0
DA:37,0
DA:38,2
DA:39,2
DA:40,1
DA:41,1
DA:42,1
DA:43,1
DA:44,1
DA:45,1
DA:46,1
DA:47,1
DA:48,1
DA:49,1
DA:50,1
DA:51,1
DA:52,1
DA:53,2
DA:54,2
DA:55,2
DA:56,2
DA:57,1
DA:58,1
DA:59,1
DA:60,1
DA:61,1
DA:62,1
DA:63,1
DA:64,2
DA:65,2
DA:66,2
DA:67,2
DA:68,2
DA:69,2
DA:70,2
DA:71,2
DA:72,2
DA:73,2
DA:74,2
DA:75,2
DA:76,1
DA:77,1
DA:78,1
DA:79,1
DA:80,1
DA:81,1
DA:82,1
DA:83,2
DA:84,2
DA:85,2
DA:86,2
DA:87,2
DA:88,2
DA:89,2
DA:90,2
DA:91,2
DA:92,2
DA:93,2
LF:93
LH:85
BRDA:2,0,0,1
BRDA:5,1,0,2
BRDA:17,2,0,2
BRDA:18,3,0,1
BRDA:18,4,0,0
BRDA:23,5,0,1
BRDA:27,6,0,0
BRDA:32,7,0,1
BRDA:35,8,0,0
BRDA:39,9,0,1
BRDA:53,10,0,0
BRDA:40,11,0,1
BRDA:56,12,0,1
BRDA:75,13,0,1
BRF:14
BRH:10
end_of_record
TN:
SF:src/tools/getReportWeakSubjects.ts
FN:2,__name
FN:5,registerGetReportWeakSubjectsTool
FNF:2
FNH:2
FNDA:1,__name
FNDA:2,registerGetReportWeakSubjectsTool
DA:1,1
DA:2,1
DA:3,1
DA:4,1
DA:5,1
DA:6,2
DA:7,2
DA:8,2
DA:9,2
DA:10,2
DA:11,2
DA:12,2
DA:13,2
DA:14,2
DA:15,2
DA:16,2
DA:17,2
DA:18,2
DA:19,2
DA:20,2
DA:21,1
DA:22,1
DA:23,1
DA:24,1
DA:25,1
DA:26,1
DA:27,0
DA:28,2
DA:29,2
DA:30,0
DA:31,0
DA:32,0
DA:33,0
DA:34,2
DA:35,0
DA:36,0
DA:37,2
DA:38,0
DA:39,0
DA:40,2
DA:41,2
DA:42,1
DA:43,1
DA:44,1
DA:45,1
DA:46,1
DA:47,1
DA:48,1
DA:49,1
DA:50,1
DA:51,1
DA:52,1
DA:53,1
DA:54,1
DA:55,1
DA:56,1
DA:57,1
DA:58,1
DA:59,1
DA:60,1
DA:61,1
DA:62,1
DA:63,1
DA:64,1
DA:65,1
DA:66,1
DA:67,1
DA:68,1
DA:69,1
DA:70,1
DA:71,1
DA:72,1
DA:73,1
DA:74,1
DA:75,1
DA:76,1
DA:77,1
DA:78,1
DA:79,1
DA:80,1
DA:81,1
DA:82,1
DA:83,1
DA:84,1
DA:85,1
DA:86,1
DA:87,1
DA:88,1
DA:89,2
DA:90,2
DA:91,2
LF:91
LH:82
BRDA:2,0,0,1
BRDA:5,1,0,2
BRDA:19,2,0,2
BRDA:20,3,0,1
BRDA:20,4,0,1
BRDA:26,5,0,0
BRDA:29,6,0,0
BRDA:34,7,0,1
BRDA:34,8,0,0
BRDA:37,9,0,1
BRDA:37,10,0,0
BRDA:41,11,0,1
BRDA:43,12,0,1
BRDA:45,13,0,1
BRDA:55,14,0,1
BRDA:73,15,0,1
BRF:16
BRH:12
end_of_record
TN:
SF:src/tools/helpTools.ts
FN:2,__name
FN:5,registerHelpTools
FNF:2
FNH:2
FNDA:1,__name
FNDA:2,registerHelpTools
DA:1,1
DA:2,1
DA:3,1
DA:4,1
DA:5,1
DA:6,2
DA:7,2
DA:8,2
DA:9,2
DA:10,2
DA:11,2
DA:12,2
DA:13,2
DA:14,2
DA:15,2
DA:16,2
DA:17,2
DA:18,2
DA:19,2
DA:20,2
DA:21,2
DA:22,2
DA:23,2
DA:24,2
DA:25,2
DA:26,2
DA:27,2
DA:28,2
DA:29,2
DA:30,2
DA:31,2
DA:32,2
DA:33,2
DA:34,2
DA:35,2
DA:36,2
DA:37,2
DA:38,2
DA:39,2
DA:40,2
DA:41,2
DA:42,2
DA:43,2
DA:44,2
DA:45,2
DA:46,2
DA:47,2
DA:48,0
DA:49,2
DA:50,2
DA:51,1
DA:52,1
DA:53,1
DA:54,1
DA:55,1
DA:56,1
DA:57,1
DA:58,1
DA:59,1
DA:60,1
DA:61,1
DA:62,1
DA:63,1
DA:64,2
DA:65,2
DA:66,2
LF:66
LH:65
BRDA:2,0,0,1
BRDA:5,1,0,2
BRDA:14,2,0,2
BRDA:47,3,0,0
BRDA:50,4,0,1
BRDA:47,5,0,14
BRF:6
BRH:5
end_of_record
TN:
SF:src/tools/regenerateReport.ts
FN:2,__name
FN:5,registerRegenerateReportTool
FNF:2
FNH:2
FNDA:1,__name
FNDA:2,registerRegenerateReportTool
DA:1,1
DA:2,1
DA:3,1
DA:4,1
DA:5,1
DA:6,2
DA:7,2
DA:8,2
DA:9,2
DA:10,1
DA:11,1
DA:12,1
DA:13,1
DA:14,1
DA:15,1
DA:16,1
DA:17,1
DA:18,1
DA:19,1
DA:20,1
DA:21,1
DA:22,1
DA:23,1
DA:24,1
DA:25,1
DA:26,1
DA:27,1
DA:28,1
DA:29,1
DA:30,1
DA:31,1
DA:32,1
DA:33,1
DA:34,1
DA:35,1
DA:36,1
DA:37,2
DA:38,2
LF:38
LH:38
BRDA:2,0,0,1
BRDA:5,1,0,2
BRDA:9,2,0,1
BRDA:12,3,0,0
BRDA:13,4,0,0
BRDA:31,5,0,0
BRDA:32,6,0,0
BRDA:17,7,0,1
BRDA:31,8,0,1
BRF:9
BRH:5
end_of_record
TN:
SF:src/tools/registerAllTools.ts
FN:3,__name
FN:12,registerAllTools
FNF:2
FNH:2
FNDA:1,__name
FNDA:1,registerAllTools
DA:1,1
DA:2,1
DA:3,1
DA:4,1
DA:5,1
DA:6,1
DA:7,1
DA:8,1
DA:9,1
DA:10,1
DA:11,1
DA:12,1
DA:13,1
DA:14,1
DA:15,1
DA:16,1
DA:17,1
DA:18,1
DA:19,1
DA:20,1
DA:21,1
LF:21
LH:21
BRDA:3,0,0,1
BRDA:12,1,0,1
BRF:2
BRH:2
end_of_record
TN:
SF:src/tools/serverStatus.ts
FN:4,__name
FN:4,registerServerStatusTool
FNF:2
FNH:2
FNDA:1,__name
FNDA:2,registerServerStatusTool
DA:1,1
DA:2,1
DA:3,1
DA:4,1
DA:5,2
DA:6,2
DA:7,2
DA:8,2
DA:9,1
DA:10,1
DA:11,1
DA:12,1
DA:13,1
DA:14,1
DA:15,1
DA:16,1
DA:17,1
DA:18,1
DA:19,1
DA:20,1
DA:21,1
DA:22,1
DA:23,1
DA:24,1
DA:25,1
DA:26,1
DA:27,1
DA:28,1
DA:29,1
DA:30,1
DA:31,1
DA:32,1
DA:33,1
DA:34,1
DA:35,1
DA:36,1
DA:37,1
DA:38,1
DA:39,1
DA:40,1
DA:41,1
DA:42,1
DA:43,2
DA:44,2
LF:44
LH:44
BRDA:4,0,0,1
BRDA:4,1,0,2
BRDA:8,2,0,1
BRDA:20,3,0,0
BRDA:11,4,0,1
BRF:5
BRH:4
end_of_record
